10:06:16.427 [Test worker] INFO  manager.ApplicationManager - Chrome Driver was opened
10:06:19.831 [Test worker] INFO  manager.ApplicationManager - Current URL --> https://ilcarro-1578153671498.web.app/search
10:06:19.860 [Test worker] INFO  TestBase - START TEST WITH NAME: addCarSuccessDP
10:06:24.941 [Test worker] INFO  manager.ListenerWD - After FInd Elements By -->By.xpath: //*[text()=' Logout ']
10:06:24.941 [Test worker] INFO  manager.ListenerWD - List size is-->0
10:06:24.942 [Test worker] INFO  manager.ListenerWD - Before Find Elements By -->By.xpath: //*[text()=' Log in ']
10:06:24.978 [Test worker] INFO  manager.ListenerWD - After Find Element by --> By.xpath: //*[text()=' Log in ']
10:06:25.222 [Test worker] INFO  manager.ListenerWD - Before Find Elements By -->By.id: email
10:06:25.236 [Test worker] INFO  manager.ListenerWD - After Find Element by --> By.id: email
10:06:25.765 [Test worker] INFO  manager.ListenerWD - Before Find Elements By -->By.id: password
10:06:25.788 [Test worker] INFO  manager.ListenerWD - After Find Element by --> By.id: password
10:06:26.362 [Test worker] INFO  manager.ListenerWD - Before Find Elements By -->By.xpath: //button[@type='submit']
10:06:26.404 [Test worker] INFO  manager.ListenerWD - After Find Element by --> By.xpath: //button[@type='submit']
10:06:26.523 [Test worker] INFO  manager.ListenerWD - Before Find Elements By -->By.xpath: //button[@type='submit']
10:06:26.552 [Test worker] INFO  manager.ListenerWD - After Find Element by --> By.xpath: //button[@type='submit']
10:06:28.994 [Test worker] INFO  manager.ListenerWD - After FInd Elements By -->By.xpath: //button[text()='Ok']
10:06:28.994 [Test worker] INFO  manager.ListenerWD - List size is-->1
10:06:28.994 [Test worker] INFO  manager.ListenerWD - Before Find Elements By -->By.xpath: //button[text()='Ok']
10:06:29.010 [Test worker] INFO  manager.ListenerWD - After Find Element by --> By.xpath: //button[text()='Ok']
10:06:29.132 [Test worker] INFO  TestBase - The test used car model : Car(location=Saratov, Russia, make=Mitsubishi, model=Outlander, year=2020, engine=2.5, fuel=Petrol, gear=AT, wD=AWD, doors=2, seats=5, carClass=C, fuelConsumption=6.5, carNumber=A992BA, price=80, distanceIncluded=5, features=200, about=4x4)
10:06:31.135 [Test worker] INFO  manager.ListenerWD - Before Find Elements By -->By.cssSelector: [href='/let-car-work']
10:06:31.167 [Test worker] INFO  manager.ListenerWD - After Find Element by --> By.cssSelector: [href='/let-car-work']
10:06:32.635 [Test worker] INFO  manager.ListenerWD - Before Find Elements By -->By.id: pickUpPlace
10:06:32.678 [Test worker] INFO  manager.ListenerWD - After Find Element by --> By.id: pickUpPlace
10:06:33.427 [Test worker] INFO  manager.ListenerWD - Before Find Elements By -->By.cssSelector: div.pac-item
10:06:33.913 [Test worker] INFO  manager.ListenerWD - After Find Element by --> By.cssSelector: div.pac-item
10:06:34.572 [Test worker] INFO  manager.ListenerWD - Before Find Elements By -->By.id: make
10:06:34.603 [Test worker] INFO  manager.ListenerWD - After Find Element by --> By.id: make
10:06:34.699 [Test worker] INFO  manager.ListenerWD - Before Find Elements By -->By.id: model
10:06:34.714 [Test worker] INFO  manager.ListenerWD - After Find Element by --> By.id: model
10:06:34.783 [Test worker] INFO  manager.ListenerWD - Before Find Elements By -->By.id: year
10:06:34.840 [Test worker] INFO  manager.ListenerWD - After Find Element by --> By.id: year
10:06:35.423 [Test worker] INFO  manager.ListenerWD - Before Find Elements By -->By.id: engine
10:06:35.432 [Test worker] INFO  manager.ListenerWD - After Find Element by --> By.id: engine
10:06:35.538 [Test worker] INFO  manager.ListenerWD - Before Find Elements By -->By.id: fuel
10:06:35.548 [Test worker] INFO  manager.ListenerWD - After Find Element by --> By.id: fuel
10:06:35.648 [Test worker] INFO  manager.ListenerWD - Before Find Elements By -->By.id: gear
10:06:35.661 [Test worker] INFO  manager.ListenerWD - After Find Element by --> By.id: gear
10:06:35.771 [Test worker] INFO  manager.ListenerWD - Before Find Elements By -->By.id: wheelsDrive
10:06:35.786 [Test worker] INFO  manager.ListenerWD - After Find Element by --> By.id: wheelsDrive
10:06:35.977 [Test worker] INFO  manager.ListenerWD - Before Find Elements By -->By.id: doors
10:06:35.988 [Test worker] INFO  manager.ListenerWD - After Find Element by --> By.id: doors
10:06:36.065 [Test worker] INFO  manager.ListenerWD - Before Find Elements By -->By.id: seats
10:06:36.075 [Test worker] INFO  manager.ListenerWD - After Find Element by --> By.id: seats
10:06:36.152 [Test worker] INFO  manager.ListenerWD - Before Find Elements By -->By.id: class
10:06:36.163 [Test worker] INFO  manager.ListenerWD - After Find Element by --> By.id: class
10:06:36.272 [Test worker] INFO  manager.ListenerWD - Before Find Elements By -->By.id: fuelConsumption
10:06:36.284 [Test worker] INFO  manager.ListenerWD - After Find Element by --> By.id: fuelConsumption
10:06:36.404 [Test worker] INFO  manager.ListenerWD - Before Find Elements By -->By.id: serialNumber
10:06:36.414 [Test worker] INFO  manager.ListenerWD - After Find Element by --> By.id: serialNumber
10:06:36.719 [Test worker] INFO  manager.ListenerWD - Before Find Elements By -->By.id: price
10:06:36.731 [Test worker] INFO  manager.ListenerWD - After Find Element by --> By.id: price
10:06:36.804 [Test worker] INFO  manager.ListenerWD - Before Find Elements By -->By.id: distance
10:06:36.814 [Test worker] INFO  manager.ListenerWD - After Find Element by --> By.id: distance
10:06:37.220 [Test worker] INFO  manager.ListenerWD - Before Find Elements By -->By.cssSelector: .feature-input
10:06:37.235 [Test worker] INFO  manager.ListenerWD - After Find Element by --> By.cssSelector: .feature-input
10:06:37.335 [Test worker] INFO  manager.ListenerWD - Before Find Elements By -->By.id: about
10:06:37.345 [Test worker] INFO  manager.ListenerWD - After Find Element by --> By.id: about
10:06:37.537 [Test worker] INFO  manager.ListenerWD - Before Find Elements By -->By.id: photos
10:06:37.548 [Test worker] INFO  manager.ListenerWD - After Find Element by --> By.id: photos
10:06:37.796 [Test worker] INFO  manager.ListenerWD - Before Find Elements By -->By.xpath: //button[@type='submit']
10:06:37.829 [Test worker] INFO  manager.ListenerWD - After Find Element by --> By.xpath: //button[@type='submit']
10:06:39.434 [Test worker] INFO  manager.ListenerWD - Before Find Elements By -->By.xpath: //button[@type='submit']
10:06:39.452 [Test worker] INFO  manager.ListenerWD - After Find Element by --> By.xpath: //button[@type='submit']
10:06:39.561 [Test worker] INFO  manager.ListenerWD - Before Find Elements By -->By.cssSelector: div.dialog-container
10:06:40.863 [Test worker] INFO  manager.ListenerWD - After Find Element by --> By.cssSelector: div.dialog-container
10:06:40.873 [Test worker] INFO  manager.ListenerWD - Before Find Elements By -->By.cssSelector: div.dialog-container>h1
10:06:40.885 [Test worker] INFO  manager.ListenerWD - After Find Element by --> By.cssSelector: div.dialog-container>h1
10:06:40.899 [Test worker] INFO  TestBase - In assert checked message 'Car added' in dialog  
10:06:40.900 [Test worker] INFO  manager.ListenerWD - Before Find Elements By -->By.xpath: //button[text()='Search cars']
10:06:40.920 [Test worker] INFO  manager.ListenerWD - After Find Element by --> By.xpath: //button[text()='Search cars']
10:06:41.012 [Test worker] INFO  TestBase - START TEST WITH NAME: addCarSuccessDP
10:06:41.021 [Test worker] INFO  manager.ListenerWD - After FInd Elements By -->By.xpath: //*[text()=' Logout ']
10:06:41.021 [Test worker] INFO  manager.ListenerWD - List size is-->1
10:06:41.022 [Test worker] INFO  TestBase - The test used car model : Car(location=Rehovot, Israel, make=Mercedes, model=AMG, year=2018, engine=5.0, fuel=Petrol, gear=AT, wD=AWD, doors=4, seats=5, carClass=C, fuelConsumption=4.6, carNumber=884-387-98, price=20, distanceIncluded=5, features=500, about=Features)
10:06:43.027 [Test worker] INFO  manager.ListenerWD - Before Find Elements By -->By.cssSelector: [href='/let-car-work']
10:06:43.043 [Test worker] INFO  manager.ListenerWD - After Find Element by --> By.cssSelector: [href='/let-car-work']
10:06:43.100 [Test worker] INFO  manager.ListenerWD - Before Find Elements By -->By.id: pickUpPlace
10:06:43.120 [Test worker] INFO  manager.ListenerWD - After Find Element by --> By.id: pickUpPlace
10:06:43.524 [Test worker] INFO  manager.ListenerWD - Before Find Elements By -->By.cssSelector: div.pac-item
10:06:43.811 [Test worker] INFO  manager.ListenerWD - After Find Element by --> By.cssSelector: div.pac-item
10:06:44.348 [Test worker] INFO  manager.ListenerWD - Before Find Elements By -->By.id: make
10:06:44.366 [Test worker] INFO  manager.ListenerWD - After Find Element by --> By.id: make
10:06:44.499 [Test worker] INFO  manager.ListenerWD - Before Find Elements By -->By.id: model
10:06:44.507 [Test worker] INFO  manager.ListenerWD - After Find Element by --> By.id: model
10:06:44.776 [Test worker] INFO  manager.ListenerWD - Before Find Elements By -->By.id: year
10:06:44.784 [Test worker] INFO  manager.ListenerWD - After Find Element by --> By.id: year
10:06:44.871 [Test worker] INFO  manager.ListenerWD - Before Find Elements By -->By.id: engine
10:06:44.879 [Test worker] INFO  manager.ListenerWD - After Find Element by --> By.id: engine
10:06:44.971 [Test worker] INFO  manager.ListenerWD - Before Find Elements By -->By.id: fuel
10:06:44.978 [Test worker] INFO  manager.ListenerWD - After Find Element by --> By.id: fuel
10:06:45.031 [Test worker] INFO  manager.ListenerWD - Before Find Elements By -->By.id: gear
10:06:45.039 [Test worker] INFO  manager.ListenerWD - After Find Element by --> By.id: gear
10:06:45.239 [Test worker] INFO  manager.ListenerWD - Before Find Elements By -->By.id: wheelsDrive
10:06:45.261 [Test worker] INFO  manager.ListenerWD - After Find Element by --> By.id: wheelsDrive
10:06:45.366 [Test worker] INFO  manager.ListenerWD - Before Find Elements By -->By.id: doors
10:06:45.373 [Test worker] INFO  manager.ListenerWD - After Find Element by --> By.id: doors
10:06:45.445 [Test worker] INFO  manager.ListenerWD - Before Find Elements By -->By.id: seats
10:06:45.452 [Test worker] INFO  manager.ListenerWD - After Find Element by --> By.id: seats
10:06:45.523 [Test worker] INFO  manager.ListenerWD - Before Find Elements By -->By.id: class
10:06:45.530 [Test worker] INFO  manager.ListenerWD - After Find Element by --> By.id: class
10:06:45.695 [Test worker] INFO  manager.ListenerWD - Before Find Elements By -->By.id: fuelConsumption
10:06:45.735 [Test worker] INFO  manager.ListenerWD - After Find Element by --> By.id: fuelConsumption
10:06:45.821 [Test worker] INFO  manager.ListenerWD - Before Find Elements By -->By.id: serialNumber
10:06:45.878 [Test worker] INFO  manager.ListenerWD - After Find Element by --> By.id: serialNumber
10:06:45.981 [Test worker] INFO  manager.ListenerWD - Before Find Elements By -->By.id: price
10:06:45.988 [Test worker] INFO  manager.ListenerWD - After Find Element by --> By.id: price
10:06:46.093 [Test worker] INFO  manager.ListenerWD - Before Find Elements By -->By.id: distance
10:06:46.100 [Test worker] INFO  manager.ListenerWD - After Find Element by --> By.id: distance
10:06:46.186 [Test worker] INFO  manager.ListenerWD - Before Find Elements By -->By.cssSelector: .feature-input
10:06:46.192 [Test worker] INFO  manager.ListenerWD - After Find Element by --> By.cssSelector: .feature-input
10:06:46.255 [Test worker] INFO  manager.ListenerWD - Before Find Elements By -->By.id: about
10:06:46.261 [Test worker] INFO  manager.ListenerWD - After Find Element by --> By.id: about
10:06:46.322 [Test worker] INFO  manager.ListenerWD - Before Find Elements By -->By.id: photos
10:06:46.328 [Test worker] INFO  manager.ListenerWD - After Find Element by --> By.id: photos
10:06:46.357 [Test worker] INFO  manager.ListenerWD - Before Find Elements By -->By.xpath: //button[@type='submit']
10:06:46.364 [Test worker] INFO  manager.ListenerWD - After Find Element by --> By.xpath: //button[@type='submit']
10:06:48.077 [Test worker] INFO  manager.ListenerWD - Before Find Elements By -->By.xpath: //button[@type='submit']
10:06:48.087 [Test worker] INFO  manager.ListenerWD - After Find Element by --> By.xpath: //button[@type='submit']
10:06:48.124 [Test worker] INFO  manager.ListenerWD - Before Find Elements By -->By.cssSelector: div.dialog-container
10:06:49.334 [Test worker] INFO  manager.ListenerWD - After Find Element by --> By.cssSelector: div.dialog-container
10:06:49.867 [Test worker] INFO  manager.ListenerWD - Before Find Elements By -->By.cssSelector: div.dialog-container>h1
10:06:49.879 [Test worker] INFO  manager.ListenerWD - After Find Element by --> By.cssSelector: div.dialog-container>h1
10:06:49.909 [Test worker] INFO  TestBase - In assert checked message 'Car added' in dialog  
10:06:49.910 [Test worker] INFO  manager.ListenerWD - Before Find Elements By -->By.xpath: //button[text()='Search cars']
10:06:49.920 [Test worker] INFO  manager.ListenerWD - After Find Element by --> By.xpath: //button[text()='Search cars']
10:06:49.955 [Test worker] INFO  TestBase - START TEST WITH NAME: addCarSuccessDP
10:06:49.963 [Test worker] INFO  manager.ListenerWD - After FInd Elements By -->By.xpath: //*[text()=' Logout ']
10:06:49.963 [Test worker] INFO  manager.ListenerWD - List size is-->1
10:06:49.963 [Test worker] INFO  TestBase - The test used car model : Car(location=Tel-Aviv, Israel, make=Kia, model=Rio, year=2016, engine=2.5, fuel=Petrol, gear=AT, wD=AWD, doors=4, seats=5, carClass=C, fuelConsumption=6.5, carNumber=758-487-42, price=40, distanceIncluded=5, features=1000, about=Features)
10:06:51.968 [Test worker] INFO  manager.ListenerWD - Before Find Elements By -->By.cssSelector: [href='/let-car-work']
10:06:51.988 [Test worker] INFO  manager.ListenerWD - After Find Element by --> By.cssSelector: [href='/let-car-work']
10:06:52.048 [Test worker] INFO  manager.ListenerWD - Before Find Elements By -->By.id: pickUpPlace
10:06:52.056 [Test worker] INFO  manager.ListenerWD - After Find Element by --> By.id: pickUpPlace
10:06:52.171 [Test worker] INFO  manager.ListenerWD - Before Find Elements By -->By.cssSelector: div.pac-item
10:06:52.438 [Test worker] INFO  manager.ListenerWD - After Find Element by --> By.cssSelector: div.pac-item
10:06:53.020 [Test worker] INFO  manager.ListenerWD - Before Find Elements By -->By.id: make
10:06:53.039 [Test worker] INFO  manager.ListenerWD - After Find Element by --> By.id: make
10:06:53.126 [Test worker] INFO  manager.ListenerWD - Before Find Elements By -->By.id: model
10:06:53.133 [Test worker] INFO  manager.ListenerWD - After Find Element by --> By.id: model
10:06:53.207 [Test worker] INFO  manager.ListenerWD - Before Find Elements By -->By.id: year
10:06:53.213 [Test worker] INFO  manager.ListenerWD - After Find Element by --> By.id: year
10:06:53.315 [Test worker] INFO  manager.ListenerWD - Before Find Elements By -->By.id: engine
10:06:53.321 [Test worker] INFO  manager.ListenerWD - After Find Element by --> By.id: engine
10:06:53.393 [Test worker] INFO  manager.ListenerWD - Before Find Elements By -->By.id: fuel
10:06:53.401 [Test worker] INFO  manager.ListenerWD - After Find Element by --> By.id: fuel
10:06:53.443 [Test worker] INFO  manager.ListenerWD - Before Find Elements By -->By.id: gear
10:06:53.451 [Test worker] INFO  manager.ListenerWD - After Find Element by --> By.id: gear
10:06:53.492 [Test worker] INFO  manager.ListenerWD - Before Find Elements By -->By.id: wheelsDrive
10:06:53.500 [Test worker] INFO  manager.ListenerWD - After Find Element by --> By.id: wheelsDrive
10:06:53.537 [Test worker] INFO  manager.ListenerWD - Before Find Elements By -->By.id: doors
10:06:53.545 [Test worker] INFO  manager.ListenerWD - After Find Element by --> By.id: doors
10:06:53.616 [Test worker] INFO  manager.ListenerWD - Before Find Elements By -->By.id: seats
10:06:53.622 [Test worker] INFO  manager.ListenerWD - After Find Element by --> By.id: seats
10:06:53.702 [Test worker] INFO  manager.ListenerWD - Before Find Elements By -->By.id: class
10:06:53.709 [Test worker] INFO  manager.ListenerWD - After Find Element by --> By.id: class
10:06:53.773 [Test worker] INFO  manager.ListenerWD - Before Find Elements By -->By.id: fuelConsumption
10:06:53.779 [Test worker] INFO  manager.ListenerWD - After Find Element by --> By.id: fuelConsumption
10:06:53.854 [Test worker] INFO  manager.ListenerWD - Before Find Elements By -->By.id: serialNumber
10:06:53.866 [Test worker] INFO  manager.ListenerWD - After Find Element by --> By.id: serialNumber
10:06:53.978 [Test worker] INFO  manager.ListenerWD - Before Find Elements By -->By.id: price
10:06:54.019 [Test worker] INFO  manager.ListenerWD - After Find Element by --> By.id: price
10:06:54.139 [Test worker] INFO  manager.ListenerWD - Before Find Elements By -->By.id: distance
10:06:54.146 [Test worker] INFO  manager.ListenerWD - After Find Element by --> By.id: distance
10:06:54.219 [Test worker] INFO  manager.ListenerWD - Before Find Elements By -->By.cssSelector: .feature-input
10:06:54.225 [Test worker] INFO  manager.ListenerWD - After Find Element by --> By.cssSelector: .feature-input
10:06:54.288 [Test worker] INFO  manager.ListenerWD - Before Find Elements By -->By.id: about
10:06:54.295 [Test worker] INFO  manager.ListenerWD - After Find Element by --> By.id: about
10:06:54.475 [Test worker] INFO  manager.ListenerWD - Before Find Elements By -->By.id: photos
10:06:54.483 [Test worker] INFO  manager.ListenerWD - After Find Element by --> By.id: photos
10:06:54.509 [Test worker] INFO  manager.ListenerWD - Before Find Elements By -->By.xpath: //button[@type='submit']
10:06:54.517 [Test worker] INFO  manager.ListenerWD - After Find Element by --> By.xpath: //button[@type='submit']
10:06:56.155 [Test worker] INFO  manager.ListenerWD - Before Find Elements By -->By.xpath: //button[@type='submit']
10:06:56.163 [Test worker] INFO  manager.ListenerWD - After Find Element by --> By.xpath: //button[@type='submit']
10:06:56.191 [Test worker] INFO  manager.ListenerWD - Before Find Elements By -->By.cssSelector: div.dialog-container
10:06:57.344 [Test worker] INFO  manager.ListenerWD - After Find Element by --> By.cssSelector: div.dialog-container
10:06:57.354 [Test worker] INFO  manager.ListenerWD - Before Find Elements By -->By.cssSelector: div.dialog-container>h1
10:06:57.361 [Test worker] INFO  manager.ListenerWD - After Find Element by --> By.cssSelector: div.dialog-container>h1
10:06:57.370 [Test worker] INFO  TestBase - In assert checked message 'Car added' in dialog  
10:06:57.371 [Test worker] INFO  manager.ListenerWD - Before Find Elements By -->By.xpath: //button[text()='Search cars']
10:06:57.378 [Test worker] INFO  manager.ListenerWD - After Find Element by --> By.xpath: //button[text()='Search cars']
