10:54:17.967 [Test worker] INFO  manager.ApplicationManager - Chrome Driver was opened
10:54:22.427 [Test worker] INFO  manager.ApplicationManager - Current URL --> https://ilcarro-1578153671498.web.app/search
10:54:22.449 [Test worker] INFO  TestBase - START TEST WITH NAME: searchNextMonthSuccess
10:54:22.451 [Test worker] INFO  manager.ListenerWD - Before Find Elements By -->By.cssSelector: #city
10:54:22.530 [Test worker] INFO  manager.ListenerWD - After Find Element by --> By.cssSelector: #city
10:54:24.421 [Test worker] INFO  manager.ListenerWD - Before Find Elements By -->By.cssSelector: div.pac-item
10:54:26.628 [Test worker] INFO  manager.ListenerWD - After Find Element by --> By.cssSelector: div.pac-item
10:54:27.368 [Test worker] INFO  manager.ListenerWD - Before Find Elements By -->By.cssSelector: [formcontrolname='dates']
10:54:27.810 [Test worker] INFO  manager.ListenerWD - After Find Element by --> By.cssSelector: [formcontrolname='dates']
10:54:28.516 [Test worker] INFO  manager.ListenerWD - After FInd Elements By -->By.xpath: //*[text()=' OCT 2022 ']
10:54:28.517 [Test worker] INFO  manager.ListenerWD - List size is-->2
10:54:28.517 [Test worker] INFO  manager.ListenerWD - Before Find Elements By -->By.xpath: //div[text()=' 25 ']
10:54:28.529 [Test worker] INFO  manager.ListenerWD - After Find Element by --> By.xpath: //div[text()=' 25 ']
10:54:28.652 [Test worker] INFO  manager.ListenerWD - Before Find Elements By -->By.xpath: //div[text()=' 30 ']
10:54:28.665 [Test worker] INFO  manager.ListenerWD - After Find Element by --> By.xpath: //div[text()=' 30 ']
10:54:29.404 [Test worker] INFO  manager.ListenerWD - Before Find Elements By -->By.xpath: //button[@type='submit']
10:54:29.436 [Test worker] INFO  manager.ListenerWD - After Find Element by --> By.xpath: //button[@type='submit']
10:54:29.501 [Test worker] INFO  manager.ListenerWD - Before Find Elements By -->By.xpath: //button[@type='submit']
10:54:29.510 [Test worker] INFO  manager.ListenerWD - After Find Element by --> By.xpath: //button[@type='submit']
10:54:31.570 [Test worker] INFO  manager.ListenerWD - After FInd Elements By -->By.cssSelector: .car-img-container
10:54:31.571 [Test worker] INFO  manager.ListenerWD - List size is-->1
