20:13:19.584 [Test worker] INFO  manager.ApplicationManager - Chrome Driver was opened
20:13:22.076 [Test worker] INFO  manager.ApplicationManager - Current URL --> https://ilcarro-1578153671498.web.app/search
20:13:22.100 [Test worker] INFO  TestBase - START TEST WITH NAME: searchAnyPeriod
20:13:22.102 [Test worker] INFO  manager.ListenerWD - Before Find Elements By -->By.cssSelector: #city
20:13:22.185 [Test worker] INFO  manager.ListenerWD - After Find Element by --> By.cssSelector: #city
20:13:22.872 [Test worker] INFO  manager.ListenerWD - Before Find Elements By -->By.cssSelector: div.pac-item
20:13:23.907 [Test worker] INFO  manager.ListenerWD - After Find Element by --> By.cssSelector: div.pac-item
20:13:24.859 [Test worker] INFO  manager.ListenerWD - Before Find Elements By -->By.cssSelector: #dates
20:13:24.946 [Test worker] INFO  manager.ListenerWD - After Find Element by --> By.cssSelector: #dates
20:13:26.559 [Test worker] INFO  manager.HelperBase - Day of month--> 20
20:13:26.559 [Test worker] INFO  manager.HelperBase - Month value--> 10
20:13:26.560 [Test worker] INFO  manager.HelperBase - Year--> 2022
20:13:26.560 [Test worker] INFO  manager.ListenerWD - Before Find Elements By -->By.cssSelector: button[aria-label='Next month']
20:13:27.328 [Test worker] INFO  manager.ListenerWD - After Find Element by --> By.cssSelector: button[aria-label='Next month']
20:13:27.542 [Test worker] INFO  manager.ListenerWD - Before Find Elements By -->By.xpath: //div[text()=' 20 ']
20:13:27.615 [Test worker] INFO  manager.ListenerWD - After Find Element by --> By.xpath: //div[text()=' 20 ']
20:13:27.876 [Test worker] INFO  manager.ListenerWD - Before Find Elements By -->By.cssSelector: button[aria-label='Next month']
20:13:28.140 [Test worker] INFO  manager.ListenerWD - After Find Element by --> By.cssSelector: button[aria-label='Next month']
20:13:28.794 [Test worker] INFO  manager.ListenerWD - Before Find Elements By -->By.xpath: //div[text()=' 10 ']
20:13:28.806 [Test worker] INFO  manager.ListenerWD - After Find Element by --> By.xpath: //div[text()=' 10 ']
20:13:28.922 [Test worker] INFO  manager.ListenerWD - Before Find Elements By -->By.xpath: //button[@type='submit']
20:13:28.939 [Test worker] INFO  manager.ListenerWD - After Find Element by --> By.xpath: //button[@type='submit']
20:13:28.980 [Test worker] INFO  manager.ListenerWD - Before Find Elements By -->By.xpath: //button[@type='submit']
20:13:28.989 [Test worker] INFO  manager.ListenerWD - After Find Element by --> By.xpath: //button[@type='submit']
20:13:34.654 [Test worker] INFO  manager.ListenerWD - After FInd Elements By -->By.cssSelector: .car-img-container
20:13:34.654 [Test worker] INFO  manager.ListenerWD - List size is-->0
