20:15:21.626 [Test worker] INFO  manager.ApplicationManager - Chrome Driver was opened
20:15:25.100 [Test worker] INFO  manager.ApplicationManager - Current URL --> https://ilcarro-1578153671498.web.app/search
20:15:25.124 [Test worker] INFO  TestBase - START TEST WITH NAME: searchNextMonthSuccess
20:15:25.126 [Test worker] INFO  manager.ListenerWD - Before Find Elements By -->By.cssSelector: #city
20:15:25.208 [Test worker] INFO  manager.ListenerWD - After Find Element by --> By.cssSelector: #city
20:15:26.226 [Test worker] INFO  manager.ListenerWD - Before Find Elements By -->By.cssSelector: div.pac-item
20:15:28.478 [Test worker] INFO  manager.ListenerWD - After Find Element by --> By.cssSelector: div.pac-item
20:15:30.226 [Test worker] INFO  manager.ListenerWD - Before Find Elements By -->By.cssSelector: [formcontrolname='dates']
20:15:30.258 [Test worker] INFO  manager.ListenerWD - After Find Element by --> By.cssSelector: [formcontrolname='dates']
20:15:31.605 [Test worker] INFO  manager.ListenerWD - After FInd Elements By -->By.cssSelector: [aria-label='Previous month']
20:15:31.605 [Test worker] INFO  manager.ListenerWD - List size is-->1
20:15:31.605 [Test worker] INFO  manager.ListenerWD - Before Find Elements By -->By.cssSelector: [aria-label='Previous month']
20:15:31.618 [Test worker] INFO  manager.ListenerWD - After Find Element by --> By.cssSelector: [aria-label='Previous month']
20:15:31.632 [Test worker] INFO  manager.ListenerWD - Before Find Elements By -->By.cssSelector: .mat-calendar-next-button
20:15:31.644 [Test worker] INFO  manager.ListenerWD - After Find Element by --> By.cssSelector: .mat-calendar-next-button
20:15:31.778 [Test worker] INFO  manager.ListenerWD - Before Find Elements By -->By.xpath: //div[text()=' 25 ']
20:15:31.850 [Test worker] INFO  manager.ListenerWD - After Find Element by --> By.xpath: //div[text()=' 25 ']
20:15:32.073 [Test worker] INFO  manager.ListenerWD - Before Find Elements By -->By.xpath: //div[text()=' 30 ']
20:15:32.133 [Test worker] INFO  manager.ListenerWD - After Find Element by --> By.xpath: //div[text()=' 30 ']
20:15:32.681 [Test worker] INFO  manager.ListenerWD - Before Find Elements By -->By.xpath: //button[@type='submit']
20:15:32.698 [Test worker] INFO  manager.ListenerWD - After Find Element by --> By.xpath: //button[@type='submit']
20:15:32.733 [Test worker] INFO  manager.ListenerWD - Before Find Elements By -->By.xpath: //button[@type='submit']
20:15:32.742 [Test worker] INFO  manager.ListenerWD - After Find Element by --> By.xpath: //button[@type='submit']
20:15:34.395 [Test worker] INFO  manager.ListenerWD - After FInd Elements By -->By.cssSelector: .car-img-container
20:15:34.395 [Test worker] INFO  manager.ListenerWD - List size is-->2
