15:46:03.668 [Test worker] INFO  manager.ApplicationManager - Chrome Driver was opened
15:46:07.820 [Test worker] INFO  manager.ApplicationManager - Current URL --> https://ilcarro-1578153671498.web.app/search
15:46:07.839 [Test worker] INFO  TestBase - START TEST WITH NAME: addCarSuccess
15:46:12.887 [Test worker] INFO  manager.ListenerWD - After FInd Elements By -->By.xpath: //*[text()=' Logout ']
15:46:12.888 [Test worker] INFO  manager.ListenerWD - List size is-->0
15:46:12.888 [Test worker] INFO  manager.ListenerWD - Before Find Elements By -->By.xpath: //*[text()=' Log in ']
15:46:12.929 [Test worker] INFO  manager.ListenerWD - After Find Element by --> By.xpath: //*[text()=' Log in ']
15:46:13.189 [Test worker] INFO  manager.ListenerWD - Before Find Elements By -->By.id: email
15:46:13.204 [Test worker] INFO  manager.ListenerWD - After Find Element by --> By.id: email
15:46:13.748 [Test worker] INFO  manager.ListenerWD - Before Find Elements By -->By.id: password
15:46:13.806 [Test worker] INFO  manager.ListenerWD - After Find Element by --> By.id: password
15:46:14.344 [Test worker] INFO  manager.ListenerWD - Before Find Elements By -->By.xpath: //button[@type='submit']
15:46:14.520 [Test worker] INFO  manager.ListenerWD - After Find Element by --> By.xpath: //button[@type='submit']
15:46:14.620 [Test worker] INFO  manager.ListenerWD - Before Find Elements By -->By.xpath: //button[@type='submit']
15:46:14.657 [Test worker] INFO  manager.ListenerWD - After Find Element by --> By.xpath: //button[@type='submit']
15:46:17.046 [Test worker] INFO  manager.ListenerWD - After FInd Elements By -->By.xpath: //button[text()='Ok']
15:46:17.046 [Test worker] INFO  manager.ListenerWD - List size is-->1
15:46:17.046 [Test worker] INFO  manager.ListenerWD - Before Find Elements By -->By.xpath: //button[text()='Ok']
15:46:17.059 [Test worker] INFO  manager.ListenerWD - After Find Element by --> By.xpath: //button[text()='Ok']
15:46:19.176 [Test worker] INFO  manager.ListenerWD - Before Find Elements By -->By.cssSelector: [href='/let-car-work']
15:46:19.209 [Test worker] INFO  manager.ListenerWD - After Find Element by --> By.cssSelector: [href='/let-car-work']
15:46:20.721 [Test worker] INFO  manager.ListenerWD - Before Find Elements By -->By.id: pickUpPlace
15:46:20.768 [Test worker] INFO  manager.ListenerWD - After Find Element by --> By.id: pickUpPlace
15:46:21.581 [Test worker] INFO  manager.ListenerWD - Before Find Elements By -->By.cssSelector: div.pac-item
15:46:22.067 [Test worker] INFO  manager.ListenerWD - After Find Element by --> By.cssSelector: div.pac-item
15:46:22.751 [Test worker] INFO  manager.ListenerWD - Before Find Elements By -->By.id: make
15:46:22.779 [Test worker] INFO  manager.ListenerWD - After Find Element by --> By.id: make
15:46:22.884 [Test worker] INFO  manager.ListenerWD - Before Find Elements By -->By.id: model
15:46:22.895 [Test worker] INFO  manager.ListenerWD - After Find Element by --> By.id: model
15:46:22.957 [Test worker] INFO  manager.ListenerWD - Before Find Elements By -->By.id: year
15:46:22.967 [Test worker] INFO  manager.ListenerWD - After Find Element by --> By.id: year
15:46:23.217 [Test worker] INFO  manager.ListenerWD - Before Find Elements By -->By.id: engine
15:46:23.321 [Test worker] INFO  manager.ListenerWD - After Find Element by --> By.id: engine
15:46:23.410 [Test worker] INFO  manager.ListenerWD - Before Find Elements By -->By.id: fuel
15:46:23.420 [Test worker] INFO  manager.ListenerWD - After Find Element by --> By.id: fuel
15:46:23.577 [Test worker] INFO  manager.ListenerWD - Before Find Elements By -->By.id: gear
15:46:23.597 [Test worker] INFO  manager.ListenerWD - After Find Element by --> By.id: gear
15:46:23.851 [Test worker] INFO  manager.ListenerWD - Before Find Elements By -->By.id: wheelsDrive
15:46:23.867 [Test worker] INFO  manager.ListenerWD - After Find Element by --> By.id: wheelsDrive
15:46:23.986 [Test worker] INFO  manager.ListenerWD - Before Find Elements By -->By.id: doors
15:46:24.014 [Test worker] INFO  manager.ListenerWD - After Find Element by --> By.id: doors
15:46:24.110 [Test worker] INFO  manager.ListenerWD - Before Find Elements By -->By.id: seats
15:46:24.119 [Test worker] INFO  manager.ListenerWD - After Find Element by --> By.id: seats
15:46:24.282 [Test worker] INFO  manager.ListenerWD - Before Find Elements By -->By.id: class
15:46:24.293 [Test worker] INFO  manager.ListenerWD - After Find Element by --> By.id: class
15:46:24.594 [Test worker] INFO  manager.ListenerWD - Before Find Elements By -->By.id: fuelConsumption
15:46:24.603 [Test worker] INFO  manager.ListenerWD - After Find Element by --> By.id: fuelConsumption
15:46:24.759 [Test worker] INFO  manager.ListenerWD - Before Find Elements By -->By.id: serialNumber
15:46:24.768 [Test worker] INFO  manager.ListenerWD - After Find Element by --> By.id: serialNumber
15:46:24.995 [Test worker] INFO  manager.ListenerWD - Before Find Elements By -->By.id: price
15:46:25.013 [Test worker] INFO  manager.ListenerWD - After Find Element by --> By.id: price
15:46:25.193 [Test worker] INFO  manager.ListenerWD - Before Find Elements By -->By.id: distance
15:46:25.202 [Test worker] INFO  manager.ListenerWD - After Find Element by --> By.id: distance
15:46:25.295 [Test worker] INFO  manager.ListenerWD - Before Find Elements By -->By.cssSelector: .feature-input
15:46:25.306 [Test worker] INFO  manager.ListenerWD - After Find Element by --> By.cssSelector: .feature-input
15:46:25.529 [Test worker] INFO  manager.ListenerWD - Before Find Elements By -->By.id: about
15:46:25.539 [Test worker] INFO  manager.ListenerWD - After Find Element by --> By.id: about
15:46:25.851 [Test worker] INFO  manager.ListenerWD - Before Find Elements By -->By.id: photos
15:46:25.867 [Test worker] INFO  manager.ListenerWD - After Find Element by --> By.id: photos
15:46:26.870 [Test worker] INFO  manager.ListenerWD - Before Find Elements By -->By.xpath: //button[@type='submit']
15:46:26.887 [Test worker] INFO  manager.ListenerWD - After Find Element by --> By.xpath: //button[@type='submit']
15:46:28.495 [Test worker] INFO  manager.ListenerWD - Before Find Elements By -->By.xpath: //button[@type='submit']
15:46:28.503 [Test worker] INFO  manager.ListenerWD - After Find Element by --> By.xpath: //button[@type='submit']
15:46:28.625 [Test worker] INFO  manager.ListenerWD - Before Find Elements By -->By.cssSelector: div.dialog-container
15:46:30.011 [Test worker] INFO  manager.ListenerWD - After Find Element by --> By.cssSelector: div.dialog-container
15:46:30.543 [Test worker] INFO  manager.ListenerWD - Before Find Elements By -->By.cssSelector: div.dialog-container>h1
15:46:30.560 [Test worker] INFO  manager.ListenerWD - After Find Element by --> By.cssSelector: div.dialog-container>h1
15:46:30.582 [Test worker] INFO  manager.ListenerWD - Before Find Elements By -->By.xpath: //button[text()='Search cars']
15:46:30.602 [Test worker] INFO  manager.ListenerWD - After Find Element by --> By.xpath: //button[text()='Search cars']
15:46:30.638 [Test worker] INFO  TestBase - START TEST WITH NAME: addCarSuccessDP
15:46:30.645 [Test worker] INFO  manager.ListenerWD - After FInd Elements By -->By.xpath: //*[text()=' Logout ']
15:46:30.645 [Test worker] INFO  manager.ListenerWD - List size is-->1
15:46:30.655 [Test worker] INFO  TestBase - The test used car model : Car(location=Saratov, Russia, make=Mitsubishi, model=Outlander, year=2020, engine=2.5, fuel=Petrol, gear=AT, wD=AWD, doors=2, seats=5, carClass=C, fuelConsumption=6.5, carNumber=A992BA, price=80, distanceIncluded=5, features=200, about=4x4)
15:46:32.661 [Test worker] INFO  manager.ListenerWD - Before Find Elements By -->By.cssSelector: [href='/let-car-work']
15:46:32.684 [Test worker] INFO  manager.ListenerWD - After Find Element by --> By.cssSelector: [href='/let-car-work']
15:46:32.742 [Test worker] INFO  manager.ListenerWD - Before Find Elements By -->By.id: pickUpPlace
15:46:32.754 [Test worker] INFO  manager.ListenerWD - After Find Element by --> By.id: pickUpPlace
15:46:33.200 [Test worker] INFO  manager.ListenerWD - Before Find Elements By -->By.cssSelector: div.pac-item
15:46:33.427 [Test worker] INFO  manager.ListenerWD - After Find Element by --> By.cssSelector: div.pac-item
15:46:33.974 [Test worker] INFO  manager.ListenerWD - Before Find Elements By -->By.id: make
15:46:33.995 [Test worker] INFO  manager.ListenerWD - After Find Element by --> By.id: make
15:46:34.214 [Test worker] INFO  manager.ListenerWD - Before Find Elements By -->By.id: model
15:46:34.291 [Test worker] INFO  manager.ListenerWD - After Find Element by --> By.id: model
15:46:34.397 [Test worker] INFO  manager.ListenerWD - Before Find Elements By -->By.id: year
15:46:34.405 [Test worker] INFO  manager.ListenerWD - After Find Element by --> By.id: year
15:46:34.487 [Test worker] INFO  manager.ListenerWD - Before Find Elements By -->By.id: engine
15:46:34.503 [Test worker] INFO  manager.ListenerWD - After Find Element by --> By.id: engine
15:46:34.644 [Test worker] INFO  manager.ListenerWD - Before Find Elements By -->By.id: fuel
15:46:34.669 [Test worker] INFO  manager.ListenerWD - After Find Element by --> By.id: fuel
15:46:34.727 [Test worker] INFO  manager.ListenerWD - Before Find Elements By -->By.id: gear
15:46:34.735 [Test worker] INFO  manager.ListenerWD - After Find Element by --> By.id: gear
15:46:34.777 [Test worker] INFO  manager.ListenerWD - Before Find Elements By -->By.id: wheelsDrive
15:46:34.786 [Test worker] INFO  manager.ListenerWD - After Find Element by --> By.id: wheelsDrive
15:46:34.828 [Test worker] INFO  manager.ListenerWD - Before Find Elements By -->By.id: doors
15:46:34.836 [Test worker] INFO  manager.ListenerWD - After Find Element by --> By.id: doors
15:46:34.937 [Test worker] INFO  manager.ListenerWD - Before Find Elements By -->By.id: seats
15:46:34.944 [Test worker] INFO  manager.ListenerWD - After Find Element by --> By.id: seats
15:46:35.108 [Test worker] INFO  manager.ListenerWD - Before Find Elements By -->By.id: class
15:46:35.147 [Test worker] INFO  manager.ListenerWD - After Find Element by --> By.id: class
15:46:35.226 [Test worker] INFO  manager.ListenerWD - Before Find Elements By -->By.id: fuelConsumption
15:46:35.234 [Test worker] INFO  manager.ListenerWD - After Find Element by --> By.id: fuelConsumption
15:46:35.323 [Test worker] INFO  manager.ListenerWD - Before Find Elements By -->By.id: serialNumber
15:46:35.330 [Test worker] INFO  manager.ListenerWD - After Find Element by --> By.id: serialNumber
15:46:35.420 [Test worker] INFO  manager.ListenerWD - Before Find Elements By -->By.id: price
15:46:35.432 [Test worker] INFO  manager.ListenerWD - After Find Element by --> By.id: price
15:46:35.522 [Test worker] INFO  manager.ListenerWD - Before Find Elements By -->By.id: distance
15:46:35.529 [Test worker] INFO  manager.ListenerWD - After Find Element by --> By.id: distance
15:46:35.605 [Test worker] INFO  manager.ListenerWD - Before Find Elements By -->By.cssSelector: .feature-input
15:46:35.612 [Test worker] INFO  manager.ListenerWD - After Find Element by --> By.cssSelector: .feature-input
15:46:35.688 [Test worker] INFO  manager.ListenerWD - Before Find Elements By -->By.id: about
15:46:35.695 [Test worker] INFO  manager.ListenerWD - After Find Element by --> By.id: about
15:46:35.767 [Test worker] INFO  manager.ListenerWD - Before Find Elements By -->By.id: photos
15:46:35.774 [Test worker] INFO  manager.ListenerWD - After Find Element by --> By.id: photos
15:46:35.846 [Test worker] INFO  manager.ListenerWD - Before Find Elements By -->By.xpath: //button[@type='submit']
15:46:35.947 [Test worker] INFO  manager.ListenerWD - After Find Element by --> By.xpath: //button[@type='submit']
15:46:37.562 [Test worker] INFO  manager.ListenerWD - Before Find Elements By -->By.xpath: //button[@type='submit']
15:46:37.575 [Test worker] INFO  manager.ListenerWD - After Find Element by --> By.xpath: //button[@type='submit']
15:46:37.637 [Test worker] INFO  manager.ListenerWD - Before Find Elements By -->By.cssSelector: div.dialog-container
15:46:38.075 [Test worker] INFO  manager.ListenerWD - After Find Element by --> By.cssSelector: div.dialog-container
15:46:38.084 [Test worker] INFO  manager.ListenerWD - Before Find Elements By -->By.cssSelector: div.dialog-container>h1
15:46:38.091 [Test worker] INFO  manager.ListenerWD - After Find Element by --> By.cssSelector: div.dialog-container>h1
15:46:38.104 [Test worker] INFO  manager.ListenerWD - Before Find Elements By -->By.xpath: //button[text()='Search cars']
15:46:43.167 [Test worker] INFO  manager.ListenerWD - The name of the error methodfindElement
15:46:43.185 [Test worker] INFO  manager.ListenerWD - Error description: org.openqa.selenium.NoSuchElementException: no such element: Unable to locate element: {"method":"xpath","selector":"//button[text()='Search cars']"}
  (Session info: chrome=106.0.5249.119)
For documentation on this error, please visit: https://selenium.dev/exceptions/#no_such_element
Build info: version: '4.4.0', revision: 'e5c75ed026a'
System info: host: 'Gurevichs-MBP.lan', ip: '2a0d:6fc2:4e60:a900:6c9e:3e0c:d52d:ff7d%en0', os.name: 'Mac OS X', os.arch: 'aarch64', os.version: '12.6', java.version: '11.0.16.1'
Driver info: org.openqa.selenium.chrome.ChromeDriver
Command: [7e9c5b6f17718928257ca15b6c3ca5ca, findElement {using=xpath, value=//button[text()='Search cars']}]
Capabilities {acceptInsecureCerts: false, browserName: chrome, browserVersion: 106.0.5249.119, chrome: {chromedriverVersion: 106.0.5249.61 (511755355844..., userDataDir: /var/folders/1t/ycm_f_n138g...}, goog:chromeOptions: {debuggerAddress: localhost:62832}, networkConnectionEnabled: false, pageLoadStrategy: normal, platformName: MAC, proxy: Proxy(), se:cdp: ws://localhost:62832/devtoo..., se:cdpVersion: 106.0.5249.119, setWindowRect: true, strictFileInteractability: false, timeouts: {implicit: 0, pageLoad: 300000, script: 30000}, unhandledPromptBehavior: dismiss and notify, webauthn:extension:credBlob: true, webauthn:extension:largeBlob: true, webauthn:virtualAuthenticators: true}
Session ID: 7e9c5b6f17718928257ca15b6c3ca5ca
15:46:43.185 [Test worker] INFO  manager.ListenerWD - ******************************
15:46:43.185 [Test worker] INFO  manager.ListenerWD - ChromeDriver: chrome on MAC (7e9c5b6f17718928257ca15b6c3ca5ca)
15:46:43.187 [Test worker] INFO  manager.ListenerWD - Screen with error is 1007src/test/Screenshots/screen1007.png
15:46:43.475 [Test worker] INFO  TestBase - START TEST WITH NAME: loginSuccess
15:46:43.484 [Test worker] INFO  manager.ListenerWD - After FInd Elements By -->By.xpath: //*[text()=' Logout ']
15:46:43.484 [Test worker] INFO  manager.ListenerWD - List size is-->1
15:46:43.484 [Test worker] INFO  manager.ListenerWD - Before Find Elements By -->By.xpath: //*[text()=' Logout ']
15:46:43.496 [Test worker] INFO  manager.ListenerWD - After Find Element by --> By.xpath: //*[text()=' Logout ']
15:46:48.557 [Test worker] INFO  manager.ListenerWD - The name of the error methodclick
15:46:48.558 [Test worker] INFO  manager.ListenerWD - Error description: org.openqa.selenium.ElementNotInteractableException: element not interactable
  (Session info: chrome=106.0.5249.119)
Build info: version: '4.4.0', revision: 'e5c75ed026a'
System info: host: 'Gurevichs-MBP.lan', ip: '2a0d:6fc2:4e60:a900:6c9e:3e0c:d52d:ff7d%en0', os.name: 'Mac OS X', os.arch: 'aarch64', os.version: '12.6', java.version: '11.0.16.1'
Driver info: org.openqa.selenium.chrome.ChromeDriver
Command: [7e9c5b6f17718928257ca15b6c3ca5ca, clickElement {id=48c12019-446e-4250-9527-d93720dd28cb}]
Capabilities {acceptInsecureCerts: false, browserName: chrome, browserVersion: 106.0.5249.119, chrome: {chromedriverVersion: 106.0.5249.61 (511755355844..., userDataDir: /var/folders/1t/ycm_f_n138g...}, goog:chromeOptions: {debuggerAddress: localhost:62832}, networkConnectionEnabled: false, pageLoadStrategy: normal, platformName: MAC, proxy: Proxy(), se:cdp: ws://localhost:62832/devtoo..., se:cdpVersion: 106.0.5249.119, setWindowRect: true, strictFileInteractability: false, timeouts: {implicit: 0, pageLoad: 300000, script: 30000}, unhandledPromptBehavior: dismiss and notify, webauthn:extension:credBlob: true, webauthn:extension:largeBlob: true, webauthn:virtualAuthenticators: true}
Element: [[ChromeDriver: chrome on MAC (7e9c5b6f17718928257ca15b6c3ca5ca)] -> xpath: //*[text()=' Logout ']]
Session ID: 7e9c5b6f17718928257ca15b6c3ca5ca
15:46:48.558 [Test worker] INFO  manager.ListenerWD - ******************************
15:46:48.558 [Test worker] INFO  manager.ListenerWD - [[ChromeDriver: chrome on MAC (7e9c5b6f17718928257ca15b6c3ca5ca)] -> xpath: //*[text()=' Logout ']]
15:46:48.558 [Test worker] INFO  manager.ListenerWD - Screen with error is 1553src/test/Screenshots/screen1553.png
15:46:48.580 [Test worker] INFO  TestBase - START TEST WITH NAME: registrationWrongPassword
15:46:48.596 [Test worker] INFO  manager.ListenerWD - After FInd Elements By -->By.xpath: //*[text()=' Logout ']
15:46:48.596 [Test worker] INFO  manager.ListenerWD - List size is-->1
15:46:48.596 [Test worker] INFO  manager.ListenerWD - Before Find Elements By -->By.xpath: //*[text()=' Logout ']
15:46:48.606 [Test worker] INFO  manager.ListenerWD - After Find Element by --> By.xpath: //*[text()=' Logout ']
15:46:53.629 [Test worker] INFO  manager.ListenerWD - The name of the error methodclick
15:46:53.629 [Test worker] INFO  manager.ListenerWD - Error description: org.openqa.selenium.ElementNotInteractableException: element not interactable
  (Session info: chrome=106.0.5249.119)
Build info: version: '4.4.0', revision: 'e5c75ed026a'
System info: host: 'Gurevichs-MBP.lan', ip: '2a0d:6fc2:4e60:a900:6c9e:3e0c:d52d:ff7d%en0', os.name: 'Mac OS X', os.arch: 'aarch64', os.version: '12.6', java.version: '11.0.16.1'
Driver info: org.openqa.selenium.chrome.ChromeDriver
Command: [7e9c5b6f17718928257ca15b6c3ca5ca, clickElement {id=48c12019-446e-4250-9527-d93720dd28cb}]
Capabilities {acceptInsecureCerts: false, browserName: chrome, browserVersion: 106.0.5249.119, chrome: {chromedriverVersion: 106.0.5249.61 (511755355844..., userDataDir: /var/folders/1t/ycm_f_n138g...}, goog:chromeOptions: {debuggerAddress: localhost:62832}, networkConnectionEnabled: false, pageLoadStrategy: normal, platformName: MAC, proxy: Proxy(), se:cdp: ws://localhost:62832/devtoo..., se:cdpVersion: 106.0.5249.119, setWindowRect: true, strictFileInteractability: false, timeouts: {implicit: 0, pageLoad: 300000, script: 30000}, unhandledPromptBehavior: dismiss and notify, webauthn:extension:credBlob: true, webauthn:extension:largeBlob: true, webauthn:virtualAuthenticators: true}
Element: [[ChromeDriver: chrome on MAC (7e9c5b6f17718928257ca15b6c3ca5ca)] -> xpath: //*[text()=' Logout ']]
Session ID: 7e9c5b6f17718928257ca15b6c3ca5ca
15:46:53.629 [Test worker] INFO  manager.ListenerWD - ******************************
15:46:53.629 [Test worker] INFO  manager.ListenerWD - [[ChromeDriver: chrome on MAC (7e9c5b6f17718928257ca15b6c3ca5ca)] -> xpath: //*[text()=' Logout ']]
15:46:53.629 [Test worker] INFO  manager.ListenerWD - Screen with error is 1503src/test/Screenshots/screen1503.png
15:46:53.634 [Test worker] INFO  TestBase - START TEST WITH NAME: searchCurrentMonthSuccess
15:46:53.634 [Test worker] INFO  manager.ListenerWD - Before Find Elements By -->By.cssSelector: #city
15:46:58.672 [Test worker] INFO  manager.ListenerWD - The name of the error methodfindElement
15:46:58.673 [Test worker] INFO  manager.ListenerWD - Error description: org.openqa.selenium.NoSuchElementException: no such element: Unable to locate element: {"method":"css selector","selector":"#city"}
  (Session info: chrome=106.0.5249.119)
For documentation on this error, please visit: https://selenium.dev/exceptions/#no_such_element
Build info: version: '4.4.0', revision: 'e5c75ed026a'
System info: host: 'Gurevichs-MBP.lan', ip: '2a0d:6fc2:4e60:a900:6c9e:3e0c:d52d:ff7d%en0', os.name: 'Mac OS X', os.arch: 'aarch64', os.version: '12.6', java.version: '11.0.16.1'
Driver info: org.openqa.selenium.chrome.ChromeDriver
Command: [7e9c5b6f17718928257ca15b6c3ca5ca, findElement {using=css selector, value=#city}]
Capabilities {acceptInsecureCerts: false, browserName: chrome, browserVersion: 106.0.5249.119, chrome: {chromedriverVersion: 106.0.5249.61 (511755355844..., userDataDir: /var/folders/1t/ycm_f_n138g...}, goog:chromeOptions: {debuggerAddress: localhost:62832}, networkConnectionEnabled: false, pageLoadStrategy: normal, platformName: MAC, proxy: Proxy(), se:cdp: ws://localhost:62832/devtoo..., se:cdpVersion: 106.0.5249.119, setWindowRect: true, strictFileInteractability: false, timeouts: {implicit: 0, pageLoad: 300000, script: 30000}, unhandledPromptBehavior: dismiss and notify, webauthn:extension:credBlob: true, webauthn:extension:largeBlob: true, webauthn:virtualAuthenticators: true}
Session ID: 7e9c5b6f17718928257ca15b6c3ca5ca
15:46:58.673 [Test worker] INFO  manager.ListenerWD - ******************************
15:46:58.673 [Test worker] INFO  manager.ListenerWD - ChromeDriver: chrome on MAC (7e9c5b6f17718928257ca15b6c3ca5ca)
15:46:58.673 [Test worker] INFO  manager.ListenerWD - Screen with error is 1148src/test/Screenshots/screen1148.png
15:46:59.101 [Test worker] INFO  TestBase - START TEST WITH NAME: searchNextMonthSuccess
15:46:59.102 [Test worker] INFO  manager.ListenerWD - Before Find Elements By -->By.cssSelector: #city
15:47:04.119 [Test worker] INFO  manager.ListenerWD - The name of the error methodfindElement
15:47:04.120 [Test worker] INFO  manager.ListenerWD - Error description: org.openqa.selenium.NoSuchElementException: no such element: Unable to locate element: {"method":"css selector","selector":"#city"}
  (Session info: chrome=106.0.5249.119)
For documentation on this error, please visit: https://selenium.dev/exceptions/#no_such_element
Build info: version: '4.4.0', revision: 'e5c75ed026a'
System info: host: 'Gurevichs-MBP.lan', ip: '2a0d:6fc2:4e60:a900:6c9e:3e0c:d52d:ff7d%en0', os.name: 'Mac OS X', os.arch: 'aarch64', os.version: '12.6', java.version: '11.0.16.1'
Driver info: org.openqa.selenium.chrome.ChromeDriver
Command: [7e9c5b6f17718928257ca15b6c3ca5ca, findElement {using=css selector, value=#city}]
Capabilities {acceptInsecureCerts: false, browserName: chrome, browserVersion: 106.0.5249.119, chrome: {chromedriverVersion: 106.0.5249.61 (511755355844..., userDataDir: /var/folders/1t/ycm_f_n138g...}, goog:chromeOptions: {debuggerAddress: localhost:62832}, networkConnectionEnabled: false, pageLoadStrategy: normal, platformName: MAC, proxy: Proxy(), se:cdp: ws://localhost:62832/devtoo..., se:cdpVersion: 106.0.5249.119, setWindowRect: true, strictFileInteractability: false, timeouts: {implicit: 0, pageLoad: 300000, script: 30000}, unhandledPromptBehavior: dismiss and notify, webauthn:extension:credBlob: true, webauthn:extension:largeBlob: true, webauthn:virtualAuthenticators: true}
Session ID: 7e9c5b6f17718928257ca15b6c3ca5ca
15:47:04.121 [Test worker] INFO  manager.ListenerWD - ******************************
15:47:04.121 [Test worker] INFO  manager.ListenerWD - ChromeDriver: chrome on MAC (7e9c5b6f17718928257ca15b6c3ca5ca)
15:47:04.122 [Test worker] INFO  manager.ListenerWD - Screen with error is 1540src/test/Screenshots/screen1540.png
15:47:04.544 [Test worker] INFO  TestBase - START TEST WITH NAME: searchNextMonthSuccessFromHeader
15:47:04.561 [Test worker] INFO  manager.ListenerWD - Before Find Elements By -->By.cssSelector: [href='/search']
15:47:04.574 [Test worker] INFO  manager.ListenerWD - After Find Element by --> By.cssSelector: [href='/search']
15:47:09.595 [Test worker] INFO  manager.ListenerWD - The name of the error methodclick
15:47:09.595 [Test worker] INFO  manager.ListenerWD - Error description: org.openqa.selenium.ElementNotInteractableException: element not interactable
  (Session info: chrome=106.0.5249.119)
Build info: version: '4.4.0', revision: 'e5c75ed026a'
System info: host: 'Gurevichs-MBP.lan', ip: '2a0d:6fc2:4e60:a900:6c9e:3e0c:d52d:ff7d%en0', os.name: 'Mac OS X', os.arch: 'aarch64', os.version: '12.6', java.version: '11.0.16.1'
Driver info: org.openqa.selenium.chrome.ChromeDriver
Command: [7e9c5b6f17718928257ca15b6c3ca5ca, clickElement {id=72a0117a-6cbc-42f9-ba84-0f9ae6515bff}]
Capabilities {acceptInsecureCerts: false, browserName: chrome, browserVersion: 106.0.5249.119, chrome: {chromedriverVersion: 106.0.5249.61 (511755355844..., userDataDir: /var/folders/1t/ycm_f_n138g...}, goog:chromeOptions: {debuggerAddress: localhost:62832}, networkConnectionEnabled: false, pageLoadStrategy: normal, platformName: MAC, proxy: Proxy(), se:cdp: ws://localhost:62832/devtoo..., se:cdpVersion: 106.0.5249.119, setWindowRect: true, strictFileInteractability: false, timeouts: {implicit: 0, pageLoad: 300000, script: 30000}, unhandledPromptBehavior: dismiss and notify, webauthn:extension:credBlob: true, webauthn:extension:largeBlob: true, webauthn:virtualAuthenticators: true}
Element: [[ChromeDriver: chrome on MAC (7e9c5b6f17718928257ca15b6c3ca5ca)] -> css selector: [href='/search']]
Session ID: 7e9c5b6f17718928257ca15b6c3ca5ca
15:47:09.595 [Test worker] INFO  manager.ListenerWD - ******************************
15:47:09.595 [Test worker] INFO  manager.ListenerWD - [[ChromeDriver: chrome on MAC (7e9c5b6f17718928257ca15b6c3ca5ca)] -> css selector: [href='/search']]
15:47:09.595 [Test worker] INFO  manager.ListenerWD - Screen with error is 1575src/test/Screenshots/screen1575.png
