10:39:29.317 [Test worker] INFO  manager.ApplicationManager - Chrome Driver was opened
10:39:33.827 [Test worker] INFO  manager.ApplicationManager - Current URL --> https://ilcarro-1578153671498.web.app/search
10:39:33.851 [Test worker] INFO  TestBase - START TEST WITH NAME: searchNextMonthSuccessFromHeader
10:39:33.852 [Test worker] INFO  manager.ListenerWD - Before Find Elements By -->By.cssSelector: [href='/search']
10:39:33.910 [Test worker] INFO  manager.ListenerWD - After Find Element by --> By.cssSelector: [href='/search']
10:39:34.038 [Test worker] INFO  manager.ListenerWD - Before Find Elements By -->By.cssSelector: #city
10:39:34.051 [Test worker] INFO  manager.ListenerWD - After Find Element by --> By.cssSelector: #city
10:39:35.247 [Test worker] INFO  manager.ListenerWD - Before Find Elements By -->By.cssSelector: div.pac-item
10:39:37.587 [Test worker] INFO  manager.ListenerWD - After Find Element by --> By.cssSelector: div.pac-item
10:39:39.280 [Test worker] INFO  manager.ListenerWD - Before Find Elements By -->By.cssSelector: #dates
10:39:39.312 [Test worker] INFO  manager.ListenerWD - After Find Element by --> By.cssSelector: #dates
10:39:40.560 [Test worker] INFO  manager.ListenerWD - After FInd Elements By -->By.xpath: //*[text()=' OCT 2022 ']
10:39:40.560 [Test worker] INFO  manager.ListenerWD - List size is-->2
10:39:40.560 [Test worker] INFO  manager.ListenerWD - Before Find Elements By -->By.xpath: //div[text()=' 25 ']
10:39:40.581 [Test worker] INFO  manager.ListenerWD - After Find Element by --> By.xpath: //div[text()=' 25 ']
10:39:40.807 [Test worker] INFO  manager.ListenerWD - Before Find Elements By -->By.xpath: //div[text()=' 30 ']
10:39:40.896 [Test worker] INFO  manager.ListenerWD - After Find Element by --> By.xpath: //div[text()=' 30 ']
10:39:41.353 [Test worker] INFO  manager.ListenerWD - Before Find Elements By -->By.xpath: //button[@type='submit']
10:39:41.372 [Test worker] INFO  manager.ListenerWD - After Find Element by --> By.xpath: //button[@type='submit']
10:39:41.420 [Test worker] INFO  manager.ListenerWD - Before Find Elements By -->By.xpath: //button[@type='submit']
10:39:41.430 [Test worker] INFO  manager.ListenerWD - After Find Element by --> By.xpath: //button[@type='submit']
10:39:42.956 [Test worker] INFO  manager.ListenerWD - After FInd Elements By -->By.cssSelector: .car-img-container
10:39:42.957 [Test worker] INFO  manager.ListenerWD - List size is-->10
10:39:42.962 [Test worker] INFO  TestBase - START TEST WITH NAME: searchCurrentMonthSuccessFromMainPage
10:39:43.466 [Test worker] INFO  manager.ListenerWD - Before Find Elements By -->By.cssSelector: #city
10:39:43.488 [Test worker] INFO  manager.ListenerWD - After Find Element by --> By.cssSelector: #city
10:39:45.760 [Test worker] INFO  manager.ListenerWD - Before Find Elements By -->By.cssSelector: div.pac-item
10:39:46.001 [Test worker] INFO  manager.ListenerWD - After Find Element by --> By.cssSelector: div.pac-item
10:39:46.166 [Test worker] INFO  manager.ListenerWD - The name of the error methodclick
10:39:46.185 [Test worker] INFO  manager.ListenerWD - Error description: org.openqa.selenium.StaleElementReferenceException: stale element reference: element is not attached to the page document
  (Session info: chrome=106.0.5249.119)
For documentation on this error, please visit: https://selenium.dev/exceptions/#stale_element_reference
Build info: version: '4.4.0', revision: 'e5c75ed026a'
System info: host: 'Gurevichs-MBP.lan', ip: '2a0d:6fc2:4e60:a900:6c9e:3e0c:d52d:ff7d%en0', os.name: 'Mac OS X', os.arch: 'aarch64', os.version: '12.6', java.version: '11.0.16.1'
Driver info: org.openqa.selenium.chrome.ChromeDriver
Command: [7fd62a8961361e0221157e8ce6127cbc, clickElement {id=42cd665b-97fc-4662-85a8-f90250a392f4}]
Capabilities {acceptInsecureCerts: false, browserName: chrome, browserVersion: 106.0.5249.119, chrome: {chromedriverVersion: 106.0.5249.61 (511755355844..., userDataDir: /var/folders/1t/ycm_f_n138g...}, goog:chromeOptions: {debuggerAddress: localhost:59227}, networkConnectionEnabled: false, pageLoadStrategy: normal, platformName: MAC, proxy: Proxy(), se:cdp: ws://localhost:59227/devtoo..., se:cdpVersion: 106.0.5249.119, setWindowRect: true, strictFileInteractability: false, timeouts: {implicit: 0, pageLoad: 300000, script: 30000}, unhandledPromptBehavior: dismiss and notify, webauthn:extension:credBlob: true, webauthn:extension:largeBlob: true, webauthn:virtualAuthenticators: true}
Element: [[ChromeDriver: chrome on MAC (7fd62a8961361e0221157e8ce6127cbc)] -> css selector: div.pac-item]
Session ID: 7fd62a8961361e0221157e8ce6127cbc
10:39:46.188 [Test worker] INFO  manager.ListenerWD - ******************************
10:39:46.188 [Test worker] INFO  manager.ListenerWD - [[ChromeDriver: chrome on MAC (7fd62a8961361e0221157e8ce6127cbc)] -> css selector: div.pac-item]
10:39:46.190 [Test worker] INFO  manager.ListenerWD - Screen with error is 1014src/test/Screenshots/screen1014.png
10:39:46.192 [Test worker] INFO  TestBase - START TEST WITH NAME: searchNextMonthSuccess
10:39:46.208 [Test worker] INFO  manager.ListenerWD - Before Find Elements By -->By.cssSelector: #city
10:39:46.218 [Test worker] INFO  manager.ListenerWD - After Find Element by --> By.cssSelector: #city
10:39:46.478 [Test worker] INFO  manager.ListenerWD - Before Find Elements By -->By.cssSelector: div.pac-item
10:39:46.487 [Test worker] INFO  manager.ListenerWD - After Find Element by --> By.cssSelector: div.pac-item
10:39:47.613 [Test worker] INFO  manager.ListenerWD - Before Find Elements By -->By.cssSelector: [formcontrolname='dates']
10:39:47.624 [Test worker] INFO  manager.ListenerWD - After Find Element by --> By.cssSelector: [formcontrolname='dates']
10:39:47.719 [Test worker] INFO  manager.ListenerWD - After FInd Elements By -->By.xpath: //*[text()=' OCT 2022 ']
10:39:47.719 [Test worker] INFO  manager.ListenerWD - List size is-->1
10:39:47.719 [Test worker] INFO  manager.ListenerWD - Before Find Elements By -->By.xpath: //div[text()=' 25 ']
10:39:47.727 [Test worker] INFO  manager.ListenerWD - After Find Element by --> By.xpath: //div[text()=' 25 ']
10:39:47.764 [Test worker] INFO  manager.ListenerWD - Before Find Elements By -->By.xpath: //div[text()=' 30 ']
10:39:47.772 [Test worker] INFO  manager.ListenerWD - After Find Element by --> By.xpath: //div[text()=' 30 ']
10:39:47.870 [Test worker] INFO  manager.ListenerWD - Before Find Elements By -->By.xpath: //button[@type='submit']
10:39:47.884 [Test worker] INFO  manager.ListenerWD - After Find Element by --> By.xpath: //button[@type='submit']
10:39:47.910 [Test worker] INFO  manager.ListenerWD - Before Find Elements By -->By.xpath: //button[@type='submit']
10:39:47.919 [Test worker] INFO  manager.ListenerWD - After Find Element by --> By.xpath: //button[@type='submit']
10:39:49.259 [Test worker] INFO  manager.ListenerWD - After FInd Elements By -->By.cssSelector: .car-img-container
10:39:49.259 [Test worker] INFO  manager.ListenerWD - List size is-->10
