11:11:27.488 [Test worker] INFO  manager.ApplicationManager - Chrome Driver was opened
11:11:31.828 [Test worker] INFO  manager.ApplicationManager - Current URL --> https://ilcarro-1578153671498.web.app/search
11:11:31.852 [Test worker] INFO  TestBase - START TEST WITH NAME: searchCurrentMonthSuccessFromMainPage
11:11:31.853 [Test worker] INFO  manager.ListenerWD - Before Find Elements By -->By.cssSelector: #city
11:11:31.907 [Test worker] INFO  manager.ListenerWD - After Find Element by --> By.cssSelector: #city
11:11:32.548 [Test worker] INFO  manager.ListenerWD - Before Find Elements By -->By.cssSelector: div.pac-item
11:11:33.479 [Test worker] INFO  manager.ListenerWD - After Find Element by --> By.cssSelector: div.pac-item
11:11:35.563 [Test worker] INFO  manager.ListenerWD - Before Find Elements By -->By.cssSelector: #dates
11:11:36.059 [Test worker] INFO  manager.ListenerWD - After Find Element by --> By.cssSelector: #dates
11:11:36.652 [Test worker] INFO  manager.ListenerWD - Before Find Elements By -->By.xpath: //div[text()=' 25 ']
11:11:36.744 [Test worker] INFO  manager.ListenerWD - After Find Element by --> By.xpath: //div[text()=' 25 ']
11:11:36.956 [Test worker] INFO  manager.ListenerWD - Before Find Elements By -->By.xpath: //div[text()=' 30 ']
11:11:36.970 [Test worker] INFO  manager.ListenerWD - After Find Element by --> By.xpath: //div[text()=' 30 ']
11:11:37.236 [Test worker] INFO  manager.ListenerWD - Before Find Elements By -->By.xpath: //button[@type='submit']
11:11:37.312 [Test worker] INFO  manager.ListenerWD - After Find Element by --> By.xpath: //button[@type='submit']
11:11:37.473 [Test worker] INFO  manager.ListenerWD - Before Find Elements By -->By.xpath: //button[@type='submit']
11:11:37.526 [Test worker] INFO  manager.ListenerWD - After Find Element by --> By.xpath: //button[@type='submit']
11:11:39.938 [Test worker] INFO  manager.ListenerWD - After FInd Elements By -->By.cssSelector: .car-img-container
11:11:39.938 [Test worker] INFO  manager.ListenerWD - List size is-->10
11:11:39.942 [Test worker] INFO  TestBase - START TEST WITH NAME: searchNextMonthSuccess
11:11:39.942 [Test worker] INFO  manager.ListenerWD - Before Find Elements By -->By.cssSelector: #city
11:11:40.535 [Test worker] INFO  manager.ListenerWD - After Find Element by --> By.cssSelector: #city
11:11:46.028 [Test worker] INFO  manager.ListenerWD - Before Find Elements By -->By.cssSelector: div.pac-item
11:11:46.037 [Test worker] INFO  manager.ListenerWD - After Find Element by --> By.cssSelector: div.pac-item
11:11:46.622 [Test worker] INFO  manager.ListenerWD - Before Find Elements By -->By.cssSelector: [formcontrolname='dates']
11:11:46.653 [Test worker] INFO  manager.ListenerWD - After Find Element by --> By.cssSelector: [formcontrolname='dates']
11:11:46.767 [Test worker] INFO  manager.ListenerWD - After FInd Elements By -->By.xpath: //*[text()=' OCT 2022 ']
11:11:46.768 [Test worker] INFO  manager.ListenerWD - List size is-->1
11:11:46.768 [Test worker] INFO  manager.ListenerWD - Before Find Elements By -->By.xpath: //div[text()=' 25 ']
11:11:46.776 [Test worker] INFO  manager.ListenerWD - After Find Element by --> By.xpath: //div[text()=' 25 ']
11:11:46.813 [Test worker] INFO  manager.ListenerWD - Before Find Elements By -->By.xpath: //div[text()=' 30 ']
11:11:46.822 [Test worker] INFO  manager.ListenerWD - After Find Element by --> By.xpath: //div[text()=' 30 ']
11:11:46.920 [Test worker] INFO  manager.ListenerWD - Before Find Elements By -->By.xpath: //button[@type='submit']
11:11:46.932 [Test worker] INFO  manager.ListenerWD - After Find Element by --> By.xpath: //button[@type='submit']
11:11:46.948 [Test worker] INFO  manager.ListenerWD - Before Find Elements By -->By.xpath: //button[@type='submit']
11:11:46.956 [Test worker] INFO  manager.ListenerWD - After Find Element by --> By.xpath: //button[@type='submit']
11:11:48.080 [Test worker] INFO  manager.ListenerWD - After FInd Elements By -->By.cssSelector: .car-img-container
11:11:48.080 [Test worker] INFO  manager.ListenerWD - List size is-->10
11:11:48.081 [Test worker] INFO  TestBase - START TEST WITH NAME: searchNextMonthSuccessFromHeader
11:11:48.081 [Test worker] INFO  manager.ListenerWD - Before Find Elements By -->By.cssSelector: [href='/search']
11:11:48.093 [Test worker] INFO  manager.ListenerWD - After Find Element by --> By.cssSelector: [href='/search']
11:11:48.206 [Test worker] INFO  manager.ListenerWD - Before Find Elements By -->By.cssSelector: #city
11:11:48.215 [Test worker] INFO  manager.ListenerWD - After Find Element by --> By.cssSelector: #city
11:11:48.457 [Test worker] INFO  manager.ListenerWD - Before Find Elements By -->By.cssSelector: div.pac-item
11:11:48.800 [Test worker] INFO  manager.ListenerWD - After Find Element by --> By.cssSelector: div.pac-item
11:11:49.332 [Test worker] INFO  manager.ListenerWD - Before Find Elements By -->By.cssSelector: #dates
11:11:49.355 [Test worker] INFO  manager.ListenerWD - After Find Element by --> By.cssSelector: #dates
11:11:49.810 [Test worker] INFO  manager.ListenerWD - After FInd Elements By -->By.xpath: //*[text()=' OCT 2022 ']
11:11:49.810 [Test worker] INFO  manager.ListenerWD - List size is-->1
11:11:49.810 [Test worker] INFO  manager.ListenerWD - Before Find Elements By -->By.xpath: //div[text()=' 25 ']
11:11:49.818 [Test worker] INFO  manager.ListenerWD - After Find Element by --> By.xpath: //div[text()=' 25 ']
11:11:49.852 [Test worker] INFO  manager.ListenerWD - Before Find Elements By -->By.xpath: //div[text()=' 30 ']
11:11:49.860 [Test worker] INFO  manager.ListenerWD - After Find Element by --> By.xpath: //div[text()=' 30 ']
11:11:49.935 [Test worker] INFO  manager.ListenerWD - Before Find Elements By -->By.xpath: //button[@type='submit']
11:11:49.943 [Test worker] INFO  manager.ListenerWD - After Find Element by --> By.xpath: //button[@type='submit']
11:11:49.958 [Test worker] INFO  manager.ListenerWD - Before Find Elements By -->By.xpath: //button[@type='submit']
11:11:49.965 [Test worker] INFO  manager.ListenerWD - After Find Element by --> By.xpath: //button[@type='submit']
11:11:51.336 [Test worker] INFO  manager.ListenerWD - After FInd Elements By -->By.cssSelector: .car-img-container
11:11:51.336 [Test worker] INFO  manager.ListenerWD - List size is-->10
