15:53:13.095 [Test worker] INFO  manager.ApplicationManager - Chrome Driver was opened
15:53:16.302 [Test worker] INFO  manager.ApplicationManager - Current URL --> https://ilcarro-1578153671498.web.app/search
15:53:16.345 [Test worker] INFO  TestBase - START TEST WITH NAME: searchNextMonthSuccessFromHeader
15:53:16.346 [Test worker] INFO  manager.ListenerWD - Before Find Elements By -->By.cssSelector: [href='/search']
15:53:16.418 [Test worker] INFO  manager.ListenerWD - After Find Element by --> By.cssSelector: [href='/search']
15:53:16.540 [Test worker] INFO  manager.ListenerWD - Before Find Elements By -->By.cssSelector: #city
15:53:16.555 [Test worker] INFO  manager.ListenerWD - After Find Element by --> By.cssSelector: #city
15:53:17.004 [Test worker] INFO  manager.ListenerWD - Before Find Elements By -->By.cssSelector: div.pac-item
15:53:17.790 [Test worker] INFO  manager.ListenerWD - After Find Element by --> By.cssSelector: div.pac-item
15:53:20.135 [Test worker] INFO  manager.ListenerWD - Before Find Elements By -->By.cssSelector: #dates
15:53:20.188 [Test worker] INFO  manager.ListenerWD - After Find Element by --> By.cssSelector: #dates
15:53:21.424 [Test worker] INFO  manager.ListenerWD - After FInd Elements By -->By.xpath: //*[text()=' OCT 2022 ']
15:53:21.424 [Test worker] INFO  manager.ListenerWD - List size is-->1
15:53:21.424 [Test worker] INFO  manager.ListenerWD - Before Find Elements By -->By.xpath: //div[text()=' 25 ']
15:53:21.437 [Test worker] INFO  manager.ListenerWD - After Find Element by --> By.xpath: //div[text()=' 25 ']
15:53:21.805 [Test worker] INFO  manager.ListenerWD - Before Find Elements By -->By.xpath: //div[text()=' 30 ']
15:53:21.818 [Test worker] INFO  manager.ListenerWD - After Find Element by --> By.xpath: //div[text()=' 30 ']
15:53:21.962 [Test worker] INFO  manager.ListenerWD - Before Find Elements By -->By.xpath: //button[@type='submit']
15:53:22.049 [Test worker] INFO  manager.ListenerWD - After Find Element by --> By.xpath: //button[@type='submit']
15:53:22.224 [Test worker] INFO  manager.ListenerWD - Before Find Elements By -->By.xpath: //button[@type='submit']
15:53:22.267 [Test worker] INFO  manager.ListenerWD - After Find Element by --> By.xpath: //button[@type='submit']
15:53:28.678 [Test worker] INFO  manager.ListenerWD - After FInd Elements By -->By.cssSelector: .car-img-container
15:53:28.679 [Test worker] INFO  manager.ListenerWD - List size is-->0
15:53:28.694 [Test worker] INFO  TestBase - START TEST WITH NAME: searchCurrentMonthSuccess
15:53:28.694 [Test worker] INFO  manager.ListenerWD - Before Find Elements By -->By.cssSelector: #city
15:53:28.710 [Test worker] INFO  manager.ListenerWD - After Find Element by --> By.cssSelector: #city
15:53:29.185 [Test worker] INFO  manager.ListenerWD - Before Find Elements By -->By.cssSelector: div.pac-item
15:53:29.200 [Test worker] INFO  manager.ListenerWD - After Find Element by --> By.cssSelector: div.pac-item
15:53:29.373 [Test worker] INFO  manager.ListenerWD - Before Find Elements By -->By.cssSelector: #dates
15:53:34.415 [Test worker] INFO  manager.ListenerWD - The name of the error methodfindElement
15:53:34.436 [Test worker] INFO  manager.ListenerWD - Error description: org.openqa.selenium.NoSuchElementException: no such element: Unable to locate element: {"method":"css selector","selector":"#dates"}
  (Session info: chrome=106.0.5249.119)
For documentation on this error, please visit: https://selenium.dev/exceptions/#no_such_element
Build info: version: '4.4.0', revision: 'e5c75ed026a'
System info: host: 'Gurevichs-MBP.lan', ip: '2a0d:6fc2:4e60:a900:6c9e:3e0c:d52d:ff7d%en0', os.name: 'Mac OS X', os.arch: 'aarch64', os.version: '12.6', java.version: '11.0.16.1'
Driver info: org.openqa.selenium.chrome.ChromeDriver
Command: [154c1f532a2a1be0997d3dcdd9be5a7b, findElement {using=css selector, value=#dates}]
Capabilities {acceptInsecureCerts: false, browserName: chrome, browserVersion: 106.0.5249.119, chrome: {chromedriverVersion: 106.0.5249.61 (511755355844..., userDataDir: /var/folders/1t/ycm_f_n138g...}, goog:chromeOptions: {debuggerAddress: localhost:64670}, networkConnectionEnabled: false, pageLoadStrategy: normal, platformName: MAC, proxy: Proxy(), se:cdp: ws://localhost:64670/devtoo..., se:cdpVersion: 106.0.5249.119, setWindowRect: true, strictFileInteractability: false, timeouts: {implicit: 0, pageLoad: 300000, script: 30000}, unhandledPromptBehavior: dismiss and notify, webauthn:extension:credBlob: true, webauthn:extension:largeBlob: true, webauthn:virtualAuthenticators: true}
Session ID: 154c1f532a2a1be0997d3dcdd9be5a7b
15:53:34.436 [Test worker] INFO  manager.ListenerWD - ******************************
15:53:34.436 [Test worker] INFO  manager.ListenerWD - ChromeDriver: chrome on MAC (154c1f532a2a1be0997d3dcdd9be5a7b)
15:53:34.438 [Test worker] INFO  manager.ListenerWD - Screen with error is 1057src/test/Screenshots/screen1057.png
15:53:34.754 [Test worker] INFO  TestBase - START TEST WITH NAME: searchNextMonthSuccess
15:53:34.754 [Test worker] INFO  manager.ListenerWD - Before Find Elements By -->By.cssSelector: #city
15:53:34.762 [Test worker] INFO  manager.ListenerWD - After Find Element by --> By.cssSelector: #city
15:53:35.192 [Test worker] INFO  manager.ListenerWD - Before Find Elements By -->By.cssSelector: div.pac-item
15:53:35.559 [Test worker] INFO  manager.ListenerWD - After Find Element by --> By.cssSelector: div.pac-item
15:53:36.472 [Test worker] INFO  manager.ListenerWD - Before Find Elements By -->By.cssSelector: [formcontrolname='dates']
15:53:36.502 [Test worker] INFO  manager.ListenerWD - After Find Element by --> By.cssSelector: [formcontrolname='dates']
15:53:36.597 [Test worker] INFO  manager.ListenerWD - After FInd Elements By -->By.xpath: //*[text()=' OCT 2022 ']
15:53:36.597 [Test worker] INFO  manager.ListenerWD - List size is-->1
15:53:36.597 [Test worker] INFO  manager.ListenerWD - Before Find Elements By -->By.xpath: //div[text()=' 25 ']
15:53:36.609 [Test worker] INFO  manager.ListenerWD - After Find Element by --> By.xpath: //div[text()=' 25 ']
15:53:36.872 [Test worker] INFO  manager.ListenerWD - Before Find Elements By -->By.xpath: //div[text()=' 30 ']
15:53:36.881 [Test worker] INFO  manager.ListenerWD - After Find Element by --> By.xpath: //div[text()=' 30 ']
15:53:36.948 [Test worker] INFO  manager.ListenerWD - Before Find Elements By -->By.xpath: //button[@type='submit']
15:53:36.977 [Test worker] INFO  manager.ListenerWD - After Find Element by --> By.xpath: //button[@type='submit']
15:53:36.994 [Test worker] INFO  manager.ListenerWD - Before Find Elements By -->By.xpath: //button[@type='submit']
15:53:37.002 [Test worker] INFO  manager.ListenerWD - After Find Element by --> By.xpath: //button[@type='submit']
15:53:42.485 [Test worker] INFO  manager.ListenerWD - After FInd Elements By -->By.cssSelector: .car-img-container
15:53:42.490 [Test worker] INFO  manager.ListenerWD - List size is-->0
