15:54:34.550 [Test worker] INFO  manager.ApplicationManager - Chrome Driver was opened
15:54:37.745 [Test worker] INFO  manager.ApplicationManager - Current URL --> https://ilcarro-1578153671498.web.app/search
15:54:37.767 [Test worker] INFO  TestBase - START TEST WITH NAME: searchNextMonthSuccessFromHeader
15:54:37.768 [Test worker] INFO  manager.ListenerWD - Before Find Elements By -->By.cssSelector: [href='/search']
15:54:37.860 [Test worker] INFO  manager.ListenerWD - After Find Element by --> By.cssSelector: [href='/search']
15:54:37.993 [Test worker] INFO  manager.ListenerWD - Before Find Elements By -->By.cssSelector: #city
15:54:38.006 [Test worker] INFO  manager.ListenerWD - After Find Element by --> By.cssSelector: #city
15:54:39.086 [Test worker] INFO  manager.ListenerWD - Before Find Elements By -->By.cssSelector: div.pac-item
15:54:41.329 [Test worker] INFO  manager.ListenerWD - After Find Element by --> By.cssSelector: div.pac-item
15:54:43.004 [Test worker] INFO  manager.ListenerWD - Before Find Elements By -->By.cssSelector: #dates
15:54:43.037 [Test worker] INFO  manager.ListenerWD - After Find Element by --> By.cssSelector: #dates
15:54:44.500 [Test worker] INFO  manager.ListenerWD - After FInd Elements By -->By.xpath: //*[text()=' OCT 2022 ']
15:54:44.501 [Test worker] INFO  manager.ListenerWD - List size is-->2
15:54:44.501 [Test worker] INFO  manager.ListenerWD - Before Find Elements By -->By.xpath: //div[text()=' 25 ']
15:54:44.514 [Test worker] INFO  manager.ListenerWD - After Find Element by --> By.xpath: //div[text()=' 25 ']
15:54:44.635 [Test worker] INFO  manager.ListenerWD - Before Find Elements By -->By.xpath: //div[text()=' 30 ']
15:54:44.665 [Test worker] INFO  manager.ListenerWD - After Find Element by --> By.xpath: //div[text()=' 30 ']
15:54:45.278 [Test worker] INFO  manager.ListenerWD - Before Find Elements By -->By.xpath: //button[@type='submit']
15:54:45.296 [Test worker] INFO  manager.ListenerWD - After Find Element by --> By.xpath: //button[@type='submit']
15:54:45.365 [Test worker] INFO  manager.ListenerWD - Before Find Elements By -->By.xpath: //button[@type='submit']
15:54:45.374 [Test worker] INFO  manager.ListenerWD - After Find Element by --> By.xpath: //button[@type='submit']
15:54:46.963 [Test worker] INFO  manager.ListenerWD - After FInd Elements By -->By.cssSelector: .car-img-container
15:54:46.964 [Test worker] INFO  manager.ListenerWD - List size is-->10
15:54:46.968 [Test worker] INFO  TestBase - START TEST WITH NAME: searchCurrentMonthSuccess
15:54:46.968 [Test worker] INFO  manager.ListenerWD - Before Find Elements By -->By.cssSelector: #city
15:54:47.004 [Test worker] INFO  manager.ListenerWD - After Find Element by --> By.cssSelector: #city
15:54:49.543 [Test worker] INFO  manager.ListenerWD - Before Find Elements By -->By.cssSelector: div.pac-item
15:54:49.750 [Test worker] INFO  manager.ListenerWD - After Find Element by --> By.cssSelector: div.pac-item
15:54:49.850 [Test worker] INFO  manager.ListenerWD - Before Find Elements By -->By.cssSelector: #dates
15:54:54.901 [Test worker] INFO  manager.ListenerWD - The name of the error methodfindElement
15:54:54.915 [Test worker] INFO  manager.ListenerWD - Error description: org.openqa.selenium.NoSuchElementException: no such element: Unable to locate element: {"method":"css selector","selector":"#dates"}
  (Session info: chrome=106.0.5249.119)
For documentation on this error, please visit: https://selenium.dev/exceptions/#no_such_element
Build info: version: '4.4.0', revision: 'e5c75ed026a'
System info: host: 'Gurevichs-MBP.lan', ip: '2a0d:6fc2:4e60:a900:6c9e:3e0c:d52d:ff7d%en0', os.name: 'Mac OS X', os.arch: 'aarch64', os.version: '12.6', java.version: '11.0.16.1'
Driver info: org.openqa.selenium.chrome.ChromeDriver
Command: [eadbd93ce7d306c94d49943d538f6a7a, findElement {using=css selector, value=#dates}]
Capabilities {acceptInsecureCerts: false, browserName: chrome, browserVersion: 106.0.5249.119, chrome: {chromedriverVersion: 106.0.5249.61 (511755355844..., userDataDir: /var/folders/1t/ycm_f_n138g...}, goog:chromeOptions: {debuggerAddress: localhost:65026}, networkConnectionEnabled: false, pageLoadStrategy: normal, platformName: MAC, proxy: Proxy(), se:cdp: ws://localhost:65026/devtoo..., se:cdpVersion: 106.0.5249.119, setWindowRect: true, strictFileInteractability: false, timeouts: {implicit: 0, pageLoad: 300000, script: 30000}, unhandledPromptBehavior: dismiss and notify, webauthn:extension:credBlob: true, webauthn:extension:largeBlob: true, webauthn:virtualAuthenticators: true}
Session ID: eadbd93ce7d306c94d49943d538f6a7a
15:54:54.916 [Test worker] INFO  manager.ListenerWD - ******************************
15:54:54.916 [Test worker] INFO  manager.ListenerWD - ChromeDriver: chrome on MAC (eadbd93ce7d306c94d49943d538f6a7a)
15:54:54.918 [Test worker] INFO  manager.ListenerWD - Screen with error is 1613src/test/Screenshots/screen1613.png
15:54:55.797 [Test worker] INFO  TestBase - START TEST WITH NAME: searchNextMonthSuccess
15:54:55.798 [Test worker] INFO  manager.ListenerWD - Before Find Elements By -->By.cssSelector: #city
15:54:55.806 [Test worker] INFO  manager.ListenerWD - After Find Element by --> By.cssSelector: #city
15:54:56.144 [Test worker] INFO  manager.ListenerWD - Before Find Elements By -->By.cssSelector: div.pac-item
15:54:56.158 [Test worker] INFO  manager.ListenerWD - After Find Element by --> By.cssSelector: div.pac-item
15:54:57.018 [Test worker] INFO  manager.ListenerWD - Before Find Elements By -->By.cssSelector: [formcontrolname='dates']
15:54:57.044 [Test worker] INFO  manager.ListenerWD - After Find Element by --> By.cssSelector: [formcontrolname='dates']
15:54:57.164 [Test worker] INFO  manager.ListenerWD - After FInd Elements By -->By.xpath: //*[text()=' OCT 2022 ']
15:54:57.164 [Test worker] INFO  manager.ListenerWD - List size is-->1
15:54:57.164 [Test worker] INFO  manager.ListenerWD - Before Find Elements By -->By.xpath: //div[text()=' 25 ']
15:54:57.172 [Test worker] INFO  manager.ListenerWD - After Find Element by --> By.xpath: //div[text()=' 25 ']
15:54:57.228 [Test worker] INFO  manager.ListenerWD - Before Find Elements By -->By.xpath: //div[text()=' 30 ']
15:54:57.236 [Test worker] INFO  manager.ListenerWD - After Find Element by --> By.xpath: //div[text()=' 30 ']
15:54:57.555 [Test worker] INFO  manager.ListenerWD - Before Find Elements By -->By.xpath: //button[@type='submit']
15:54:57.564 [Test worker] INFO  manager.ListenerWD - After Find Element by --> By.xpath: //button[@type='submit']
15:54:57.582 [Test worker] INFO  manager.ListenerWD - Before Find Elements By -->By.xpath: //button[@type='submit']
15:54:57.589 [Test worker] INFO  manager.ListenerWD - After Find Element by --> By.xpath: //button[@type='submit']
15:54:58.696 [Test worker] INFO  manager.ListenerWD - After FInd Elements By -->By.cssSelector: .car-img-container
15:54:58.696 [Test worker] INFO  manager.ListenerWD - List size is-->10
