17:57:06.265 [Test worker] INFO  manager.ApplicationManager - FireFox was opened
17:57:08.775 [Test worker] INFO  manager.ApplicationManager - Current URL --> https://ilcarro-1578153671498.web.app/search
17:57:08.794 [Test worker] INFO  TestBase - START TEST WITH NAME: addCarSuccess
17:57:13.819 [Test worker] INFO  manager.ListenerWD - After FInd Elements By -->By.xpath: //*[text()=' Logout ']
17:57:13.820 [Test worker] INFO  manager.ListenerWD - List size is-->0
17:57:13.820 [Test worker] INFO  manager.ListenerWD - Before Find Elements By -->By.xpath: //*[text()=' Log in ']
17:57:13.844 [Test worker] INFO  manager.ListenerWD - After Find Element by --> By.xpath: //*[text()=' Log in ']
17:57:14.124 [Test worker] INFO  manager.ListenerWD - Before Find Elements By -->By.id: email
17:57:14.138 [Test worker] INFO  manager.ListenerWD - After Find Element by --> By.id: email
17:57:14.408 [Test worker] INFO  manager.ListenerWD - Before Find Elements By -->By.id: password
17:57:14.417 [Test worker] INFO  manager.ListenerWD - After Find Element by --> By.id: password
17:57:14.670 [Test worker] INFO  manager.ListenerWD - Before Find Elements By -->By.xpath: //button[@type='submit']
17:57:14.679 [Test worker] INFO  manager.ListenerWD - After Find Element by --> By.xpath: //button[@type='submit']
17:57:14.700 [Test worker] INFO  manager.ListenerWD - Before Find Elements By -->By.xpath: //button[@type='submit']
17:57:14.707 [Test worker] INFO  manager.ListenerWD - After Find Element by --> By.xpath: //button[@type='submit']
17:57:14.714 [Test worker] INFO  manager.ListenerWD - Before Find Elements By -->By.xpath: //button[@type='submit']
17:57:14.721 [Test worker] INFO  manager.ListenerWD - After Find Element by --> By.xpath: //button[@type='submit']
17:57:15.179 [Test worker] INFO  manager.ListenerWD - After FInd Elements By -->By.xpath: //button[text()='Ok']
17:57:15.179 [Test worker] INFO  manager.ListenerWD - List size is-->1
17:57:15.180 [Test worker] INFO  manager.ListenerWD - Before Find Elements By -->By.xpath: //button[text()='Ok']
17:57:15.187 [Test worker] INFO  manager.ListenerWD - After Find Element by --> By.xpath: //button[text()='Ok']
17:57:17.410 [Test worker] INFO  manager.ListenerWD - Before Find Elements By -->By.cssSelector: [href='/let-car-work']
17:57:17.431 [Test worker] INFO  manager.ListenerWD - After Find Element by --> By.cssSelector: [href='/let-car-work']
17:57:17.725 [Test worker] INFO  manager.ListenerWD - Before Find Elements By -->By.id: pickUpPlace
17:57:17.738 [Test worker] INFO  manager.ListenerWD - After Find Element by --> By.id: pickUpPlace
17:57:18.045 [Test worker] INFO  manager.ListenerWD - Before Find Elements By -->By.cssSelector: div.pac-item
17:57:18.407 [Test worker] INFO  manager.ListenerWD - After Find Element by --> By.cssSelector: div.pac-item
17:57:19.630 [Test worker] INFO  manager.ListenerWD - Before Find Elements By -->By.id: make
17:57:19.649 [Test worker] INFO  manager.ListenerWD - After Find Element by --> By.id: make
17:57:19.900 [Test worker] INFO  manager.ListenerWD - Before Find Elements By -->By.id: model
17:57:19.909 [Test worker] INFO  manager.ListenerWD - After Find Element by --> By.id: model
17:57:20.163 [Test worker] INFO  manager.ListenerWD - Before Find Elements By -->By.id: year
17:57:20.174 [Test worker] INFO  manager.ListenerWD - After Find Element by --> By.id: year
17:57:20.418 [Test worker] INFO  manager.ListenerWD - Before Find Elements By -->By.id: engine
17:57:20.431 [Test worker] INFO  manager.ListenerWD - After Find Element by --> By.id: engine
17:57:20.663 [Test worker] INFO  manager.ListenerWD - Before Find Elements By -->By.id: fuel
17:57:20.670 [Test worker] INFO  manager.ListenerWD - After Find Element by --> By.id: fuel
17:57:20.900 [Test worker] INFO  manager.ListenerWD - Before Find Elements By -->By.id: gear
17:57:20.911 [Test worker] INFO  manager.ListenerWD - After Find Element by --> By.id: gear
17:57:21.139 [Test worker] INFO  manager.ListenerWD - Before Find Elements By -->By.id: wheelsDrive
17:57:21.150 [Test worker] INFO  manager.ListenerWD - After Find Element by --> By.id: wheelsDrive
17:57:21.379 [Test worker] INFO  manager.ListenerWD - Before Find Elements By -->By.id: doors
17:57:21.388 [Test worker] INFO  manager.ListenerWD - After Find Element by --> By.id: doors
17:57:21.628 [Test worker] INFO  manager.ListenerWD - Before Find Elements By -->By.id: seats
17:57:21.638 [Test worker] INFO  manager.ListenerWD - After Find Element by --> By.id: seats
17:57:21.876 [Test worker] INFO  manager.ListenerWD - Before Find Elements By -->By.id: class
17:57:21.884 [Test worker] INFO  manager.ListenerWD - After Find Element by --> By.id: class
17:57:22.130 [Test worker] INFO  manager.ListenerWD - Before Find Elements By -->By.id: fuelConsumption
17:57:22.136 [Test worker] INFO  manager.ListenerWD - After Find Element by --> By.id: fuelConsumption
17:57:22.386 [Test worker] INFO  manager.ListenerWD - Before Find Elements By -->By.id: serialNumber
17:57:22.393 [Test worker] INFO  manager.ListenerWD - After Find Element by --> By.id: serialNumber
17:57:22.645 [Test worker] INFO  manager.ListenerWD - Before Find Elements By -->By.id: price
17:57:22.652 [Test worker] INFO  manager.ListenerWD - After Find Element by --> By.id: price
17:57:22.891 [Test worker] INFO  manager.ListenerWD - Before Find Elements By -->By.id: distance
17:57:22.899 [Test worker] INFO  manager.ListenerWD - After Find Element by --> By.id: distance
17:57:23.141 [Test worker] INFO  manager.ListenerWD - Before Find Elements By -->By.cssSelector: .feature-input
17:57:23.150 [Test worker] INFO  manager.ListenerWD - After Find Element by --> By.cssSelector: .feature-input
17:57:23.389 [Test worker] INFO  manager.ListenerWD - Before Find Elements By -->By.id: about
17:57:23.399 [Test worker] INFO  manager.ListenerWD - After Find Element by --> By.id: about
17:57:23.678 [Test worker] INFO  manager.ListenerWD - Before Find Elements By -->By.id: photos
17:57:23.685 [Test worker] INFO  manager.ListenerWD - After Find Element by --> By.id: photos
17:57:23.708 [Test worker] INFO  manager.ListenerWD - Before Find Elements By -->By.xpath: //button[@type='submit']
17:57:23.713 [Test worker] INFO  manager.ListenerWD - After Find Element by --> By.xpath: //button[@type='submit']
17:57:23.725 [Test worker] INFO  manager.ListenerWD - Before Find Elements By -->By.xpath: //button[@type='submit']
17:57:23.730 [Test worker] INFO  manager.ListenerWD - After Find Element by --> By.xpath: //button[@type='submit']
17:57:23.734 [Test worker] INFO  manager.ListenerWD - Before Find Elements By -->By.cssSelector: #mat-dialog-1>h1
17:57:28.756 [Test worker] INFO  manager.ListenerWD - The name of the error methodfindElement
17:57:28.779 [Test worker] INFO  manager.ListenerWD - Error description: org.openqa.selenium.NoSuchElementException: Unable to locate element: #mat-dialog-1>h1
For documentation on this error, please visit: https://selenium.dev/exceptions/#no_such_element
Build info: version: '4.4.0', revision: 'e5c75ed026a'
System info: host: 'Gurevichs-MBP.lan', ip: '2a0d:6fc2:4e60:a900:35ea:43a0:fb74:17d2%en0', os.name: 'Mac OS X', os.arch: 'aarch64', os.version: '12.6', java.version: '11.0.16.1'
Driver info: org.openqa.selenium.firefox.FirefoxDriver
Command: [283155a0-8a66-4bf3-9b4f-dde044315a1f, findElement {using=css selector, value=#mat-dialog-1>h1}]
Capabilities {acceptInsecureCerts: true, browserName: firefox, browserVersion: 106.0.1, moz:accessibilityChecks: false, moz:buildID: 20221019185550, moz:debuggerAddress: 127.0.0.1:50052, moz:geckodriverVersion: 0.32.0, moz:headless: false, moz:platformVersion: 21.6.0, moz:processID: 18529, moz:profile: /var/folders/1t/ycm_f_n138g..., moz:shutdownTimeout: 60000, moz:useNonSpecCompliantPointerOrigin: false, moz:webdriverClick: true, moz:windowless: false, pageLoadStrategy: normal, platformName: MAC, proxy: Proxy(), se:cdp: ws://127.0.0.1:50052/devtoo..., se:cdpVersion: 85.0, setWindowRect: true, strictFileInteractability: false, timeouts: {implicit: 0, pageLoad: 300000, script: 30000}, unhandledPromptBehavior: dismiss and notify}
Session ID: 283155a0-8a66-4bf3-9b4f-dde044315a1f
17:57:28.779 [Test worker] INFO  manager.ListenerWD - ******************************
17:57:28.779 [Test worker] INFO  manager.ListenerWD - FirefoxDriver: firefox on MAC (283155a0-8a66-4bf3-9b4f-dde044315a1f)
17:57:28.782 [Test worker] INFO  manager.ListenerWD - Screen with error is 1465src/test/Screenshots/screen1465.png
17:57:28.787 [Test worker] INFO  manager.ListenerWD - Before Find Elements By -->By.xpath: //button[text()='Search cars']
17:57:33.801 [Test worker] INFO  manager.ListenerWD - The name of the error methodfindElement
17:57:33.802 [Test worker] INFO  manager.ListenerWD - Error description: org.openqa.selenium.NoSuchElementException: Unable to locate element: //button[text()='Search cars']
For documentation on this error, please visit: https://selenium.dev/exceptions/#no_such_element
Build info: version: '4.4.0', revision: 'e5c75ed026a'
System info: host: 'Gurevichs-MBP.lan', ip: '2a0d:6fc2:4e60:a900:35ea:43a0:fb74:17d2%en0', os.name: 'Mac OS X', os.arch: 'aarch64', os.version: '12.6', java.version: '11.0.16.1'
Driver info: org.openqa.selenium.firefox.FirefoxDriver
Command: [283155a0-8a66-4bf3-9b4f-dde044315a1f, findElement {using=xpath, value=//button[text()='Search cars']}]
Capabilities {acceptInsecureCerts: true, browserName: firefox, browserVersion: 106.0.1, moz:accessibilityChecks: false, moz:buildID: 20221019185550, moz:debuggerAddress: 127.0.0.1:50052, moz:geckodriverVersion: 0.32.0, moz:headless: false, moz:platformVersion: 21.6.0, moz:processID: 18529, moz:profile: /var/folders/1t/ycm_f_n138g..., moz:shutdownTimeout: 60000, moz:useNonSpecCompliantPointerOrigin: false, moz:webdriverClick: true, moz:windowless: false, pageLoadStrategy: normal, platformName: MAC, proxy: Proxy(), se:cdp: ws://127.0.0.1:50052/devtoo..., se:cdpVersion: 85.0, setWindowRect: true, strictFileInteractability: false, timeouts: {implicit: 0, pageLoad: 300000, script: 30000}, unhandledPromptBehavior: dismiss and notify}
Session ID: 283155a0-8a66-4bf3-9b4f-dde044315a1f
17:57:33.803 [Test worker] INFO  manager.ListenerWD - ******************************
17:57:33.803 [Test worker] INFO  manager.ListenerWD - FirefoxDriver: firefox on MAC (283155a0-8a66-4bf3-9b4f-dde044315a1f)
17:57:33.803 [Test worker] INFO  manager.ListenerWD - Screen with error is 1893src/test/Screenshots/screen1893.png
