10:01:31.579 [Test worker] INFO  manager.ApplicationManager - Chrome Driver was opened
10:01:35.149 [Test worker] INFO  manager.ApplicationManager - Current URL --> https://ilcarro-1578153671498.web.app/search
10:01:35.169 [Test worker] INFO  TestBase - START TEST WITH NAME: addCarSuccessDP
10:01:40.196 [Test worker] INFO  manager.ListenerWD - After FInd Elements By -->By.xpath: //*[text()=' Logout ']
10:01:40.197 [Test worker] INFO  manager.ListenerWD - List size is-->0
10:01:40.197 [Test worker] INFO  manager.ListenerWD - Before Find Elements By -->By.xpath: //*[text()=' Log in ']
10:01:40.219 [Test worker] INFO  manager.ListenerWD - After Find Element by --> By.xpath: //*[text()=' Log in ']
10:01:40.494 [Test worker] INFO  manager.ListenerWD - Before Find Elements By -->By.id: email
10:01:40.509 [Test worker] INFO  manager.ListenerWD - After Find Element by --> By.id: email
10:01:41.052 [Test worker] INFO  manager.ListenerWD - Before Find Elements By -->By.id: password
10:01:41.072 [Test worker] INFO  manager.ListenerWD - After Find Element by --> By.id: password
10:01:41.605 [Test worker] INFO  manager.ListenerWD - Before Find Elements By -->By.xpath: //button[@type='submit']
10:01:41.666 [Test worker] INFO  manager.ListenerWD - After Find Element by --> By.xpath: //button[@type='submit']
10:01:41.782 [Test worker] INFO  manager.ListenerWD - Before Find Elements By -->By.xpath: //button[@type='submit']
10:01:41.809 [Test worker] INFO  manager.ListenerWD - After Find Element by --> By.xpath: //button[@type='submit']
10:01:44.381 [Test worker] INFO  manager.ListenerWD - After FInd Elements By -->By.xpath: //button[text()='Ok']
10:01:44.381 [Test worker] INFO  manager.ListenerWD - List size is-->1
10:01:44.381 [Test worker] INFO  manager.ListenerWD - Before Find Elements By -->By.xpath: //button[text()='Ok']
10:01:44.393 [Test worker] INFO  manager.ListenerWD - After Find Element by --> By.xpath: //button[text()='Ok']
10:01:44.512 [Test worker] INFO  TestBase - The test used car model : Car(location=Saratov, Russia, make=Mitsubishi, model=Outlander, year=2020, engine=2.5, fuel=Petrol, gear=AT, wD=AWD, doors=2, seats=5, carClass=C, fuelConsumption=6.5, carNumber=A992BA, price=80, distanceIncluded=5, features=200, about=4x4)
10:01:46.517 [Test worker] INFO  manager.ListenerWD - Before Find Elements By -->By.cssSelector: [href='/let-car-work']
10:01:46.545 [Test worker] INFO  manager.ListenerWD - After Find Element by --> By.cssSelector: [href='/let-car-work']
10:01:47.958 [Test worker] INFO  manager.ListenerWD - Before Find Elements By -->By.id: pickUpPlace
10:01:48.003 [Test worker] INFO  manager.ListenerWD - After Find Element by --> By.id: pickUpPlace
10:01:48.869 [Test worker] INFO  manager.ListenerWD - Before Find Elements By -->By.cssSelector: div.pac-item
10:01:49.318 [Test worker] INFO  manager.ListenerWD - After Find Element by --> By.cssSelector: div.pac-item
10:01:49.998 [Test worker] INFO  manager.ListenerWD - Before Find Elements By -->By.id: make
10:01:50.009 [Test worker] INFO  manager.ListenerWD - After Find Element by --> By.id: make
10:01:50.097 [Test worker] INFO  manager.ListenerWD - Before Find Elements By -->By.id: model
10:01:50.112 [Test worker] INFO  manager.ListenerWD - After Find Element by --> By.id: model
10:01:50.208 [Test worker] INFO  manager.ListenerWD - Before Find Elements By -->By.id: year
10:01:50.225 [Test worker] INFO  manager.ListenerWD - After Find Element by --> By.id: year
10:01:50.862 [Test worker] INFO  manager.ListenerWD - Before Find Elements By -->By.id: engine
10:01:50.872 [Test worker] INFO  manager.ListenerWD - After Find Element by --> By.id: engine
10:01:50.983 [Test worker] INFO  manager.ListenerWD - Before Find Elements By -->By.id: fuel
10:01:50.993 [Test worker] INFO  manager.ListenerWD - After Find Element by --> By.id: fuel
10:01:51.111 [Test worker] INFO  manager.ListenerWD - Before Find Elements By -->By.id: gear
10:01:51.152 [Test worker] INFO  manager.ListenerWD - After Find Element by --> By.id: gear
10:01:51.230 [Test worker] INFO  manager.ListenerWD - Before Find Elements By -->By.id: wheelsDrive
10:01:51.244 [Test worker] INFO  manager.ListenerWD - After Find Element by --> By.id: wheelsDrive
10:01:51.464 [Test worker] INFO  manager.ListenerWD - Before Find Elements By -->By.id: doors
10:01:51.474 [Test worker] INFO  manager.ListenerWD - After Find Element by --> By.id: doors
10:01:51.556 [Test worker] INFO  manager.ListenerWD - Before Find Elements By -->By.id: seats
10:01:51.567 [Test worker] INFO  manager.ListenerWD - After Find Element by --> By.id: seats
10:01:51.636 [Test worker] INFO  manager.ListenerWD - Before Find Elements By -->By.id: class
10:01:51.646 [Test worker] INFO  manager.ListenerWD - After Find Element by --> By.id: class
10:01:51.789 [Test worker] INFO  manager.ListenerWD - Before Find Elements By -->By.id: fuelConsumption
10:01:51.811 [Test worker] INFO  manager.ListenerWD - After Find Element by --> By.id: fuelConsumption
10:01:51.889 [Test worker] INFO  manager.ListenerWD - Before Find Elements By -->By.id: serialNumber
10:01:51.902 [Test worker] INFO  manager.ListenerWD - After Find Element by --> By.id: serialNumber
10:01:52.223 [Test worker] INFO  manager.ListenerWD - Before Find Elements By -->By.id: price
10:01:52.234 [Test worker] INFO  manager.ListenerWD - After Find Element by --> By.id: price
10:01:52.309 [Test worker] INFO  manager.ListenerWD - Before Find Elements By -->By.id: distance
10:01:52.319 [Test worker] INFO  manager.ListenerWD - After Find Element by --> By.id: distance
10:01:52.538 [Test worker] INFO  manager.ListenerWD - Before Find Elements By -->By.cssSelector: .feature-input
10:01:52.552 [Test worker] INFO  manager.ListenerWD - After Find Element by --> By.cssSelector: .feature-input
10:01:52.670 [Test worker] INFO  manager.ListenerWD - Before Find Elements By -->By.id: about
10:01:52.686 [Test worker] INFO  manager.ListenerWD - After Find Element by --> By.id: about
10:01:52.893 [Test worker] INFO  manager.ListenerWD - Before Find Elements By -->By.id: photos
10:01:52.904 [Test worker] INFO  manager.ListenerWD - After Find Element by --> By.id: photos
10:01:53.168 [Test worker] INFO  manager.ListenerWD - Before Find Elements By -->By.xpath: //button[@type='submit']
10:01:53.177 [Test worker] INFO  manager.ListenerWD - After Find Element by --> By.xpath: //button[@type='submit']
10:01:54.789 [Test worker] INFO  manager.ListenerWD - Before Find Elements By -->By.xpath: //button[@type='submit']
10:01:54.799 [Test worker] INFO  manager.ListenerWD - After Find Element by --> By.xpath: //button[@type='submit']
10:01:54.919 [Test worker] INFO  manager.ListenerWD - Before Find Elements By -->By.cssSelector: div.dialog-container
10:01:55.472 [Test worker] INFO  manager.ListenerWD - After Find Element by --> By.cssSelector: div.dialog-container
10:01:55.488 [Test worker] INFO  manager.ListenerWD - Before Find Elements By -->By.cssSelector: div.dialog-container>h1
10:01:55.498 [Test worker] INFO  manager.ListenerWD - After Find Element by --> By.cssSelector: div.dialog-container>h1
10:01:55.516 [Test worker] INFO  manager.ListenerWD - Before Find Elements By -->By.xpath: //button[text()='Search cars']
10:02:00.656 [Test worker] INFO  manager.ListenerWD - The name of the error methodfindElement
10:02:00.663 [Test worker] INFO  manager.ListenerWD - Error description: org.openqa.selenium.NoSuchElementException: no such element: Unable to locate element: {"method":"xpath","selector":"//button[text()='Search cars']"}
  (Session info: chrome=106.0.5249.119)
For documentation on this error, please visit: https://selenium.dev/exceptions/#no_such_element
Build info: version: '4.4.0', revision: 'e5c75ed026a'
System info: host: 'Gurevichs-MBP.lan', ip: '2a0d:6fc2:4e60:a900:6c9e:3e0c:d52d:ff7d%en0', os.name: 'Mac OS X', os.arch: 'aarch64', os.version: '12.6', java.version: '11.0.16.1'
Driver info: org.openqa.selenium.chrome.ChromeDriver
Command: [239c4fa27dc6493689f0dd64606735b7, findElement {using=xpath, value=//button[text()='Search cars']}]
Capabilities {acceptInsecureCerts: false, browserName: chrome, browserVersion: 106.0.5249.119, chrome: {chromedriverVersion: 106.0.5249.61 (511755355844..., userDataDir: /var/folders/1t/ycm_f_n138g...}, goog:chromeOptions: {debuggerAddress: localhost:50401}, networkConnectionEnabled: false, pageLoadStrategy: normal, platformName: MAC, proxy: Proxy(), se:cdp: ws://localhost:50401/devtoo..., se:cdpVersion: 106.0.5249.119, setWindowRect: true, strictFileInteractability: false, timeouts: {implicit: 0, pageLoad: 300000, script: 30000}, unhandledPromptBehavior: dismiss and notify, webauthn:extension:credBlob: true, webauthn:extension:largeBlob: true, webauthn:virtualAuthenticators: true}
Session ID: 239c4fa27dc6493689f0dd64606735b7
10:02:00.664 [Test worker] INFO  manager.ListenerWD - ******************************
10:02:00.664 [Test worker] INFO  manager.ListenerWD - ChromeDriver: chrome on MAC (239c4fa27dc6493689f0dd64606735b7)
10:02:00.665 [Test worker] INFO  manager.ListenerWD - Screen with error is 1440src/test/Screenshots/screen1440.png
