10:54:39.497 [Test worker] INFO  manager.ApplicationManager - Chrome Driver was opened
10:54:44.478 [Test worker] INFO  manager.ApplicationManager - Current URL --> https://ilcarro-1578153671498.web.app/search
10:54:44.500 [Test worker] INFO  TestBase - START TEST WITH NAME: searchNextMonthSuccessFromHeader
10:54:44.501 [Test worker] INFO  manager.ListenerWD - Before Find Elements By -->By.cssSelector: [href='/search']
10:54:44.565 [Test worker] INFO  manager.ListenerWD - After Find Element by --> By.cssSelector: [href='/search']
10:54:44.719 [Test worker] INFO  manager.ListenerWD - Before Find Elements By -->By.cssSelector: #city
10:54:44.733 [Test worker] INFO  manager.ListenerWD - After Find Element by --> By.cssSelector: #city
10:54:45.809 [Test worker] INFO  manager.ListenerWD - Before Find Elements By -->By.cssSelector: div.pac-item
10:54:48.385 [Test worker] INFO  manager.ListenerWD - After Find Element by --> By.cssSelector: div.pac-item
10:54:50.132 [Test worker] INFO  manager.ListenerWD - Before Find Elements By -->By.cssSelector: #dates
10:54:50.165 [Test worker] INFO  manager.ListenerWD - After Find Element by --> By.cssSelector: #dates
10:54:51.478 [Test worker] INFO  manager.ListenerWD - After FInd Elements By -->By.xpath: //*[text()=' OCT 2022 ']
10:54:51.478 [Test worker] INFO  manager.ListenerWD - List size is-->2
10:54:51.478 [Test worker] INFO  manager.ListenerWD - Before Find Elements By -->By.xpath: //div[text()=' 25 ']
10:54:51.493 [Test worker] INFO  manager.ListenerWD - After Find Element by --> By.xpath: //div[text()=' 25 ']
10:54:51.626 [Test worker] INFO  manager.ListenerWD - Before Find Elements By -->By.xpath: //div[text()=' 30 ']
10:54:51.661 [Test worker] INFO  manager.ListenerWD - After Find Element by --> By.xpath: //div[text()=' 30 ']
10:54:52.329 [Test worker] INFO  manager.ListenerWD - Before Find Elements By -->By.xpath: //button[@type='submit']
10:54:52.355 [Test worker] INFO  manager.ListenerWD - After Find Element by --> By.xpath: //button[@type='submit']
10:54:52.404 [Test worker] INFO  manager.ListenerWD - Before Find Elements By -->By.xpath: //button[@type='submit']
10:54:52.413 [Test worker] INFO  manager.ListenerWD - After Find Element by --> By.xpath: //button[@type='submit']
10:54:54.167 [Test worker] INFO  manager.ListenerWD - After FInd Elements By -->By.cssSelector: .car-img-container
10:54:54.167 [Test worker] INFO  manager.ListenerWD - List size is-->10
