10:46:52.217 [Test worker] INFO  manager.ApplicationManager - Chrome Driver was opened
10:46:56.769 [Test worker] INFO  manager.ApplicationManager - Current URL --> https://ilcarro-1578153671498.web.app/search
10:46:56.794 [Test worker] INFO  TestBase - START TEST WITH NAME: searchNextMonthSuccessFromHeader
10:46:56.795 [Test worker] INFO  manager.ListenerWD - Before Find Elements By -->By.cssSelector: [href='/search']
10:46:56.852 [Test worker] INFO  manager.ListenerWD - After Find Element by --> By.cssSelector: [href='/search']
10:46:57.017 [Test worker] INFO  manager.ListenerWD - Before Find Elements By -->By.cssSelector: #city
10:46:57.031 [Test worker] INFO  manager.ListenerWD - After Find Element by --> By.cssSelector: #city
10:46:58.371 [Test worker] INFO  manager.ListenerWD - Before Find Elements By -->By.cssSelector: div.pac-item
10:47:00.523 [Test worker] INFO  manager.ListenerWD - After Find Element by --> By.cssSelector: div.pac-item
10:47:02.241 [Test worker] INFO  manager.ListenerWD - Before Find Elements By -->By.cssSelector: #dates
10:47:02.287 [Test worker] INFO  manager.ListenerWD - After Find Element by --> By.cssSelector: #dates
10:47:03.535 [Test worker] INFO  manager.ListenerWD - After FInd Elements By -->By.xpath: //*[text()=' OCT 2022 ']
10:47:03.535 [Test worker] INFO  manager.ListenerWD - List size is-->2
10:47:03.535 [Test worker] INFO  manager.ListenerWD - Before Find Elements By -->By.xpath: //div[text()=' 25 ']
10:47:03.548 [Test worker] INFO  manager.ListenerWD - After Find Element by --> By.xpath: //div[text()=' 25 ']
10:47:03.736 [Test worker] INFO  manager.ListenerWD - Before Find Elements By -->By.xpath: //div[text()=' 30 ']
10:47:03.766 [Test worker] INFO  manager.ListenerWD - After Find Element by --> By.xpath: //div[text()=' 30 ']
10:47:04.298 [Test worker] INFO  manager.ListenerWD - Before Find Elements By -->By.xpath: //button[@type='submit']
10:47:04.315 [Test worker] INFO  manager.ListenerWD - After Find Element by --> By.xpath: //button[@type='submit']
10:47:04.351 [Test worker] INFO  manager.ListenerWD - Before Find Elements By -->By.xpath: //button[@type='submit']
10:47:04.371 [Test worker] INFO  manager.ListenerWD - After Find Element by --> By.xpath: //button[@type='submit']
10:47:06.080 [Test worker] INFO  manager.ListenerWD - After FInd Elements By -->By.cssSelector: .car-img-container
10:47:06.081 [Test worker] INFO  manager.ListenerWD - List size is-->10
10:47:06.085 [Test worker] INFO  TestBase - START TEST WITH NAME: searchCurrentMonthSuccessFromMainPage
10:47:06.085 [Test worker] INFO  manager.ListenerWD - Before Find Elements By -->By.cssSelector: #city
10:47:06.122 [Test worker] INFO  manager.ListenerWD - After Find Element by --> By.cssSelector: #city
10:47:08.629 [Test worker] INFO  manager.ListenerWD - Before Find Elements By -->By.cssSelector: div.pac-item
10:47:08.782 [Test worker] INFO  manager.ListenerWD - After Find Element by --> By.cssSelector: div.pac-item
10:47:08.821 [Test worker] INFO  manager.ListenerWD - The name of the error methodclick
10:47:08.830 [Test worker] INFO  manager.ListenerWD - Error description: org.openqa.selenium.StaleElementReferenceException: stale element reference: element is not attached to the page document
  (Session info: chrome=106.0.5249.119)
For documentation on this error, please visit: https://selenium.dev/exceptions/#stale_element_reference
Build info: version: '4.4.0', revision: 'e5c75ed026a'
System info: host: 'Gurevichs-MBP.lan', ip: '2a0d:6fc2:4e60:a900:6c9e:3e0c:d52d:ff7d%en0', os.name: 'Mac OS X', os.arch: 'aarch64', os.version: '12.6', java.version: '11.0.16.1'
Driver info: org.openqa.selenium.chrome.ChromeDriver
Command: [89305b808ff9b9724078b3e8c812c964, clickElement {id=e7c6b385-86a1-4b6c-8e5b-bc6ef4b6a1c3}]
Capabilities {acceptInsecureCerts: false, browserName: chrome, browserVersion: 106.0.5249.119, chrome: {chromedriverVersion: 106.0.5249.61 (511755355844..., userDataDir: /var/folders/1t/ycm_f_n138g...}, goog:chromeOptions: {debuggerAddress: localhost:61068}, networkConnectionEnabled: false, pageLoadStrategy: normal, platformName: MAC, proxy: Proxy(), se:cdp: ws://localhost:61068/devtoo..., se:cdpVersion: 106.0.5249.119, setWindowRect: true, strictFileInteractability: false, timeouts: {implicit: 0, pageLoad: 300000, script: 30000}, unhandledPromptBehavior: dismiss and notify, webauthn:extension:credBlob: true, webauthn:extension:largeBlob: true, webauthn:virtualAuthenticators: true}
Element: [[ChromeDriver: chrome on MAC (89305b808ff9b9724078b3e8c812c964)] -> css selector: div.pac-item]
Session ID: 89305b808ff9b9724078b3e8c812c964
10:47:08.836 [Test worker] INFO  manager.ListenerWD - ******************************
10:47:08.837 [Test worker] INFO  manager.ListenerWD - [[ChromeDriver: chrome on MAC (89305b808ff9b9724078b3e8c812c964)] -> css selector: div.pac-item]
10:47:08.838 [Test worker] INFO  manager.ListenerWD - Screen with error is 1948src/test/Screenshots/screen1948.png
10:47:08.842 [Test worker] INFO  TestBase - START TEST WITH NAME: searchNextMonthSuccess
10:47:08.842 [Test worker] INFO  manager.ListenerWD - Before Find Elements By -->By.cssSelector: #city
10:47:08.851 [Test worker] INFO  manager.ListenerWD - After Find Element by --> By.cssSelector: #city
10:47:09.259 [Test worker] INFO  manager.ListenerWD - Before Find Elements By -->By.cssSelector: div.pac-item
10:47:09.275 [Test worker] INFO  manager.ListenerWD - After Find Element by --> By.cssSelector: div.pac-item
10:47:10.041 [Test worker] INFO  manager.ListenerWD - Before Find Elements By -->By.cssSelector: [formcontrolname='dates']
10:47:10.063 [Test worker] INFO  manager.ListenerWD - After Find Element by --> By.cssSelector: [formcontrolname='dates']
10:47:10.170 [Test worker] INFO  manager.ListenerWD - After FInd Elements By -->By.xpath: //*[text()=' OCT 2022 ']
10:47:10.170 [Test worker] INFO  manager.ListenerWD - List size is-->1
10:47:10.170 [Test worker] INFO  manager.ListenerWD - Before Find Elements By -->By.xpath: //div[text()=' 25 ']
10:47:10.179 [Test worker] INFO  manager.ListenerWD - After Find Element by --> By.xpath: //div[text()=' 25 ']
10:47:10.229 [Test worker] INFO  manager.ListenerWD - Before Find Elements By -->By.xpath: //div[text()=' 30 ']
10:47:10.239 [Test worker] INFO  manager.ListenerWD - After Find Element by --> By.xpath: //div[text()=' 30 ']
10:47:10.373 [Test worker] INFO  manager.ListenerWD - Before Find Elements By -->By.xpath: //button[@type='submit']
10:47:10.381 [Test worker] INFO  manager.ListenerWD - After Find Element by --> By.xpath: //button[@type='submit']
10:47:10.400 [Test worker] INFO  manager.ListenerWD - Before Find Elements By -->By.xpath: //button[@type='submit']
10:47:10.408 [Test worker] INFO  manager.ListenerWD - After Find Element by --> By.xpath: //button[@type='submit']
10:47:11.474 [Test worker] INFO  manager.ListenerWD - After FInd Elements By -->By.cssSelector: .car-img-container
10:47:11.474 [Test worker] INFO  manager.ListenerWD - List size is-->10
