17:42:01.466 [Test worker] INFO  manager.ApplicationManager - Chrome Driver was opened
17:42:05.372 [Test worker] INFO  manager.ApplicationManager - Current URL --> https://ilcarro-1578153671498.web.app/search
17:42:05.395 [Test worker] INFO  TestBase - START TEST WITH NAME: searchCurrentMonthSuccessFromMainPage
17:42:05.397 [Test worker] INFO  manager.ListenerWD - Before Find Elements By -->By.cssSelector: #city
17:42:05.490 [Test worker] INFO  manager.ListenerWD - After Find Element by --> By.cssSelector: #city
17:42:06.130 [Test worker] INFO  manager.ListenerWD - Before Find Elements By -->By.cssSelector: div.pac-item
17:42:06.960 [Test worker] INFO  manager.ListenerWD - After Find Element by --> By.cssSelector: div.pac-item
17:42:08.083 [Test worker] INFO  manager.ListenerWD - Before Find Elements By -->By.cssSelector: #dates
17:42:08.298 [Test worker] INFO  manager.ListenerWD - After Find Element by --> By.cssSelector: #dates
17:42:10.454 [Test worker] INFO  manager.ListenerWD - Before Find Elements By -->By.xpath: //div[text()=' 25 ']
17:42:10.565 [Test worker] INFO  manager.ListenerWD - After Find Element by --> By.xpath: //div[text()=' 25 ']
17:42:10.750 [Test worker] INFO  manager.ListenerWD - Before Find Elements By -->By.xpath: //div[text()=' 30 ']
17:42:10.764 [Test worker] INFO  manager.ListenerWD - After Find Element by --> By.xpath: //div[text()=' 30 ']
17:42:10.992 [Test worker] INFO  manager.ListenerWD - Before Find Elements By -->By.xpath: //button[@type='submit']
17:42:11.064 [Test worker] INFO  manager.ListenerWD - After Find Element by --> By.xpath: //button[@type='submit']
17:42:11.213 [Test worker] INFO  manager.ListenerWD - Before Find Elements By -->By.xpath: //button[@type='submit']
17:42:11.270 [Test worker] INFO  manager.ListenerWD - After Find Element by --> By.xpath: //button[@type='submit']
17:42:11.314 [Test worker] INFO  manager.ListenerWD - Before Find Elements By -->By.xpath: //button[@type='submit']
17:42:11.389 [Test worker] INFO  manager.ListenerWD - After Find Element by --> By.xpath: //button[@type='submit']
17:42:14.647 [Test worker] INFO  manager.ListenerWD - After FInd Elements By -->By.cssSelector: .car-img-container
17:42:14.648 [Test worker] INFO  manager.ListenerWD - List size is-->10
17:42:14.652 [Test worker] INFO  TestBase - START TEST WITH NAME: searchNextMonthSuccess
17:42:14.652 [Test worker] INFO  manager.ListenerWD - Before Find Elements By -->By.cssSelector: #city
17:42:14.693 [Test worker] INFO  manager.ListenerWD - After Find Element by --> By.cssSelector: #city
17:42:16.471 [Test worker] INFO  manager.ListenerWD - Before Find Elements By -->By.cssSelector: div.pac-item
17:42:16.480 [Test worker] INFO  manager.ListenerWD - After Find Element by --> By.cssSelector: div.pac-item
17:42:19.400 [Test worker] INFO  manager.ListenerWD - Before Find Elements By -->By.cssSelector: [formcontrolname='dates']
17:42:19.885 [Test worker] INFO  manager.ListenerWD - After Find Element by --> By.cssSelector: [formcontrolname='dates']
17:42:20.013 [Test worker] INFO  manager.ListenerWD - After FInd Elements By -->By.cssSelector: [aria-label='Previous month']
17:42:20.014 [Test worker] INFO  manager.ListenerWD - List size is-->1
17:42:20.014 [Test worker] INFO  manager.ListenerWD - Before Find Elements By -->By.cssSelector: [aria-label='Previous month']
17:42:20.026 [Test worker] INFO  manager.ListenerWD - After Find Element by --> By.cssSelector: [aria-label='Previous month']
17:42:20.032 [Test worker] INFO  manager.ListenerWD - Before Find Elements By -->By.cssSelector: .mat-calendar-next-button
17:42:20.042 [Test worker] INFO  manager.ListenerWD - After Find Element by --> By.cssSelector: .mat-calendar-next-button
17:42:20.170 [Test worker] INFO  manager.ListenerWD - Before Find Elements By -->By.xpath: //div[text()=' 25 ']
17:42:20.180 [Test worker] INFO  manager.ListenerWD - After Find Element by --> By.xpath: //div[text()=' 25 ']
17:42:20.314 [Test worker] INFO  manager.ListenerWD - Before Find Elements By -->By.xpath: //div[text()=' 30 ']
17:42:20.323 [Test worker] INFO  manager.ListenerWD - After Find Element by --> By.xpath: //div[text()=' 30 ']
17:42:20.377 [Test worker] INFO  manager.ListenerWD - Before Find Elements By -->By.xpath: //button[@type='submit']
17:42:20.387 [Test worker] INFO  manager.ListenerWD - After Find Element by --> By.xpath: //button[@type='submit']
17:42:20.412 [Test worker] INFO  manager.ListenerWD - Before Find Elements By -->By.xpath: //button[@type='submit']
17:42:20.419 [Test worker] INFO  manager.ListenerWD - After Find Element by --> By.xpath: //button[@type='submit']
17:42:20.425 [Test worker] INFO  manager.ListenerWD - Before Find Elements By -->By.xpath: //button[@type='submit']
17:42:20.439 [Test worker] INFO  manager.ListenerWD - After Find Element by --> By.xpath: //button[@type='submit']
17:42:21.638 [Test worker] INFO  manager.ListenerWD - After FInd Elements By -->By.cssSelector: .car-img-container
17:42:21.638 [Test worker] INFO  manager.ListenerWD - List size is-->10
17:42:21.639 [Test worker] INFO  TestBase - START TEST WITH NAME: searchNextMonthSuccessFromHeader
17:42:21.639 [Test worker] INFO  manager.ListenerWD - Before Find Elements By -->By.cssSelector: [href='/search']
17:42:21.669 [Test worker] INFO  manager.ListenerWD - After Find Element by --> By.cssSelector: [href='/search']
17:42:21.760 [Test worker] INFO  manager.ListenerWD - Before Find Elements By -->By.cssSelector: #city
17:42:21.768 [Test worker] INFO  manager.ListenerWD - After Find Element by --> By.cssSelector: #city
17:42:22.330 [Test worker] INFO  manager.ListenerWD - Before Find Elements By -->By.cssSelector: div.pac-item
17:42:22.339 [Test worker] INFO  manager.ListenerWD - After Find Element by --> By.cssSelector: div.pac-item
17:42:22.893 [Test worker] INFO  manager.ListenerWD - Before Find Elements By -->By.cssSelector: #dates
17:42:22.914 [Test worker] INFO  manager.ListenerWD - After Find Element by --> By.cssSelector: #dates
17:42:23.247 [Test worker] INFO  manager.ListenerWD - After FInd Elements By -->By.cssSelector: [aria-label='Previous month']
17:42:23.248 [Test worker] INFO  manager.ListenerWD - List size is-->1
17:42:23.248 [Test worker] INFO  manager.ListenerWD - Before Find Elements By -->By.cssSelector: [aria-label='Previous month']
17:42:23.255 [Test worker] INFO  manager.ListenerWD - After Find Element by --> By.cssSelector: [aria-label='Previous month']
17:42:23.260 [Test worker] INFO  manager.ListenerWD - Before Find Elements By -->By.cssSelector: .mat-calendar-next-button
17:42:23.267 [Test worker] INFO  manager.ListenerWD - After Find Element by --> By.cssSelector: .mat-calendar-next-button
17:42:23.312 [Test worker] INFO  manager.ListenerWD - Before Find Elements By -->By.xpath: //div[text()=' 25 ']
17:42:23.335 [Test worker] INFO  manager.ListenerWD - After Find Element by --> By.xpath: //div[text()=' 25 ']
17:42:23.374 [Test worker] INFO  manager.ListenerWD - Before Find Elements By -->By.xpath: //div[text()=' 30 ']
17:42:23.382 [Test worker] INFO  manager.ListenerWD - After Find Element by --> By.xpath: //div[text()=' 30 ']
17:42:23.433 [Test worker] INFO  manager.ListenerWD - Before Find Elements By -->By.xpath: //button[@type='submit']
17:42:23.456 [Test worker] INFO  manager.ListenerWD - After Find Element by --> By.xpath: //button[@type='submit']
17:42:23.465 [Test worker] INFO  manager.ListenerWD - Before Find Elements By -->By.xpath: //button[@type='submit']
17:42:23.473 [Test worker] INFO  manager.ListenerWD - After Find Element by --> By.xpath: //button[@type='submit']
17:42:23.478 [Test worker] INFO  manager.ListenerWD - Before Find Elements By -->By.xpath: //button[@type='submit']
17:42:23.486 [Test worker] INFO  manager.ListenerWD - After Find Element by --> By.xpath: //button[@type='submit']
17:42:25.657 [Test worker] INFO  manager.ListenerWD - After FInd Elements By -->By.cssSelector: .car-img-container
17:42:25.657 [Test worker] INFO  manager.ListenerWD - List size is-->10
17:42:25.657 [Test worker] INFO  manager.ListenerWD - Before Find Elements By -->By.cssSelector: input[aria-haspopup='dialog']
17:42:25.666 [Test worker] INFO  manager.ListenerWD - After Find Element by --> By.cssSelector: input[aria-haspopup='dialog']
17:42:25.667 [Test worker] INFO  TestBase - START TEST WITH NAME: searchAnyPeriod
17:42:25.668 [Test worker] INFO  manager.ListenerWD - Before Find Elements By -->By.cssSelector: #city
17:42:25.675 [Test worker] INFO  manager.ListenerWD - After Find Element by --> By.cssSelector: #city
17:42:25.936 [Test worker] INFO  manager.ListenerWD - Before Find Elements By -->By.cssSelector: div.pac-item
17:42:25.966 [Test worker] INFO  manager.ListenerWD - After Find Element by --> By.cssSelector: div.pac-item
17:42:30.989 [Test worker] INFO  manager.ListenerWD - The name of the error methodclick
17:42:31.013 [Test worker] INFO  manager.ListenerWD - Error description: org.openqa.selenium.ElementNotInteractableException: element not interactable
  (Session info: chrome=106.0.5249.119)
Build info: version: '4.4.0', revision: 'e5c75ed026a'
System info: host: 'Gurevichs-MBP.lan', ip: '2a0d:6fc2:4e60:a900:6c9e:3e0c:d52d:ff7d%en0', os.name: 'Mac OS X', os.arch: 'aarch64', os.version: '12.6', java.version: '11.0.16.1'
Driver info: org.openqa.selenium.chrome.ChromeDriver
Command: [94dd2b6ef5bfa56e0071897c6c35aa66, clickElement {id=8b366cb7-c3b5-4956-bec0-0ae4c62d07b9}]
Capabilities {acceptInsecureCerts: false, browserName: chrome, browserVersion: 106.0.5249.119, chrome: {chromedriverVersion: 106.0.5249.61 (511755355844..., userDataDir: /var/folders/1t/ycm_f_n138g...}, goog:chromeOptions: {debuggerAddress: localhost:50878}, networkConnectionEnabled: false, pageLoadStrategy: normal, platformName: MAC, proxy: Proxy(), se:cdp: ws://localhost:50878/devtoo..., se:cdpVersion: 106.0.5249.119, setWindowRect: true, strictFileInteractability: false, timeouts: {implicit: 0, pageLoad: 300000, script: 30000}, unhandledPromptBehavior: dismiss and notify, webauthn:extension:credBlob: true, webauthn:extension:largeBlob: true, webauthn:virtualAuthenticators: true}
Element: [[ChromeDriver: chrome on MAC (94dd2b6ef5bfa56e0071897c6c35aa66)] -> css selector: div.pac-item]
Session ID: 94dd2b6ef5bfa56e0071897c6c35aa66
17:42:31.013 [Test worker] INFO  manager.ListenerWD - ******************************
17:42:31.013 [Test worker] INFO  manager.ListenerWD - [[ChromeDriver: chrome on MAC (94dd2b6ef5bfa56e0071897c6c35aa66)] -> css selector: div.pac-item]
17:42:31.015 [Test worker] INFO  manager.ListenerWD - Screen with error is 1778src/test/Screenshots/screen1778.png
17:42:31.018 [Test worker] INFO  TestBase - START TEST WITH NAME: searchInPast
17:42:31.019 [Test worker] INFO  manager.ListenerWD - Before Find Elements By -->By.cssSelector: #city
17:42:31.028 [Test worker] INFO  manager.ListenerWD - After Find Element by --> By.cssSelector: #city
17:42:31.176 [Test worker] INFO  manager.ListenerWD - Before Find Elements By -->By.cssSelector: div.pac-item
17:42:31.183 [Test worker] INFO  manager.ListenerWD - After Find Element by --> By.cssSelector: div.pac-item
17:42:36.203 [Test worker] INFO  manager.ListenerWD - The name of the error methodclick
17:42:36.203 [Test worker] INFO  manager.ListenerWD - Error description: org.openqa.selenium.ElementNotInteractableException: element not interactable
  (Session info: chrome=106.0.5249.119)
Build info: version: '4.4.0', revision: 'e5c75ed026a'
System info: host: 'Gurevichs-MBP.lan', ip: '2a0d:6fc2:4e60:a900:6c9e:3e0c:d52d:ff7d%en0', os.name: 'Mac OS X', os.arch: 'aarch64', os.version: '12.6', java.version: '11.0.16.1'
Driver info: org.openqa.selenium.chrome.ChromeDriver
Command: [94dd2b6ef5bfa56e0071897c6c35aa66, clickElement {id=8b366cb7-c3b5-4956-bec0-0ae4c62d07b9}]
Capabilities {acceptInsecureCerts: false, browserName: chrome, browserVersion: 106.0.5249.119, chrome: {chromedriverVersion: 106.0.5249.61 (511755355844..., userDataDir: /var/folders/1t/ycm_f_n138g...}, goog:chromeOptions: {debuggerAddress: localhost:50878}, networkConnectionEnabled: false, pageLoadStrategy: normal, platformName: MAC, proxy: Proxy(), se:cdp: ws://localhost:50878/devtoo..., se:cdpVersion: 106.0.5249.119, setWindowRect: true, strictFileInteractability: false, timeouts: {implicit: 0, pageLoad: 300000, script: 30000}, unhandledPromptBehavior: dismiss and notify, webauthn:extension:credBlob: true, webauthn:extension:largeBlob: true, webauthn:virtualAuthenticators: true}
Element: [[ChromeDriver: chrome on MAC (94dd2b6ef5bfa56e0071897c6c35aa66)] -> css selector: div.pac-item]
Session ID: 94dd2b6ef5bfa56e0071897c6c35aa66
17:42:36.204 [Test worker] INFO  manager.ListenerWD - ******************************
17:42:36.204 [Test worker] INFO  manager.ListenerWD - [[ChromeDriver: chrome on MAC (94dd2b6ef5bfa56e0071897c6c35aa66)] -> css selector: div.pac-item]
17:42:36.204 [Test worker] INFO  manager.ListenerWD - Screen with error is 1219src/test/Screenshots/screen1219.png
