11:05:39.797 [Test worker] INFO  manager.ApplicationManager - Chrome Driver was opened
11:05:43.405 [Test worker] INFO  manager.ApplicationManager - Current URL --> https://ilcarro-1578153671498.web.app/search
11:05:43.427 [Test worker] INFO  TestBase - START TEST WITH NAME: registrationWrongPassword
11:05:48.484 [Test worker] INFO  manager.ListenerWD - After FInd Elements By -->By.xpath: //*[text()=' Logout ']
11:05:48.484 [Test worker] INFO  manager.ListenerWD - List size is-->0
11:05:48.486 [Test worker] INFO  manager.ListenerWD - Before Find Elements By -->By.xpath: //a[text()=' Sign up ']
11:05:48.523 [Test worker] INFO  manager.ListenerWD - After Find Element by --> By.xpath: //a[text()=' Sign up ']
11:05:49.374 [Test worker] INFO  manager.ListenerWD - Before Find Elements By -->By.cssSelector: #name
11:05:49.824 [Test worker] INFO  manager.ListenerWD - After Find Element by --> By.cssSelector: #name
11:05:50.594 [Test worker] INFO  manager.ListenerWD - Before Find Elements By -->By.cssSelector: #lastName
11:05:50.606 [Test worker] INFO  manager.ListenerWD - After Find Element by --> By.cssSelector: #lastName
11:05:50.844 [Test worker] INFO  manager.ListenerWD - Before Find Elements By -->By.id: email
11:05:50.864 [Test worker] INFO  manager.ListenerWD - After Find Element by --> By.id: email
11:05:51.659 [Test worker] INFO  manager.ListenerWD - Before Find Elements By -->By.id: password
11:05:51.754 [Test worker] INFO  manager.ListenerWD - After Find Element by --> By.id: password
11:05:53.046 [Test worker] INFO  manager.ListenerWD - Before Find Elements By -->By.cssSelector: label[for='terms-of-use']
11:05:53.101 [Test worker] INFO  manager.ListenerWD - After Find Element by --> By.cssSelector: label[for='terms-of-use']
11:05:53.491 [Test worker] INFO  manager.ListenerWD - After FInd Elements By -->By.cssSelector: button[disabled]
11:05:53.491 [Test worker] INFO  manager.ListenerWD - List size is-->1
11:05:53.491 [Test worker] INFO  manager.ListenerWD - Before Find Elements By -->By.cssSelector: [type='submit']
11:05:53.507 [Test worker] INFO  manager.ListenerWD - After Find Element by --> By.cssSelector: [type='submit']
11:05:53.520 [Test worker] INFO  manager.ListenerWD - Before Find Elements By -->By.cssSelector: div.error
11:05:53.543 [Test worker] INFO  manager.ListenerWD - After Find Element by --> By.cssSelector: div.error
11:05:58.795 [Test worker] INFO  manager.ListenerWD - After FInd Elements By -->By.xpath: //button[text()='Ok']
11:05:58.795 [Test worker] INFO  manager.ListenerWD - List size is-->0
