17:13:44.147 [Test worker] INFO  manager.ApplicationManager - Chrome Driver was opened
17:13:47.690 [Test worker] INFO  manager.ApplicationManager - Current URL --> https://ilcarro-1578153671498.web.app/search
17:13:47.720 [Test worker] INFO  TestBase - START TEST WITH NAME: searchInPast
17:13:47.722 [Test worker] INFO  manager.ListenerWD - Before Find Elements By -->By.cssSelector: #city
17:13:47.830 [Test worker] INFO  manager.ListenerWD - After Find Element by --> By.cssSelector: #city
17:13:48.395 [Test worker] INFO  manager.ListenerWD - Before Find Elements By -->By.cssSelector: div.pac-item
17:13:49.151 [Test worker] INFO  manager.ListenerWD - After Find Element by --> By.cssSelector: div.pac-item
17:13:50.361 [Test worker] INFO  manager.ListenerWD - Before Find Elements By -->By.id: dates
17:13:51.365 [Test worker] INFO  manager.ListenerWD - After Find Element by --> By.id: dates
17:13:53.809 [Test worker] INFO  manager.ListenerWD - Before Find Elements By -->By.xpath: //button[@type='submit']
17:13:54.141 [Test worker] INFO  manager.ListenerWD - After Find Element by --> By.xpath: //button[@type='submit']
17:13:55.241 [Test worker] INFO  manager.ListenerWD - The name of the error methodclick
17:13:55.265 [Test worker] INFO  manager.ListenerWD - Error description: org.openqa.selenium.ElementClickInterceptedException: element click intercepted: Element <button _ngcontent-wsm-c72="" type="submit" disabled="">...</button> is not clickable at point (207, 398). Other element would receive the click: <div class="cdk-overlay-backdrop mat-overlay-transparent-backdrop cdk-overlay-backdrop-showing"></div>
  (Session info: chrome=106.0.5249.119)
Build info: version: '4.4.0', revision: 'e5c75ed026a'
System info: host: 'Gurevichs-MBP.lan', ip: '2a0d:6fc2:4e60:a900:6c9e:3e0c:d52d:ff7d%en0', os.name: 'Mac OS X', os.arch: 'aarch64', os.version: '12.6', java.version: '11.0.16.1'
Driver info: org.openqa.selenium.chrome.ChromeDriver
Command: [c29c5119b34ddd925d8c89ebc751d12d, clickElement {id=142f1d42-cd71-4f0f-8459-79be2ee3b262}]
Capabilities {acceptInsecureCerts: false, browserName: chrome, browserVersion: 106.0.5249.119, chrome: {chromedriverVersion: 106.0.5249.61 (511755355844..., userDataDir: /var/folders/1t/ycm_f_n138g...}, goog:chromeOptions: {debuggerAddress: localhost:59979}, networkConnectionEnabled: false, pageLoadStrategy: normal, platformName: MAC, proxy: Proxy(), se:cdp: ws://localhost:59979/devtoo..., se:cdpVersion: 106.0.5249.119, setWindowRect: true, strictFileInteractability: false, timeouts: {implicit: 0, pageLoad: 300000, script: 30000}, unhandledPromptBehavior: dismiss and notify, webauthn:extension:credBlob: true, webauthn:extension:largeBlob: true, webauthn:virtualAuthenticators: true}
Element: [[ChromeDriver: chrome on MAC (c29c5119b34ddd925d8c89ebc751d12d)] -> xpath: //button[@type='submit']]
Session ID: c29c5119b34ddd925d8c89ebc751d12d
17:13:55.265 [Test worker] INFO  manager.ListenerWD - ******************************
17:13:55.265 [Test worker] INFO  manager.ListenerWD - [[ChromeDriver: chrome on MAC (c29c5119b34ddd925d8c89ebc751d12d)] -> xpath: //button[@type='submit']]
17:13:55.267 [Test worker] INFO  manager.ListenerWD - Screen with error is 1365src/test/Screenshots/screen1365.png
