17:39:52.535 [Test worker] INFO  manager.ApplicationManager - Chrome Driver was opened
17:39:55.963 [Test worker] INFO  manager.ApplicationManager - Current URL --> https://ilcarro-1578153671498.web.app/search
17:39:55.989 [Test worker] INFO  TestBase - START TEST WITH NAME: searchNextMonthSuccessFromHeader
17:39:55.990 [Test worker] INFO  manager.ListenerWD - Before Find Elements By -->By.cssSelector: [href='/search']
17:39:56.042 [Test worker] INFO  manager.ListenerWD - After Find Element by --> By.cssSelector: [href='/search']
17:39:56.195 [Test worker] INFO  manager.ListenerWD - Before Find Elements By -->By.cssSelector: #city
17:39:56.208 [Test worker] INFO  manager.ListenerWD - After Find Element by --> By.cssSelector: #city
17:39:56.880 [Test worker] INFO  manager.ListenerWD - Before Find Elements By -->By.cssSelector: div.pac-item
17:39:58.068 [Test worker] INFO  manager.ListenerWD - After Find Element by --> By.cssSelector: div.pac-item
17:40:00.954 [Test worker] INFO  manager.ListenerWD - Before Find Elements By -->By.cssSelector: #dates
17:40:00.987 [Test worker] INFO  manager.ListenerWD - After Find Element by --> By.cssSelector: #dates
17:40:01.626 [Test worker] INFO  manager.ListenerWD - After FInd Elements By -->By.cssSelector: [aria-label='Previous month']
17:40:01.626 [Test worker] INFO  manager.ListenerWD - List size is-->1
17:40:01.626 [Test worker] INFO  manager.ListenerWD - Before Find Elements By -->By.cssSelector: [aria-label='Previous month']
17:40:01.639 [Test worker] INFO  manager.ListenerWD - After Find Element by --> By.cssSelector: [aria-label='Previous month']
17:40:01.646 [Test worker] INFO  manager.ListenerWD - Before Find Elements By -->By.cssSelector: .mat-calendar-next-button
17:40:01.662 [Test worker] INFO  manager.ListenerWD - After Find Element by --> By.cssSelector: .mat-calendar-next-button
17:40:01.972 [Test worker] INFO  manager.ListenerWD - Before Find Elements By -->By.xpath: //div[text()=' 25 ']
17:40:02.053 [Test worker] INFO  manager.ListenerWD - After Find Element by --> By.xpath: //div[text()=' 25 ']
17:40:02.516 [Test worker] INFO  manager.ListenerWD - Before Find Elements By -->By.xpath: //div[text()=' 30 ']
17:40:02.652 [Test worker] INFO  manager.ListenerWD - After Find Element by --> By.xpath: //div[text()=' 30 ']
17:40:03.180 [Test worker] INFO  manager.ListenerWD - Before Find Elements By -->By.xpath: //button[@type='submit']
17:40:03.197 [Test worker] INFO  manager.ListenerWD - After Find Element by --> By.xpath: //button[@type='submit']
17:40:03.227 [Test worker] INFO  manager.ListenerWD - Before Find Elements By -->By.xpath: //button[@type='submit']
17:40:03.235 [Test worker] INFO  manager.ListenerWD - After Find Element by --> By.xpath: //button[@type='submit']
17:40:03.242 [Test worker] INFO  manager.ListenerWD - Before Find Elements By -->By.xpath: //button[@type='submit']
17:40:03.251 [Test worker] INFO  manager.ListenerWD - After Find Element by --> By.xpath: //button[@type='submit']
17:40:07.072 [Test worker] INFO  manager.ListenerWD - After FInd Elements By -->By.cssSelector: .car-img-container
17:40:07.073 [Test worker] INFO  manager.ListenerWD - List size is-->10
17:40:07.074 [Test worker] INFO  manager.ListenerWD - Before Find Elements By -->By.cssSelector: input[aria-haspopup='dialog']
17:40:07.088 [Test worker] INFO  manager.ListenerWD - After Find Element by --> By.cssSelector: input[aria-haspopup='dialog']
