15:39:49.950 [Test worker] INFO  manager.ApplicationManager - Chrome Driver was opened
15:39:53.473 [Test worker] INFO  manager.ApplicationManager - Current URL --> https://ilcarro-1578153671498.web.app/search
15:39:53.495 [Test worker] INFO  TestBase - START TEST WITH NAME: searchCurrentMonthSuccess
15:39:53.496 [Test worker] INFO  manager.ListenerWD - Before Find Elements By -->By.cssSelector: #city
15:39:53.602 [Test worker] INFO  manager.ListenerWD - After Find Element by --> By.cssSelector: #city
15:39:54.187 [Test worker] INFO  manager.ListenerWD - Before Find Elements By -->By.cssSelector: div.pac-item
15:39:55.156 [Test worker] INFO  manager.ListenerWD - After Find Element by --> By.cssSelector: div.pac-item
15:39:56.384 [Test worker] INFO  manager.ListenerWD - Before Find Elements By -->By.cssSelector: #dates
15:39:57.695 [Test worker] INFO  manager.ListenerWD - After Find Element by --> By.cssSelector: #dates
15:39:58.575 [Test worker] INFO  manager.ListenerWD - Before Find Elements By -->By.xpath: //div[text()=' 25 ']
15:39:58.681 [Test worker] INFO  manager.ListenerWD - After Find Element by --> By.xpath: //div[text()=' 25 ']
15:39:58.858 [Test worker] INFO  manager.ListenerWD - Before Find Elements By -->By.xpath: //div[text()=' 30 ']
15:39:58.872 [Test worker] INFO  manager.ListenerWD - After Find Element by --> By.xpath: //div[text()=' 30 ']
15:39:59.086 [Test worker] INFO  manager.ListenerWD - Before Find Elements By -->By.xpath: //button[@type='submit']
15:39:59.167 [Test worker] INFO  manager.ListenerWD - After Find Element by --> By.xpath: //button[@type='submit']
15:39:59.353 [Test worker] INFO  manager.ListenerWD - Before Find Elements By -->By.xpath: //button[@type='submit']
15:39:59.448 [Test worker] INFO  manager.ListenerWD - After Find Element by --> By.xpath: //button[@type='submit']
15:40:01.858 [Test worker] INFO  manager.ListenerWD - After FInd Elements By -->By.cssSelector: .car-img-container
15:40:01.858 [Test worker] INFO  manager.ListenerWD - List size is-->10
15:40:01.861 [Test worker] INFO  TestBase - START TEST WITH NAME: searchNextMonthSuccess
15:40:01.861 [Test worker] INFO  manager.ListenerWD - Before Find Elements By -->By.cssSelector: #city
15:40:02.394 [Test worker] INFO  manager.ListenerWD - After Find Element by --> By.cssSelector: #city
15:40:03.439 [Test worker] INFO  manager.ListenerWD - Before Find Elements By -->By.cssSelector: div.pac-item
15:40:03.483 [Test worker] INFO  manager.ListenerWD - After Find Element by --> By.cssSelector: div.pac-item
15:40:04.073 [Test worker] INFO  manager.ListenerWD - Before Find Elements By -->By.cssSelector: [formcontrolname='dates']
15:40:04.102 [Test worker] INFO  manager.ListenerWD - After Find Element by --> By.cssSelector: [formcontrolname='dates']
15:40:04.236 [Test worker] INFO  manager.ListenerWD - After FInd Elements By -->By.xpath: //*[text()=' OCT 2022 ']
15:40:04.236 [Test worker] INFO  manager.ListenerWD - List size is-->1
15:40:04.236 [Test worker] INFO  manager.ListenerWD - Before Find Elements By -->By.xpath: //div[text()=' 25 ']
15:40:04.244 [Test worker] INFO  manager.ListenerWD - After Find Element by --> By.xpath: //div[text()=' 25 ']
15:40:04.285 [Test worker] INFO  manager.ListenerWD - Before Find Elements By -->By.xpath: //div[text()=' 30 ']
15:40:04.293 [Test worker] INFO  manager.ListenerWD - After Find Element by --> By.xpath: //div[text()=' 30 ']
15:40:04.368 [Test worker] INFO  manager.ListenerWD - Before Find Elements By -->By.xpath: //button[@type='submit']
15:40:04.381 [Test worker] INFO  manager.ListenerWD - After Find Element by --> By.xpath: //button[@type='submit']
15:40:04.398 [Test worker] INFO  manager.ListenerWD - Before Find Elements By -->By.xpath: //button[@type='submit']
15:40:04.406 [Test worker] INFO  manager.ListenerWD - After Find Element by --> By.xpath: //button[@type='submit']
15:40:08.154 [Test worker] INFO  manager.ListenerWD - After FInd Elements By -->By.cssSelector: .car-img-container
15:40:08.154 [Test worker] INFO  manager.ListenerWD - List size is-->10
15:40:08.155 [Test worker] INFO  TestBase - START TEST WITH NAME: searchNextMonthSuccessFromHeader
15:40:08.155 [Test worker] INFO  manager.ListenerWD - Before Find Elements By -->By.cssSelector: #city
15:40:08.195 [Test worker] INFO  manager.ListenerWD - After Find Element by --> By.cssSelector: #city
15:40:09.212 [Test worker] INFO  manager.ListenerWD - Before Find Elements By -->By.cssSelector: div.pac-item
15:40:09.225 [Test worker] INFO  manager.ListenerWD - After Find Element by --> By.cssSelector: div.pac-item
15:40:09.861 [Test worker] INFO  manager.ListenerWD - Before Find Elements By -->By.cssSelector: [formcontrolname='dates']
15:40:11.004 [Test worker] INFO  manager.ListenerWD - After Find Element by --> By.cssSelector: [formcontrolname='dates']
15:40:11.218 [Test worker] INFO  manager.ListenerWD - After FInd Elements By -->By.xpath: //*[text()=' OCT 2022 ']
15:40:11.218 [Test worker] INFO  manager.ListenerWD - List size is-->1
15:40:11.218 [Test worker] INFO  manager.ListenerWD - Before Find Elements By -->By.xpath: //div[text()=' 25 ']
15:40:11.226 [Test worker] INFO  manager.ListenerWD - After Find Element by --> By.xpath: //div[text()=' 25 ']
15:40:11.330 [Test worker] INFO  manager.ListenerWD - Before Find Elements By -->By.xpath: //div[text()=' 30 ']
15:40:11.341 [Test worker] INFO  manager.ListenerWD - After Find Element by --> By.xpath: //div[text()=' 30 ']
15:40:11.433 [Test worker] INFO  manager.ListenerWD - Before Find Elements By -->By.xpath: //button[@type='submit']
15:40:11.457 [Test worker] INFO  manager.ListenerWD - After Find Element by --> By.xpath: //button[@type='submit']
15:40:11.469 [Test worker] INFO  manager.ListenerWD - Before Find Elements By -->By.xpath: //button[@type='submit']
15:40:11.476 [Test worker] INFO  manager.ListenerWD - After Find Element by --> By.xpath: //button[@type='submit']
15:40:11.533 [Test worker] INFO  manager.ListenerWD - After FInd Elements By -->By.cssSelector: .car-img-container
15:40:11.533 [Test worker] INFO  manager.ListenerWD - List size is-->10
