15:47:38.248 [Test worker] INFO  manager.ApplicationManager - Chrome Driver was opened
15:47:41.884 [Test worker] INFO  manager.ApplicationManager - Current URL --> https://ilcarro-1578153671498.web.app/search
15:47:41.908 [Test worker] INFO  TestBase - START TEST WITH NAME: addCarSuccess
15:47:46.963 [Test worker] INFO  manager.ListenerWD - After FInd Elements By -->By.xpath: //*[text()=' Logout ']
15:47:46.964 [Test worker] INFO  manager.ListenerWD - List size is-->0
15:47:46.964 [Test worker] INFO  manager.ListenerWD - Before Find Elements By -->By.xpath: //*[text()=' Log in ']
15:47:47.002 [Test worker] INFO  manager.ListenerWD - After Find Element by --> By.xpath: //*[text()=' Log in ']
15:47:47.253 [Test worker] INFO  manager.ListenerWD - Before Find Elements By -->By.id: email
15:47:47.268 [Test worker] INFO  manager.ListenerWD - After Find Element by --> By.id: email
15:47:47.821 [Test worker] INFO  manager.ListenerWD - Before Find Elements By -->By.id: password
15:47:47.840 [Test worker] INFO  manager.ListenerWD - After Find Element by --> By.id: password
15:47:48.396 [Test worker] INFO  manager.ListenerWD - Before Find Elements By -->By.xpath: //button[@type='submit']
15:47:48.456 [Test worker] INFO  manager.ListenerWD - After Find Element by --> By.xpath: //button[@type='submit']
15:47:48.536 [Test worker] INFO  manager.ListenerWD - Before Find Elements By -->By.xpath: //button[@type='submit']
15:47:48.557 [Test worker] INFO  manager.ListenerWD - After Find Element by --> By.xpath: //button[@type='submit']
15:47:51.106 [Test worker] INFO  manager.ListenerWD - After FInd Elements By -->By.xpath: //button[text()='Ok']
15:47:51.107 [Test worker] INFO  manager.ListenerWD - List size is-->1
15:47:51.107 [Test worker] INFO  manager.ListenerWD - Before Find Elements By -->By.xpath: //button[text()='Ok']
15:47:51.119 [Test worker] INFO  manager.ListenerWD - After Find Element by --> By.xpath: //button[text()='Ok']
15:47:53.241 [Test worker] INFO  manager.ListenerWD - Before Find Elements By -->By.cssSelector: [href='/let-car-work']
15:47:53.282 [Test worker] INFO  manager.ListenerWD - After Find Element by --> By.cssSelector: [href='/let-car-work']
15:47:54.715 [Test worker] INFO  manager.ListenerWD - Before Find Elements By -->By.id: pickUpPlace
15:47:54.757 [Test worker] INFO  manager.ListenerWD - After Find Element by --> By.id: pickUpPlace
15:47:55.637 [Test worker] INFO  manager.ListenerWD - Before Find Elements By -->By.cssSelector: div.pac-item
15:47:56.184 [Test worker] INFO  manager.ListenerWD - After Find Element by --> By.cssSelector: div.pac-item
15:47:56.851 [Test worker] INFO  manager.ListenerWD - Before Find Elements By -->By.id: make
15:47:56.874 [Test worker] INFO  manager.ListenerWD - After Find Element by --> By.id: make
15:47:56.964 [Test worker] INFO  manager.ListenerWD - Before Find Elements By -->By.id: model
15:47:56.974 [Test worker] INFO  manager.ListenerWD - After Find Element by --> By.id: model
15:47:57.038 [Test worker] INFO  manager.ListenerWD - Before Find Elements By -->By.id: year
15:47:57.049 [Test worker] INFO  manager.ListenerWD - After Find Element by --> By.id: year
15:47:57.149 [Test worker] INFO  manager.ListenerWD - Before Find Elements By -->By.id: engine
15:47:57.160 [Test worker] INFO  manager.ListenerWD - After Find Element by --> By.id: engine
15:47:57.501 [Test worker] INFO  manager.ListenerWD - Before Find Elements By -->By.id: fuel
15:47:57.511 [Test worker] INFO  manager.ListenerWD - After Find Element by --> By.id: fuel
15:47:57.662 [Test worker] INFO  manager.ListenerWD - Before Find Elements By -->By.id: gear
15:47:57.678 [Test worker] INFO  manager.ListenerWD - After Find Element by --> By.id: gear
15:47:57.943 [Test worker] INFO  manager.ListenerWD - Before Find Elements By -->By.id: wheelsDrive
15:47:57.955 [Test worker] INFO  manager.ListenerWD - After Find Element by --> By.id: wheelsDrive
15:47:58.061 [Test worker] INFO  manager.ListenerWD - Before Find Elements By -->By.id: doors
15:47:58.073 [Test worker] INFO  manager.ListenerWD - After Find Element by --> By.id: doors
15:47:58.184 [Test worker] INFO  manager.ListenerWD - Before Find Elements By -->By.id: seats
15:47:58.193 [Test worker] INFO  manager.ListenerWD - After Find Element by --> By.id: seats
15:47:58.362 [Test worker] INFO  manager.ListenerWD - Before Find Elements By -->By.id: class
15:47:58.372 [Test worker] INFO  manager.ListenerWD - After Find Element by --> By.id: class
15:47:58.655 [Test worker] INFO  manager.ListenerWD - Before Find Elements By -->By.id: fuelConsumption
15:47:58.664 [Test worker] INFO  manager.ListenerWD - After Find Element by --> By.id: fuelConsumption
15:47:58.815 [Test worker] INFO  manager.ListenerWD - Before Find Elements By -->By.id: serialNumber
15:47:58.826 [Test worker] INFO  manager.ListenerWD - After Find Element by --> By.id: serialNumber
15:47:59.042 [Test worker] INFO  manager.ListenerWD - Before Find Elements By -->By.id: price
15:47:59.070 [Test worker] INFO  manager.ListenerWD - After Find Element by --> By.id: price
15:47:59.213 [Test worker] INFO  manager.ListenerWD - Before Find Elements By -->By.id: distance
15:47:59.223 [Test worker] INFO  manager.ListenerWD - After Find Element by --> By.id: distance
15:47:59.325 [Test worker] INFO  manager.ListenerWD - Before Find Elements By -->By.cssSelector: .feature-input
15:47:59.340 [Test worker] INFO  manager.ListenerWD - After Find Element by --> By.cssSelector: .feature-input
15:47:59.583 [Test worker] INFO  manager.ListenerWD - Before Find Elements By -->By.id: about
15:47:59.599 [Test worker] INFO  manager.ListenerWD - After Find Element by --> By.id: about
15:47:59.906 [Test worker] INFO  manager.ListenerWD - Before Find Elements By -->By.id: photos
15:47:59.917 [Test worker] INFO  manager.ListenerWD - After Find Element by --> By.id: photos
15:48:00.912 [Test worker] INFO  manager.ListenerWD - Before Find Elements By -->By.xpath: //button[@type='submit']
15:48:00.928 [Test worker] INFO  manager.ListenerWD - After Find Element by --> By.xpath: //button[@type='submit']
15:48:02.524 [Test worker] INFO  manager.ListenerWD - Before Find Elements By -->By.xpath: //button[@type='submit']
15:48:02.532 [Test worker] INFO  manager.ListenerWD - After Find Element by --> By.xpath: //button[@type='submit']
15:48:02.644 [Test worker] INFO  manager.ListenerWD - Before Find Elements By -->By.cssSelector: div.dialog-container
15:48:03.751 [Test worker] INFO  manager.ListenerWD - After Find Element by --> By.cssSelector: div.dialog-container
15:48:03.761 [Test worker] INFO  manager.ListenerWD - Before Find Elements By -->By.cssSelector: div.dialog-container>h1
15:48:03.771 [Test worker] INFO  manager.ListenerWD - After Find Element by --> By.cssSelector: div.dialog-container>h1
15:48:03.785 [Test worker] INFO  manager.ListenerWD - Before Find Elements By -->By.xpath: //button[text()='Search cars']
15:48:03.803 [Test worker] INFO  manager.ListenerWD - After Find Element by --> By.xpath: //button[text()='Search cars']
15:48:03.849 [Test worker] INFO  TestBase - START TEST WITH NAME: addCarSuccessDP
15:48:03.857 [Test worker] INFO  manager.ListenerWD - After FInd Elements By -->By.xpath: //*[text()=' Logout ']
15:48:03.857 [Test worker] INFO  manager.ListenerWD - List size is-->1
15:48:03.866 [Test worker] INFO  TestBase - The test used car model : Car(location=Saratov, Russia, make=Mitsubishi, model=Outlander, year=2020, engine=2.5, fuel=Petrol, gear=AT, wD=AWD, doors=2, seats=5, carClass=C, fuelConsumption=6.5, carNumber=A976BA, price=80, distanceIncluded=, features=200, about=4x4)
15:48:05.872 [Test worker] INFO  manager.ListenerWD - Before Find Elements By -->By.cssSelector: [href='/let-car-work']
15:48:05.893 [Test worker] INFO  manager.ListenerWD - After Find Element by --> By.cssSelector: [href='/let-car-work']
15:48:05.960 [Test worker] INFO  manager.ListenerWD - Before Find Elements By -->By.id: pickUpPlace
15:48:05.975 [Test worker] INFO  manager.ListenerWD - After Find Element by --> By.id: pickUpPlace
15:48:06.301 [Test worker] INFO  manager.ListenerWD - Before Find Elements By -->By.cssSelector: div.pac-item
15:48:06.562 [Test worker] INFO  manager.ListenerWD - After Find Element by --> By.cssSelector: div.pac-item
15:48:07.159 [Test worker] INFO  manager.ListenerWD - Before Find Elements By -->By.id: make
15:48:07.181 [Test worker] INFO  manager.ListenerWD - After Find Element by --> By.id: make
15:48:07.312 [Test worker] INFO  manager.ListenerWD - Before Find Elements By -->By.id: model
15:48:07.391 [Test worker] INFO  manager.ListenerWD - After Find Element by --> By.id: model
15:48:07.599 [Test worker] INFO  manager.ListenerWD - Before Find Elements By -->By.id: year
15:48:07.607 [Test worker] INFO  manager.ListenerWD - After Find Element by --> By.id: year
15:48:07.681 [Test worker] INFO  manager.ListenerWD - Before Find Elements By -->By.id: engine
15:48:07.689 [Test worker] INFO  manager.ListenerWD - After Find Element by --> By.id: engine
15:48:07.807 [Test worker] INFO  manager.ListenerWD - Before Find Elements By -->By.id: fuel
15:48:07.814 [Test worker] INFO  manager.ListenerWD - After Find Element by --> By.id: fuel
15:48:07.959 [Test worker] INFO  manager.ListenerWD - Before Find Elements By -->By.id: gear
15:48:07.966 [Test worker] INFO  manager.ListenerWD - After Find Element by --> By.id: gear
15:48:08.010 [Test worker] INFO  manager.ListenerWD - Before Find Elements By -->By.id: wheelsDrive
15:48:08.019 [Test worker] INFO  manager.ListenerWD - After Find Element by --> By.id: wheelsDrive
15:48:08.061 [Test worker] INFO  manager.ListenerWD - Before Find Elements By -->By.id: doors
15:48:08.074 [Test worker] INFO  manager.ListenerWD - After Find Element by --> By.id: doors
15:48:08.170 [Test worker] INFO  manager.ListenerWD - Before Find Elements By -->By.id: seats
15:48:08.177 [Test worker] INFO  manager.ListenerWD - After Find Element by --> By.id: seats
15:48:08.341 [Test worker] INFO  manager.ListenerWD - Before Find Elements By -->By.id: class
15:48:08.348 [Test worker] INFO  manager.ListenerWD - After Find Element by --> By.id: class
15:48:08.444 [Test worker] INFO  manager.ListenerWD - Before Find Elements By -->By.id: fuelConsumption
15:48:08.450 [Test worker] INFO  manager.ListenerWD - After Find Element by --> By.id: fuelConsumption
15:48:08.547 [Test worker] INFO  manager.ListenerWD - Before Find Elements By -->By.id: serialNumber
15:48:08.555 [Test worker] INFO  manager.ListenerWD - After Find Element by --> By.id: serialNumber
15:48:08.634 [Test worker] INFO  manager.ListenerWD - Before Find Elements By -->By.id: price
15:48:08.673 [Test worker] INFO  manager.ListenerWD - After Find Element by --> By.id: price
15:48:08.752 [Test worker] INFO  manager.ListenerWD - Before Find Elements By -->By.id: distance
15:48:08.766 [Test worker] INFO  manager.ListenerWD - After Find Element by --> By.id: distance
15:48:08.840 [Test worker] INFO  manager.ListenerWD - Before Find Elements By -->By.cssSelector: .feature-input
15:48:08.848 [Test worker] INFO  manager.ListenerWD - After Find Element by --> By.cssSelector: .feature-input
15:48:08.936 [Test worker] INFO  manager.ListenerWD - Before Find Elements By -->By.id: about
15:48:08.943 [Test worker] INFO  manager.ListenerWD - After Find Element by --> By.id: about
15:48:09.012 [Test worker] INFO  manager.ListenerWD - Before Find Elements By -->By.id: photos
15:48:09.019 [Test worker] INFO  manager.ListenerWD - After Find Element by --> By.id: photos
15:48:09.045 [Test worker] INFO  manager.ListenerWD - Before Find Elements By -->By.xpath: //button[@type='submit']
15:48:09.052 [Test worker] INFO  manager.ListenerWD - After Find Element by --> By.xpath: //button[@type='submit']
15:48:14.557 [Test worker] INFO  manager.ListenerWD - Before Find Elements By -->By.xpath: //button[text()='Search cars']
15:48:19.582 [Test worker] INFO  manager.ListenerWD - The name of the error methodfindElement
15:48:19.582 [Test worker] INFO  manager.ListenerWD - Error description: org.openqa.selenium.NoSuchElementException: no such element: Unable to locate element: {"method":"xpath","selector":"//button[text()='Search cars']"}
  (Session info: chrome=106.0.5249.119)
For documentation on this error, please visit: https://selenium.dev/exceptions/#no_such_element
Build info: version: '4.4.0', revision: 'e5c75ed026a'
System info: host: 'Gurevichs-MBP.lan', ip: '2a0d:6fc2:4e60:a900:6c9e:3e0c:d52d:ff7d%en0', os.name: 'Mac OS X', os.arch: 'aarch64', os.version: '12.6', java.version: '11.0.16.1'
Driver info: org.openqa.selenium.chrome.ChromeDriver
Command: [dbc64fc7fe438183f7f90628b57b72f6, findElement {using=xpath, value=//button[text()='Search cars']}]
Capabilities {acceptInsecureCerts: false, browserName: chrome, browserVersion: 106.0.5249.119, chrome: {chromedriverVersion: 106.0.5249.61 (511755355844..., userDataDir: /var/folders/1t/ycm_f_n138g...}, goog:chromeOptions: {debuggerAddress: localhost:63244}, networkConnectionEnabled: false, pageLoadStrategy: normal, platformName: MAC, proxy: Proxy(), se:cdp: ws://localhost:63244/devtoo..., se:cdpVersion: 106.0.5249.119, setWindowRect: true, strictFileInteractability: false, timeouts: {implicit: 0, pageLoad: 300000, script: 30000}, unhandledPromptBehavior: dismiss and notify, webauthn:extension:credBlob: true, webauthn:extension:largeBlob: true, webauthn:virtualAuthenticators: true}
Session ID: dbc64fc7fe438183f7f90628b57b72f6
15:48:19.583 [Test worker] INFO  manager.ListenerWD - ******************************
15:48:19.583 [Test worker] INFO  manager.ListenerWD - ChromeDriver: chrome on MAC (dbc64fc7fe438183f7f90628b57b72f6)
15:48:19.585 [Test worker] INFO  manager.ListenerWD - Screen with error is 1151src/test/Screenshots/screen1151.png
15:48:19.900 [Test worker] INFO  TestBase - START TEST WITH NAME: loginSuccess
15:48:19.907 [Test worker] INFO  manager.ListenerWD - After FInd Elements By -->By.xpath: //*[text()=' Logout ']
15:48:19.907 [Test worker] INFO  manager.ListenerWD - List size is-->1
15:48:19.907 [Test worker] INFO  manager.ListenerWD - Before Find Elements By -->By.xpath: //*[text()=' Logout ']
15:48:19.916 [Test worker] INFO  manager.ListenerWD - After Find Element by --> By.xpath: //*[text()=' Logout ']
15:48:20.154 [Test worker] INFO  TestBase - User logged out
15:48:20.156 [Test worker] INFO  TestBase - Login scenario success was used data emailsonka04@gmail.com && password Sonka04$
15:48:20.156 [Test worker] INFO  manager.ListenerWD - Before Find Elements By -->By.xpath: //*[text()=' Log in ']
15:48:20.166 [Test worker] INFO  manager.ListenerWD - After Find Element by --> By.xpath: //*[text()=' Log in ']
15:48:20.243 [Test worker] INFO  manager.ListenerWD - Before Find Elements By -->By.id: email
15:48:20.251 [Test worker] INFO  manager.ListenerWD - After Find Element by --> By.id: email
15:48:20.479 [Test worker] INFO  manager.ListenerWD - Before Find Elements By -->By.id: password
15:48:20.487 [Test worker] INFO  manager.ListenerWD - After Find Element by --> By.id: password
15:48:20.570 [Test worker] INFO  manager.ListenerWD - Before Find Elements By -->By.xpath: //button[@type='submit']
15:48:20.582 [Test worker] INFO  manager.ListenerWD - After Find Element by --> By.xpath: //button[@type='submit']
15:48:20.606 [Test worker] INFO  manager.ListenerWD - Before Find Elements By -->By.xpath: //button[@type='submit']
15:48:20.616 [Test worker] INFO  manager.ListenerWD - After Find Element by --> By.xpath: //button[@type='submit']
15:48:20.653 [Test worker] INFO  manager.ListenerWD - Before Find Elements By -->By.cssSelector: div.dialog-container
15:48:21.000 [Test worker] INFO  manager.ListenerWD - After Find Element by --> By.cssSelector: div.dialog-container
15:48:21.008 [Test worker] INFO  manager.ListenerWD - Before Find Elements By -->By.cssSelector: h2.message
15:48:21.020 [Test worker] INFO  manager.ListenerWD - After Find Element by --> By.cssSelector: h2.message
15:48:21.032 [Test worker] INFO  TestBase - Assert for successful login passed
15:48:21.039 [Test worker] INFO  manager.ListenerWD - After FInd Elements By -->By.xpath: //button[text()='Ok']
15:48:21.039 [Test worker] INFO  manager.ListenerWD - List size is-->1
15:48:21.039 [Test worker] INFO  manager.ListenerWD - Before Find Elements By -->By.xpath: //button[text()='Ok']
15:48:21.047 [Test worker] INFO  manager.ListenerWD - After Find Element by --> By.xpath: //button[text()='Ok']
15:48:21.082 [Test worker] INFO  TestBase - START TEST WITH NAME: loginSuccess
15:48:21.090 [Test worker] INFO  manager.ListenerWD - After FInd Elements By -->By.xpath: //*[text()=' Logout ']
15:48:21.090 [Test worker] INFO  manager.ListenerWD - List size is-->1
15:48:21.090 [Test worker] INFO  manager.ListenerWD - Before Find Elements By -->By.xpath: //*[text()=' Logout ']
15:48:21.097 [Test worker] INFO  manager.ListenerWD - After Find Element by --> By.xpath: //*[text()=' Logout ']
15:48:21.149 [Test worker] INFO  TestBase - User logged out
15:48:21.149 [Test worker] INFO  TestBase - Login scenario success was used data emailsonka04@gmail.com && password Sonka04$
15:48:21.149 [Test worker] INFO  manager.ListenerWD - Before Find Elements By -->By.xpath: //*[text()=' Log in ']
15:48:21.156 [Test worker] INFO  manager.ListenerWD - After Find Element by --> By.xpath: //*[text()=' Log in ']
15:48:21.246 [Test worker] INFO  manager.ListenerWD - Before Find Elements By -->By.id: email
15:48:21.259 [Test worker] INFO  manager.ListenerWD - After Find Element by --> By.id: email
15:48:21.382 [Test worker] INFO  manager.ListenerWD - Before Find Elements By -->By.id: password
15:48:21.389 [Test worker] INFO  manager.ListenerWD - After Find Element by --> By.id: password
15:48:21.452 [Test worker] INFO  manager.ListenerWD - Before Find Elements By -->By.xpath: //button[@type='submit']
15:48:21.464 [Test worker] INFO  manager.ListenerWD - After Find Element by --> By.xpath: //button[@type='submit']
15:48:21.520 [Test worker] INFO  manager.ListenerWD - Before Find Elements By -->By.xpath: //button[@type='submit']
15:48:21.527 [Test worker] INFO  manager.ListenerWD - After Find Element by --> By.xpath: //button[@type='submit']
15:48:21.570 [Test worker] INFO  manager.ListenerWD - Before Find Elements By -->By.cssSelector: div.dialog-container
15:48:21.576 [Test worker] INFO  manager.ListenerWD - After Find Element by --> By.cssSelector: div.dialog-container
15:48:22.106 [Test worker] INFO  manager.ListenerWD - The name of the error methodisDisplayed
15:48:22.107 [Test worker] INFO  manager.ListenerWD - Error description: org.openqa.selenium.StaleElementReferenceException: stale element reference: element is not attached to the page document
  (Session info: chrome=106.0.5249.119)
For documentation on this error, please visit: https://selenium.dev/exceptions/#stale_element_reference
Build info: version: '4.4.0', revision: 'e5c75ed026a'
System info: host: 'Gurevichs-MBP.lan', ip: '2a0d:6fc2:4e60:a900:6c9e:3e0c:d52d:ff7d%en0', os.name: 'Mac OS X', os.arch: 'aarch64', os.version: '12.6', java.version: '11.0.16.1'
Driver info: org.openqa.selenium.chrome.ChromeDriver
Command: [dbc64fc7fe438183f7f90628b57b72f6, isElementDisplayed {id=11f9f296-12c7-40a7-9738-2f6825414ef3}]
Capabilities {acceptInsecureCerts: false, browserName: chrome, browserVersion: 106.0.5249.119, chrome: {chromedriverVersion: 106.0.5249.61 (511755355844..., userDataDir: /var/folders/1t/ycm_f_n138g...}, goog:chromeOptions: {debuggerAddress: localhost:63244}, networkConnectionEnabled: false, pageLoadStrategy: normal, platformName: MAC, proxy: Proxy(), se:cdp: ws://localhost:63244/devtoo..., se:cdpVersion: 106.0.5249.119, setWindowRect: true, strictFileInteractability: false, timeouts: {implicit: 0, pageLoad: 300000, script: 30000}, unhandledPromptBehavior: dismiss and notify, webauthn:extension:credBlob: true, webauthn:extension:largeBlob: true, webauthn:virtualAuthenticators: true}
Element: [[ChromeDriver: chrome on MAC (dbc64fc7fe438183f7f90628b57b72f6)] -> css selector: div.dialog-container]
Session ID: dbc64fc7fe438183f7f90628b57b72f6
15:48:22.107 [Test worker] INFO  manager.ListenerWD - ******************************
15:48:22.107 [Test worker] INFO  manager.ListenerWD - [[ChromeDriver: chrome on MAC (dbc64fc7fe438183f7f90628b57b72f6)] -> css selector: div.dialog-container]
15:48:22.107 [Test worker] INFO  manager.ListenerWD - Screen with error is 1642src/test/Screenshots/screen1642.png
15:48:22.134 [Test worker] INFO  manager.ListenerWD - After FInd Elements By -->By.xpath: //button[text()='Ok']
15:48:22.134 [Test worker] INFO  manager.ListenerWD - List size is-->1
15:48:22.134 [Test worker] INFO  manager.ListenerWD - Before Find Elements By -->By.xpath: //button[text()='Ok']
15:48:22.143 [Test worker] INFO  manager.ListenerWD - After Find Element by --> By.xpath: //button[text()='Ok']
15:48:22.172 [Test worker] INFO  TestBase - START TEST WITH NAME: loginSuccessModels
15:48:22.178 [Test worker] INFO  manager.ListenerWD - After FInd Elements By -->By.xpath: //*[text()=' Logout ']
15:48:22.179 [Test worker] INFO  manager.ListenerWD - List size is-->1
15:48:22.179 [Test worker] INFO  manager.ListenerWD - Before Find Elements By -->By.xpath: //*[text()=' Logout ']
15:48:22.185 [Test worker] INFO  manager.ListenerWD - After Find Element by --> By.xpath: //*[text()=' Logout ']
15:48:22.259 [Test worker] INFO  TestBase - User logged out
15:48:22.259 [Test worker] INFO  manager.ListenerWD - Before Find Elements By -->By.xpath: //*[text()=' Log in ']
15:48:22.270 [Test worker] INFO  manager.ListenerWD - After Find Element by --> By.xpath: //*[text()=' Log in ']
15:48:22.543 [Test worker] INFO  manager.ListenerWD - Before Find Elements By -->By.id: email
15:48:22.555 [Test worker] INFO  manager.ListenerWD - After Find Element by --> By.id: email
15:48:22.887 [Test worker] INFO  manager.ListenerWD - Before Find Elements By -->By.id: password
15:48:28.246 [Test worker] INFO  manager.ListenerWD - The name of the error methodfindElement
15:48:28.246 [Test worker] INFO  manager.ListenerWD - Error description: org.openqa.selenium.NoSuchElementException: no such element: Unable to locate element: {"method":"css selector","selector":"#password"}
  (Session info: chrome=106.0.5249.119)
For documentation on this error, please visit: https://selenium.dev/exceptions/#no_such_element
Build info: version: '4.4.0', revision: 'e5c75ed026a'
System info: host: 'Gurevichs-MBP.lan', ip: '2a0d:6fc2:4e60:a900:6c9e:3e0c:d52d:ff7d%en0', os.name: 'Mac OS X', os.arch: 'aarch64', os.version: '12.6', java.version: '11.0.16.1'
Driver info: org.openqa.selenium.chrome.ChromeDriver
Command: [dbc64fc7fe438183f7f90628b57b72f6, findElement {using=id, value=password}]
Capabilities {acceptInsecureCerts: false, browserName: chrome, browserVersion: 106.0.5249.119, chrome: {chromedriverVersion: 106.0.5249.61 (511755355844..., userDataDir: /var/folders/1t/ycm_f_n138g...}, goog:chromeOptions: {debuggerAddress: localhost:63244}, networkConnectionEnabled: false, pageLoadStrategy: normal, platformName: MAC, proxy: Proxy(), se:cdp: ws://localhost:63244/devtoo..., se:cdpVersion: 106.0.5249.119, setWindowRect: true, strictFileInteractability: false, timeouts: {implicit: 0, pageLoad: 300000, script: 30000}, unhandledPromptBehavior: dismiss and notify, webauthn:extension:credBlob: true, webauthn:extension:largeBlob: true, webauthn:virtualAuthenticators: true}
Session ID: dbc64fc7fe438183f7f90628b57b72f6
15:48:28.246 [Test worker] INFO  manager.ListenerWD - ******************************
15:48:28.246 [Test worker] INFO  manager.ListenerWD - ChromeDriver: chrome on MAC (dbc64fc7fe438183f7f90628b57b72f6)
15:48:28.246 [Test worker] INFO  manager.ListenerWD - Screen with error is 1251src/test/Screenshots/screen1251.png
15:48:33.705 [Test worker] INFO  manager.ListenerWD - After FInd Elements By -->By.xpath: //button[text()='Ok']
15:48:33.706 [Test worker] INFO  manager.ListenerWD - List size is-->0
15:48:33.707 [Test worker] INFO  TestBase - START TEST WITH NAME: loginSuccessModelsDP
15:48:38.729 [Test worker] INFO  manager.ListenerWD - After FInd Elements By -->By.xpath: //*[text()=' Logout ']
15:48:38.729 [Test worker] INFO  manager.ListenerWD - List size is-->0
15:48:38.729 [Test worker] INFO  TestBase - User logged out
15:48:38.734 [Test worker] INFO  manager.ListenerWD - Before Find Elements By -->By.xpath: //*[text()=' Log in ']
15:48:38.747 [Test worker] INFO  manager.ListenerWD - After Find Element by --> By.xpath: //*[text()=' Log in ']
15:48:38.815 [Test worker] INFO  manager.ListenerWD - Before Find Elements By -->By.id: email
15:48:38.823 [Test worker] INFO  manager.ListenerWD - After Find Element by --> By.id: email
15:48:38.925 [Test worker] INFO  manager.ListenerWD - Before Find Elements By -->By.id: password
15:48:38.932 [Test worker] INFO  manager.ListenerWD - After Find Element by --> By.id: password
15:48:38.995 [Test worker] INFO  manager.ListenerWD - Before Find Elements By -->By.xpath: //button[@type='submit']
15:48:39.003 [Test worker] INFO  manager.ListenerWD - After Find Element by --> By.xpath: //button[@type='submit']
15:48:39.018 [Test worker] INFO  manager.ListenerWD - Before Find Elements By -->By.xpath: //button[@type='submit']
15:48:39.025 [Test worker] INFO  manager.ListenerWD - After Find Element by --> By.xpath: //button[@type='submit']
15:48:39.080 [Test worker] INFO  manager.ListenerWD - Before Find Elements By -->By.cssSelector: div.dialog-container
15:48:39.417 [Test worker] INFO  manager.ListenerWD - After Find Element by --> By.cssSelector: div.dialog-container
15:48:39.429 [Test worker] INFO  manager.ListenerWD - Before Find Elements By -->By.cssSelector: h2.message
15:48:39.438 [Test worker] INFO  manager.ListenerWD - After Find Element by --> By.cssSelector: h2.message
15:48:39.455 [Test worker] INFO  manager.ListenerWD - After FInd Elements By -->By.xpath: //*[text()=' Logout ']
15:48:39.472 [Test worker] INFO  manager.ListenerWD - List size is-->1
15:48:39.472 [Test worker] INFO  TestBase - User logged in successfully with such data: sonka04@gmail.com, Sonka04$
15:48:39.480 [Test worker] INFO  manager.ListenerWD - After FInd Elements By -->By.xpath: //button[text()='Ok']
15:48:39.480 [Test worker] INFO  manager.ListenerWD - List size is-->1
15:48:39.480 [Test worker] INFO  manager.ListenerWD - Before Find Elements By -->By.xpath: //button[text()='Ok']
15:48:39.488 [Test worker] INFO  manager.ListenerWD - After Find Element by --> By.xpath: //button[text()='Ok']
15:48:39.540 [Test worker] INFO  TestBase - START TEST WITH NAME: negativeWrongEmail
15:48:39.546 [Test worker] INFO  manager.ListenerWD - After FInd Elements By -->By.xpath: //*[text()=' Logout ']
15:48:39.547 [Test worker] INFO  manager.ListenerWD - List size is-->1
15:48:39.547 [Test worker] INFO  manager.ListenerWD - Before Find Elements By -->By.xpath: //*[text()=' Logout ']
15:48:39.555 [Test worker] INFO  manager.ListenerWD - After Find Element by --> By.xpath: //*[text()=' Logout ']
15:48:39.674 [Test worker] INFO  TestBase - User logged out
15:48:39.675 [Test worker] INFO  manager.ListenerWD - Before Find Elements By -->By.xpath: //*[text()=' Log in ']
15:48:39.681 [Test worker] INFO  manager.ListenerWD - After Find Element by --> By.xpath: //*[text()=' Log in ']
15:48:39.935 [Test worker] INFO  manager.ListenerWD - Before Find Elements By -->By.id: email
15:48:44.968 [Test worker] INFO  manager.ListenerWD - The name of the error methodfindElement
15:48:44.969 [Test worker] INFO  manager.ListenerWD - Error description: org.openqa.selenium.NoSuchElementException: no such element: Unable to locate element: {"method":"css selector","selector":"#email"}
  (Session info: chrome=106.0.5249.119)
For documentation on this error, please visit: https://selenium.dev/exceptions/#no_such_element
Build info: version: '4.4.0', revision: 'e5c75ed026a'
System info: host: 'Gurevichs-MBP.lan', ip: '2a0d:6fc2:4e60:a900:6c9e:3e0c:d52d:ff7d%en0', os.name: 'Mac OS X', os.arch: 'aarch64', os.version: '12.6', java.version: '11.0.16.1'
Driver info: org.openqa.selenium.chrome.ChromeDriver
Command: [dbc64fc7fe438183f7f90628b57b72f6, findElement {using=id, value=email}]
Capabilities {acceptInsecureCerts: false, browserName: chrome, browserVersion: 106.0.5249.119, chrome: {chromedriverVersion: 106.0.5249.61 (511755355844..., userDataDir: /var/folders/1t/ycm_f_n138g...}, goog:chromeOptions: {debuggerAddress: localhost:63244}, networkConnectionEnabled: false, pageLoadStrategy: normal, platformName: MAC, proxy: Proxy(), se:cdp: ws://localhost:63244/devtoo..., se:cdpVersion: 106.0.5249.119, setWindowRect: true, strictFileInteractability: false, timeouts: {implicit: 0, pageLoad: 300000, script: 30000}, unhandledPromptBehavior: dismiss and notify, webauthn:extension:credBlob: true, webauthn:extension:largeBlob: true, webauthn:virtualAuthenticators: true}
Session ID: dbc64fc7fe438183f7f90628b57b72f6
15:48:44.969 [Test worker] INFO  manager.ListenerWD - ******************************
15:48:44.969 [Test worker] INFO  manager.ListenerWD - ChromeDriver: chrome on MAC (dbc64fc7fe438183f7f90628b57b72f6)
15:48:44.969 [Test worker] INFO  manager.ListenerWD - Screen with error is 1911src/test/Screenshots/screen1911.png
15:48:50.411 [Test worker] INFO  manager.ListenerWD - After FInd Elements By -->By.xpath: //button[text()='Ok']
15:48:50.412 [Test worker] INFO  manager.ListenerWD - List size is-->0
15:48:50.413 [Test worker] INFO  TestBase - START TEST WITH NAME: negativeWrongPassword
15:48:55.461 [Test worker] INFO  manager.ListenerWD - After FInd Elements By -->By.xpath: //*[text()=' Logout ']
15:48:55.462 [Test worker] INFO  manager.ListenerWD - List size is-->0
15:48:55.462 [Test worker] INFO  TestBase - User logged out
15:48:55.462 [Test worker] INFO  manager.ListenerWD - Before Find Elements By -->By.xpath: //*[text()=' Log in ']
15:48:55.508 [Test worker] INFO  manager.ListenerWD - After Find Element by --> By.xpath: //*[text()=' Log in ']
15:48:55.574 [Test worker] INFO  manager.ListenerWD - Before Find Elements By -->By.id: email
15:48:55.584 [Test worker] INFO  manager.ListenerWD - After Find Element by --> By.id: email
15:48:55.849 [Test worker] INFO  manager.ListenerWD - Before Find Elements By -->By.id: password
15:48:55.862 [Test worker] INFO  manager.ListenerWD - After Find Element by --> By.id: password
15:48:55.974 [Test worker] INFO  manager.ListenerWD - Before Find Elements By -->By.xpath: //button[@type='submit']
15:48:55.984 [Test worker] INFO  manager.ListenerWD - After Find Element by --> By.xpath: //button[@type='submit']
15:48:56.003 [Test worker] INFO  manager.ListenerWD - Before Find Elements By -->By.xpath: //button[@type='submit']
15:48:56.012 [Test worker] INFO  manager.ListenerWD - After Find Element by --> By.xpath: //button[@type='submit']
15:48:56.063 [Test worker] INFO  manager.ListenerWD - Before Find Elements By -->By.cssSelector: div.cdk-overlay-pane
15:48:56.308 [Test worker] INFO  manager.ListenerWD - After Find Element by --> By.cssSelector: div.cdk-overlay-pane
15:48:56.318 [Test worker] INFO  manager.ListenerWD - Before Find Elements By -->By.cssSelector: h1.title
15:48:56.331 [Test worker] INFO  manager.ListenerWD - After Find Element by --> By.cssSelector: h1.title
15:48:56.353 [Test worker] INFO  manager.ListenerWD - After FInd Elements By -->By.xpath: //button[text()='Ok']
15:48:56.353 [Test worker] INFO  manager.ListenerWD - List size is-->1
15:48:56.354 [Test worker] INFO  manager.ListenerWD - Before Find Elements By -->By.xpath: //button[text()='Ok']
15:48:56.361 [Test worker] INFO  manager.ListenerWD - After Find Element by --> By.xpath: //button[text()='Ok']
15:48:56.401 [Test worker] INFO  TestBase - START TEST WITH NAME: registrationWrongPassword
15:49:01.417 [Test worker] INFO  manager.ListenerWD - After FInd Elements By -->By.xpath: //*[text()=' Logout ']
15:49:01.418 [Test worker] INFO  manager.ListenerWD - List size is-->0
15:49:01.418 [Test worker] INFO  manager.ListenerWD - Before Find Elements By -->By.xpath: //a[text()=' Sign up ']
15:49:01.438 [Test worker] INFO  manager.ListenerWD - After Find Element by --> By.xpath: //a[text()=' Sign up ']
15:49:01.579 [Test worker] INFO  manager.ListenerWD - Before Find Elements By -->By.cssSelector: #name
15:49:01.590 [Test worker] INFO  manager.ListenerWD - After Find Element by --> By.cssSelector: #name
15:49:01.673 [Test worker] INFO  manager.ListenerWD - Before Find Elements By -->By.cssSelector: #lastName
15:49:01.685 [Test worker] INFO  manager.ListenerWD - After Find Element by --> By.cssSelector: #lastName
15:49:01.857 [Test worker] INFO  manager.ListenerWD - Before Find Elements By -->By.id: email
15:49:01.864 [Test worker] INFO  manager.ListenerWD - After Find Element by --> By.id: email
15:49:01.971 [Test worker] INFO  manager.ListenerWD - Before Find Elements By -->By.id: password
15:49:02.011 [Test worker] INFO  manager.ListenerWD - After Find Element by --> By.id: password
15:49:02.161 [Test worker] INFO  manager.ListenerWD - Before Find Elements By -->By.cssSelector: label[for='terms-of-use']
15:49:02.171 [Test worker] INFO  manager.ListenerWD - After Find Element by --> By.cssSelector: label[for='terms-of-use']
15:49:02.203 [Test worker] INFO  manager.ListenerWD - Before Find Elements By -->By.xpath: //button[@type='submit']
15:49:02.224 [Test worker] INFO  manager.ListenerWD - After Find Element by --> By.xpath: //button[@type='submit']
15:49:12.526 [Test worker] INFO  manager.ListenerWD - After FInd Elements By -->By.xpath: //button[text()='Ok']
15:49:12.526 [Test worker] INFO  manager.ListenerWD - List size is-->0
15:49:12.535 [Test worker] INFO  TestBase - START TEST WITH NAME: searchCurrentMonthSuccess
15:49:12.536 [Test worker] INFO  manager.ListenerWD - Before Find Elements By -->By.cssSelector: #city
15:49:17.572 [Test worker] INFO  manager.ListenerWD - The name of the error methodfindElement
15:49:17.573 [Test worker] INFO  manager.ListenerWD - Error description: org.openqa.selenium.NoSuchElementException: no such element: Unable to locate element: {"method":"css selector","selector":"#city"}
  (Session info: chrome=106.0.5249.119)
For documentation on this error, please visit: https://selenium.dev/exceptions/#no_such_element
Build info: version: '4.4.0', revision: 'e5c75ed026a'
System info: host: 'Gurevichs-MBP.lan', ip: '2a0d:6fc2:4e60:a900:6c9e:3e0c:d52d:ff7d%en0', os.name: 'Mac OS X', os.arch: 'aarch64', os.version: '12.6', java.version: '11.0.16.1'
Driver info: org.openqa.selenium.chrome.ChromeDriver
Command: [dbc64fc7fe438183f7f90628b57b72f6, findElement {using=css selector, value=#city}]
Capabilities {acceptInsecureCerts: false, browserName: chrome, browserVersion: 106.0.5249.119, chrome: {chromedriverVersion: 106.0.5249.61 (511755355844..., userDataDir: /var/folders/1t/ycm_f_n138g...}, goog:chromeOptions: {debuggerAddress: localhost:63244}, networkConnectionEnabled: false, pageLoadStrategy: normal, platformName: MAC, proxy: Proxy(), se:cdp: ws://localhost:63244/devtoo..., se:cdpVersion: 106.0.5249.119, setWindowRect: true, strictFileInteractability: false, timeouts: {implicit: 0, pageLoad: 300000, script: 30000}, unhandledPromptBehavior: dismiss and notify, webauthn:extension:credBlob: true, webauthn:extension:largeBlob: true, webauthn:virtualAuthenticators: true}
Session ID: dbc64fc7fe438183f7f90628b57b72f6
15:49:17.573 [Test worker] INFO  manager.ListenerWD - ******************************
15:49:17.573 [Test worker] INFO  manager.ListenerWD - ChromeDriver: chrome on MAC (dbc64fc7fe438183f7f90628b57b72f6)
15:49:17.573 [Test worker] INFO  manager.ListenerWD - Screen with error is 1753src/test/Screenshots/screen1753.png
15:49:18.614 [Test worker] INFO  TestBase - START TEST WITH NAME: searchNextMonthSuccess
15:49:18.615 [Test worker] INFO  manager.ListenerWD - Before Find Elements By -->By.cssSelector: #city
15:49:23.624 [Test worker] INFO  manager.ListenerWD - The name of the error methodfindElement
15:49:23.624 [Test worker] INFO  manager.ListenerWD - Error description: org.openqa.selenium.NoSuchElementException: no such element: Unable to locate element: {"method":"css selector","selector":"#city"}
  (Session info: chrome=106.0.5249.119)
For documentation on this error, please visit: https://selenium.dev/exceptions/#no_such_element
Build info: version: '4.4.0', revision: 'e5c75ed026a'
System info: host: 'Gurevichs-MBP.lan', ip: '2a0d:6fc2:4e60:a900:6c9e:3e0c:d52d:ff7d%en0', os.name: 'Mac OS X', os.arch: 'aarch64', os.version: '12.6', java.version: '11.0.16.1'
Driver info: org.openqa.selenium.chrome.ChromeDriver
Command: [dbc64fc7fe438183f7f90628b57b72f6, findElement {using=css selector, value=#city}]
Capabilities {acceptInsecureCerts: false, browserName: chrome, browserVersion: 106.0.5249.119, chrome: {chromedriverVersion: 106.0.5249.61 (511755355844..., userDataDir: /var/folders/1t/ycm_f_n138g...}, goog:chromeOptions: {debuggerAddress: localhost:63244}, networkConnectionEnabled: false, pageLoadStrategy: normal, platformName: MAC, proxy: Proxy(), se:cdp: ws://localhost:63244/devtoo..., se:cdpVersion: 106.0.5249.119, setWindowRect: true, strictFileInteractability: false, timeouts: {implicit: 0, pageLoad: 300000, script: 30000}, unhandledPromptBehavior: dismiss and notify, webauthn:extension:credBlob: true, webauthn:extension:largeBlob: true, webauthn:virtualAuthenticators: true}
Session ID: dbc64fc7fe438183f7f90628b57b72f6
15:49:23.625 [Test worker] INFO  manager.ListenerWD - ******************************
15:49:23.625 [Test worker] INFO  manager.ListenerWD - ChromeDriver: chrome on MAC (dbc64fc7fe438183f7f90628b57b72f6)
15:49:23.625 [Test worker] INFO  manager.ListenerWD - Screen with error is 1027src/test/Screenshots/screen1027.png
15:49:24.455 [Test worker] INFO  TestBase - START TEST WITH NAME: searchNextMonthSuccessFromHeader
15:49:24.455 [Test worker] INFO  manager.ListenerWD - Before Find Elements By -->By.cssSelector: [href='/search']
15:49:24.464 [Test worker] INFO  manager.ListenerWD - After Find Element by --> By.cssSelector: [href='/search']
15:49:24.568 [Test worker] INFO  manager.ListenerWD - Before Find Elements By -->By.cssSelector: #city
15:49:24.575 [Test worker] INFO  manager.ListenerWD - After Find Element by --> By.cssSelector: #city
15:49:24.668 [Test worker] INFO  manager.ListenerWD - Before Find Elements By -->By.cssSelector: div.pac-item
15:49:25.001 [Test worker] INFO  manager.ListenerWD - After Find Element by --> By.cssSelector: div.pac-item
15:49:25.555 [Test worker] INFO  manager.ListenerWD - Before Find Elements By -->By.cssSelector: #dates
15:49:25.575 [Test worker] INFO  manager.ListenerWD - After Find Element by --> By.cssSelector: #dates
15:49:26.122 [Test worker] INFO  manager.ListenerWD - After FInd Elements By -->By.xpath: //*[text()=' OCT 2022 ']
15:49:26.122 [Test worker] INFO  manager.ListenerWD - List size is-->1
15:49:26.122 [Test worker] INFO  manager.ListenerWD - Before Find Elements By -->By.xpath: //div[text()=' 25 ']
15:49:26.132 [Test worker] INFO  manager.ListenerWD - After Find Element by --> By.xpath: //div[text()=' 25 ']
15:49:26.369 [Test worker] INFO  manager.ListenerWD - Before Find Elements By -->By.xpath: //div[text()=' 30 ']
15:49:26.379 [Test worker] INFO  manager.ListenerWD - After Find Element by --> By.xpath: //div[text()=' 30 ']
15:49:26.493 [Test worker] INFO  manager.ListenerWD - Before Find Elements By -->By.xpath: //button[@type='submit']
15:49:26.500 [Test worker] INFO  manager.ListenerWD - After Find Element by --> By.xpath: //button[@type='submit']
15:49:26.516 [Test worker] INFO  manager.ListenerWD - Before Find Elements By -->By.xpath: //button[@type='submit']
15:49:26.522 [Test worker] INFO  manager.ListenerWD - After Find Element by --> By.xpath: //button[@type='submit']
15:49:31.776 [Test worker] INFO  manager.ListenerWD - After FInd Elements By -->By.cssSelector: .car-img-container
15:49:31.777 [Test worker] INFO  manager.ListenerWD - List size is-->0
