09:54:15.055 [Test worker] INFO  manager.ApplicationManager - Chrome Driver was opened
09:54:18.665 [Test worker] INFO  manager.ApplicationManager - Current URL --> https://ilcarro-1578153671498.web.app/search
09:54:18.683 [Test worker] INFO  TestBase - START TEST WITH NAME: registrationWrongPassword
09:54:23.711 [Test worker] INFO  manager.ListenerWD - After FInd Elements By -->By.xpath: //*[text()=' Logout ']
09:54:23.712 [Test worker] INFO  manager.ListenerWD - List size is-->0
09:54:23.714 [Test worker] INFO  manager.ListenerWD - Before Find Elements By -->By.xpath: //a[text()=' Sign up ']
09:54:23.756 [Test worker] INFO  manager.ListenerWD - After Find Element by --> By.xpath: //a[text()=' Sign up ']
09:54:24.593 [Test worker] INFO  manager.ListenerWD - Before Find Elements By -->By.cssSelector: #name
09:54:25.042 [Test worker] INFO  manager.ListenerWD - After Find Element by --> By.cssSelector: #name
09:54:25.998 [Test worker] INFO  manager.ListenerWD - Before Find Elements By -->By.cssSelector: #lastName
09:54:26.013 [Test worker] INFO  manager.ListenerWD - After Find Element by --> By.cssSelector: #lastName
09:54:26.248 [Test worker] INFO  manager.ListenerWD - Before Find Elements By -->By.id: email
09:54:26.276 [Test worker] INFO  manager.ListenerWD - After Find Element by --> By.id: email
09:54:27.038 [Test worker] INFO  manager.ListenerWD - Before Find Elements By -->By.id: password
09:54:27.122 [Test worker] INFO  manager.ListenerWD - After Find Element by --> By.id: password
09:54:28.506 [Test worker] INFO  manager.ListenerWD - Before Find Elements By -->By.cssSelector: label[for='terms-of-use']
09:54:28.528 [Test worker] INFO  manager.ListenerWD - After Find Element by --> By.cssSelector: label[for='terms-of-use']
09:54:28.843 [Test worker] INFO  manager.ListenerWD - Before Find Elements By -->By.xpath: //button[@type='submit']
09:54:28.902 [Test worker] INFO  manager.ListenerWD - After Find Element by --> By.xpath: //button[@type='submit']
09:54:39.434 [Test worker] INFO  manager.ListenerWD - After FInd Elements By -->By.xpath: //button[text()='Ok']
09:54:39.434 [Test worker] INFO  manager.ListenerWD - List size is-->0
