15:30:53.307 [Test worker] INFO  manager.ApplicationManager - Chrome Driver was opened
15:30:56.428 [Test worker] INFO  manager.ApplicationManager - Current URL --> https://ilcarro-1578153671498.web.app/search
15:30:56.451 [Test worker] INFO  TestBase - START TEST WITH NAME: searchCurrentMonthSuccess
15:30:56.452 [Test worker] INFO  manager.ListenerWD - Before Find Elements By -->By.cssSelector: #city
15:30:56.559 [Test worker] INFO  manager.ListenerWD - After Find Element by --> By.cssSelector: #city
15:30:57.072 [Test worker] INFO  manager.ListenerWD - Before Find Elements By -->By.cssSelector: div.pac-item
15:30:57.865 [Test worker] INFO  manager.ListenerWD - After Find Element by --> By.cssSelector: div.pac-item
15:30:59.273 [Test worker] INFO  manager.ListenerWD - Before Find Elements By -->By.cssSelector: #dates
15:31:00.124 [Test worker] INFO  manager.ListenerWD - After Find Element by --> By.cssSelector: #dates
15:31:01.198 [Test worker] INFO  manager.ListenerWD - Before Find Elements By -->By.xpath: //div[text()=' 25 ']
15:31:01.303 [Test worker] INFO  manager.ListenerWD - After Find Element by --> By.xpath: //div[text()=' 25 ']
15:31:01.623 [Test worker] INFO  manager.ListenerWD - Before Find Elements By -->By.xpath: //div[text()=' 30 ']
15:31:01.637 [Test worker] INFO  manager.ListenerWD - After Find Element by --> By.xpath: //div[text()=' 30 ']
15:31:01.973 [Test worker] INFO  manager.ListenerWD - Before Find Elements By -->By.xpath: //button[@type='submit']
15:31:01.990 [Test worker] INFO  manager.ListenerWD - After Find Element by --> By.xpath: //button[@type='submit']
15:31:02.028 [Test worker] INFO  manager.ListenerWD - Before Find Elements By -->By.xpath: //button[@type='submit']
15:31:02.038 [Test worker] INFO  manager.ListenerWD - After Find Element by --> By.xpath: //button[@type='submit']
15:31:04.686 [Test worker] INFO  manager.ListenerWD - After FInd Elements By -->By.cssSelector: .car-img-container
15:31:04.686 [Test worker] INFO  manager.ListenerWD - List size is-->10
15:31:04.690 [Test worker] INFO  TestBase - START TEST WITH NAME: searchNextMonthSuccess
15:31:04.691 [Test worker] INFO  manager.ListenerWD - Before Find Elements By -->By.cssSelector: #city
15:31:04.957 [Test worker] INFO  manager.ListenerWD - After Find Element by --> By.cssSelector: #city
15:31:09.755 [Test worker] INFO  manager.ListenerWD - Before Find Elements By -->By.cssSelector: div.pac-item
15:31:09.828 [Test worker] INFO  manager.ListenerWD - After Find Element by --> By.cssSelector: div.pac-item
15:31:10.477 [Test worker] INFO  manager.ListenerWD - Before Find Elements By -->By.cssSelector: #dates
15:31:15.555 [Test worker] INFO  manager.ListenerWD - The name of the error methodfindElement
15:31:15.574 [Test worker] INFO  manager.ListenerWD - Error description: org.openqa.selenium.NoSuchElementException: no such element: Unable to locate element: {"method":"css selector","selector":"#dates"}
  (Session info: chrome=106.0.5249.119)
For documentation on this error, please visit: https://selenium.dev/exceptions/#no_such_element
Build info: version: '4.4.0', revision: 'e5c75ed026a'
System info: host: 'Gurevichs-MBP.lan', ip: '2a0d:6fc2:4e60:a900:6c9e:3e0c:d52d:ff7d%en0', os.name: 'Mac OS X', os.arch: 'aarch64', os.version: '12.6', java.version: '11.0.16.1'
Driver info: org.openqa.selenium.chrome.ChromeDriver
Command: [581af98ac5c653a5a2c9b9dfe1278a26, findElement {using=css selector, value=#dates}]
Capabilities {acceptInsecureCerts: false, browserName: chrome, browserVersion: 106.0.5249.119, chrome: {chromedriverVersion: 106.0.5249.61 (511755355844..., userDataDir: /var/folders/1t/ycm_f_n138g...}, goog:chromeOptions: {debuggerAddress: localhost:58957}, networkConnectionEnabled: false, pageLoadStrategy: normal, platformName: MAC, proxy: Proxy(), se:cdp: ws://localhost:58957/devtoo..., se:cdpVersion: 106.0.5249.119, setWindowRect: true, strictFileInteractability: false, timeouts: {implicit: 0, pageLoad: 300000, script: 30000}, unhandledPromptBehavior: dismiss and notify, webauthn:extension:credBlob: true, webauthn:extension:largeBlob: true, webauthn:virtualAuthenticators: true}
Session ID: 581af98ac5c653a5a2c9b9dfe1278a26
15:31:15.574 [Test worker] INFO  manager.ListenerWD - ******************************
15:31:15.574 [Test worker] INFO  manager.ListenerWD - ChromeDriver: chrome on MAC (581af98ac5c653a5a2c9b9dfe1278a26)
15:31:15.576 [Test worker] INFO  manager.ListenerWD - Screen with error is 1676src/test/Screenshots/screen1676.png
