11:01:58.751 [Test worker] INFO  manager.ApplicationManager - Chrome Driver was opened
11:02:03.944 [Test worker] INFO  manager.ApplicationManager - Current URL --> https://ilcarro-1578153671498.web.app/search
11:02:03.969 [Test worker] INFO  TestBase - START TEST WITH NAME: addCarSuccess
11:02:09.041 [Test worker] INFO  manager.ListenerWD - After FInd Elements By -->By.xpath: //*[text()=' Logout ']
11:02:09.042 [Test worker] INFO  manager.ListenerWD - List size is-->0
11:02:09.042 [Test worker] INFO  manager.ListenerWD - Before Find Elements By -->By.xpath: //*[text()=' Log in ']
11:02:09.083 [Test worker] INFO  manager.ListenerWD - After Find Element by --> By.xpath: //*[text()=' Log in ']
11:02:09.346 [Test worker] INFO  manager.ListenerWD - Before Find Elements By -->By.id: email
11:02:09.360 [Test worker] INFO  manager.ListenerWD - After Find Element by --> By.id: email
11:02:09.911 [Test worker] INFO  manager.ListenerWD - Before Find Elements By -->By.id: password
11:02:09.926 [Test worker] INFO  manager.ListenerWD - After Find Element by --> By.id: password
11:02:10.508 [Test worker] INFO  manager.ListenerWD - Before Find Elements By -->By.xpath: //button[@type='submit']
11:02:10.718 [Test worker] INFO  manager.ListenerWD - After Find Element by --> By.xpath: //button[@type='submit']
11:02:10.848 [Test worker] INFO  manager.ListenerWD - Before Find Elements By -->By.xpath: //button[@type='submit']
11:02:10.881 [Test worker] INFO  manager.ListenerWD - After Find Element by --> By.xpath: //button[@type='submit']
11:02:13.303 [Test worker] INFO  manager.ListenerWD - After FInd Elements By -->By.xpath: //button[text()='Ok']
11:02:13.303 [Test worker] INFO  manager.ListenerWD - List size is-->1
11:02:13.303 [Test worker] INFO  manager.ListenerWD - Before Find Elements By -->By.xpath: //button[text()='Ok']
11:02:13.315 [Test worker] INFO  manager.ListenerWD - After Find Element by --> By.xpath: //button[text()='Ok']
11:02:15.439 [Test worker] INFO  manager.ListenerWD - Before Find Elements By -->By.cssSelector: [href='/let-car-work']
11:02:15.472 [Test worker] INFO  manager.ListenerWD - After Find Element by --> By.cssSelector: [href='/let-car-work']
11:02:16.990 [Test worker] INFO  manager.ListenerWD - Before Find Elements By -->By.id: pickUpPlace
11:02:17.041 [Test worker] INFO  manager.ListenerWD - After Find Element by --> By.id: pickUpPlace
11:02:17.873 [Test worker] INFO  manager.ListenerWD - Before Find Elements By -->By.cssSelector: div.pac-item
11:02:18.547 [Test worker] INFO  manager.ListenerWD - After Find Element by --> By.cssSelector: div.pac-item
11:02:19.227 [Test worker] INFO  manager.ListenerWD - Before Find Elements By -->By.id: make
11:02:19.252 [Test worker] INFO  manager.ListenerWD - After Find Element by --> By.id: make
11:02:19.374 [Test worker] INFO  manager.ListenerWD - Before Find Elements By -->By.id: model
11:02:19.386 [Test worker] INFO  manager.ListenerWD - After Find Element by --> By.id: model
11:02:19.453 [Test worker] INFO  manager.ListenerWD - Before Find Elements By -->By.id: year
11:02:19.464 [Test worker] INFO  manager.ListenerWD - After Find Element by --> By.id: year
11:02:19.734 [Test worker] INFO  manager.ListenerWD - Before Find Elements By -->By.id: engine
11:02:19.855 [Test worker] INFO  manager.ListenerWD - After Find Element by --> By.id: engine
11:02:19.959 [Test worker] INFO  manager.ListenerWD - Before Find Elements By -->By.id: fuel
11:02:19.969 [Test worker] INFO  manager.ListenerWD - After Find Element by --> By.id: fuel
11:02:20.159 [Test worker] INFO  manager.ListenerWD - Before Find Elements By -->By.id: gear
11:02:20.173 [Test worker] INFO  manager.ListenerWD - After Find Element by --> By.id: gear
11:02:20.432 [Test worker] INFO  manager.ListenerWD - Before Find Elements By -->By.id: wheelsDrive
11:02:20.443 [Test worker] INFO  manager.ListenerWD - After Find Element by --> By.id: wheelsDrive
11:02:20.507 [Test worker] INFO  manager.ListenerWD - Before Find Elements By -->By.id: doors
11:02:20.518 [Test worker] INFO  manager.ListenerWD - After Find Element by --> By.id: doors
11:02:20.663 [Test worker] INFO  manager.ListenerWD - Before Find Elements By -->By.id: seats
11:02:20.674 [Test worker] INFO  manager.ListenerWD - After Find Element by --> By.id: seats
11:02:20.833 [Test worker] INFO  manager.ListenerWD - Before Find Elements By -->By.id: class
11:02:20.844 [Test worker] INFO  manager.ListenerWD - After Find Element by --> By.id: class
11:02:21.134 [Test worker] INFO  manager.ListenerWD - Before Find Elements By -->By.id: fuelConsumption
11:02:21.145 [Test worker] INFO  manager.ListenerWD - After Find Element by --> By.id: fuelConsumption
11:02:21.293 [Test worker] INFO  manager.ListenerWD - Before Find Elements By -->By.id: serialNumber
11:02:21.303 [Test worker] INFO  manager.ListenerWD - After Find Element by --> By.id: serialNumber
11:02:21.511 [Test worker] INFO  manager.ListenerWD - Before Find Elements By -->By.id: price
11:02:21.530 [Test worker] INFO  manager.ListenerWD - After Find Element by --> By.id: price
11:02:21.706 [Test worker] INFO  manager.ListenerWD - Before Find Elements By -->By.id: distance
11:02:21.715 [Test worker] INFO  manager.ListenerWD - After Find Element by --> By.id: distance
11:02:21.847 [Test worker] INFO  manager.ListenerWD - Before Find Elements By -->By.cssSelector: .feature-input
11:02:21.858 [Test worker] INFO  manager.ListenerWD - After Find Element by --> By.cssSelector: .feature-input
11:02:22.054 [Test worker] INFO  manager.ListenerWD - Before Find Elements By -->By.id: about
11:02:22.064 [Test worker] INFO  manager.ListenerWD - After Find Element by --> By.id: about
11:02:22.388 [Test worker] INFO  manager.ListenerWD - Before Find Elements By -->By.id: photos
11:02:22.399 [Test worker] INFO  manager.ListenerWD - After Find Element by --> By.id: photos
11:02:23.417 [Test worker] INFO  manager.ListenerWD - Before Find Elements By -->By.xpath: //button[@type='submit']
11:02:23.436 [Test worker] INFO  manager.ListenerWD - After Find Element by --> By.xpath: //button[@type='submit']
11:02:25.047 [Test worker] INFO  manager.ListenerWD - Before Find Elements By -->By.xpath: //button[@type='submit']
11:02:25.059 [Test worker] INFO  manager.ListenerWD - After Find Element by --> By.xpath: //button[@type='submit']
11:02:25.188 [Test worker] INFO  manager.ListenerWD - Before Find Elements By -->By.cssSelector: div.dialog-container
11:02:26.513 [Test worker] INFO  manager.ListenerWD - After Find Element by --> By.cssSelector: div.dialog-container
11:02:26.536 [Test worker] INFO  manager.ListenerWD - Before Find Elements By -->By.cssSelector: div.dialog-container>h1
11:02:26.545 [Test worker] INFO  manager.ListenerWD - After Find Element by --> By.cssSelector: div.dialog-container>h1
11:02:26.561 [Test worker] INFO  manager.ListenerWD - Before Find Elements By -->By.xpath: //button[text()='Search cars']
11:02:26.580 [Test worker] INFO  manager.ListenerWD - After Find Element by --> By.xpath: //button[text()='Search cars']
11:02:26.615 [Test worker] INFO  TestBase - START TEST WITH NAME: addCarSuccessDP
11:02:26.623 [Test worker] INFO  manager.ListenerWD - After FInd Elements By -->By.xpath: //*[text()=' Logout ']
11:02:26.624 [Test worker] INFO  manager.ListenerWD - List size is-->1
11:02:26.635 [Test worker] INFO  TestBase - The test used car model : Car(location=Saratov, Russia, make=Mitsubishi, model=Outlander, year=2020, engine=2.5, fuel=Petrol, gear=AT, wD=AWD, doors=2, seats=5, carClass=C, fuelConsumption=6.5, carNumber=A976BA, price=80, distanceIncluded=5, features=200, about=4x4)
11:02:28.638 [Test worker] INFO  manager.ListenerWD - Before Find Elements By -->By.cssSelector: [href='/let-car-work']
11:02:28.659 [Test worker] INFO  manager.ListenerWD - After Find Element by --> By.cssSelector: [href='/let-car-work']
11:02:28.737 [Test worker] INFO  manager.ListenerWD - Before Find Elements By -->By.id: pickUpPlace
11:02:28.747 [Test worker] INFO  manager.ListenerWD - After Find Element by --> By.id: pickUpPlace
11:02:28.963 [Test worker] INFO  manager.ListenerWD - Before Find Elements By -->By.cssSelector: div.pac-item
11:02:29.294 [Test worker] INFO  manager.ListenerWD - After Find Element by --> By.cssSelector: div.pac-item
11:02:29.848 [Test worker] INFO  manager.ListenerWD - Before Find Elements By -->By.id: make
11:02:29.868 [Test worker] INFO  manager.ListenerWD - After Find Element by --> By.id: make
11:02:30.112 [Test worker] INFO  manager.ListenerWD - Before Find Elements By -->By.id: model
11:02:30.179 [Test worker] INFO  manager.ListenerWD - After Find Element by --> By.id: model
11:02:30.314 [Test worker] INFO  manager.ListenerWD - Before Find Elements By -->By.id: year
11:02:30.321 [Test worker] INFO  manager.ListenerWD - After Find Element by --> By.id: year
11:02:30.400 [Test worker] INFO  manager.ListenerWD - Before Find Elements By -->By.id: engine
11:02:30.408 [Test worker] INFO  manager.ListenerWD - After Find Element by --> By.id: engine
11:02:30.572 [Test worker] INFO  manager.ListenerWD - Before Find Elements By -->By.id: fuel
11:02:30.603 [Test worker] INFO  manager.ListenerWD - After Find Element by --> By.id: fuel
11:02:30.660 [Test worker] INFO  manager.ListenerWD - Before Find Elements By -->By.id: gear
11:02:30.667 [Test worker] INFO  manager.ListenerWD - After Find Element by --> By.id: gear
11:02:30.709 [Test worker] INFO  manager.ListenerWD - Before Find Elements By -->By.id: wheelsDrive
11:02:30.724 [Test worker] INFO  manager.ListenerWD - After Find Element by --> By.id: wheelsDrive
11:02:30.766 [Test worker] INFO  manager.ListenerWD - Before Find Elements By -->By.id: doors
11:02:30.773 [Test worker] INFO  manager.ListenerWD - After Find Element by --> By.id: doors
11:02:30.863 [Test worker] INFO  manager.ListenerWD - Before Find Elements By -->By.id: seats
11:02:30.871 [Test worker] INFO  manager.ListenerWD - After Find Element by --> By.id: seats
11:02:31.030 [Test worker] INFO  manager.ListenerWD - Before Find Elements By -->By.id: class
11:02:31.074 [Test worker] INFO  manager.ListenerWD - After Find Element by --> By.id: class
11:02:31.194 [Test worker] INFO  manager.ListenerWD - Before Find Elements By -->By.id: fuelConsumption
11:02:31.201 [Test worker] INFO  manager.ListenerWD - After Find Element by --> By.id: fuelConsumption
11:02:31.283 [Test worker] INFO  manager.ListenerWD - Before Find Elements By -->By.id: serialNumber
11:02:31.290 [Test worker] INFO  manager.ListenerWD - After Find Element by --> By.id: serialNumber
11:02:31.382 [Test worker] INFO  manager.ListenerWD - Before Find Elements By -->By.id: price
11:02:31.408 [Test worker] INFO  manager.ListenerWD - After Find Element by --> By.id: price
11:02:31.493 [Test worker] INFO  manager.ListenerWD - Before Find Elements By -->By.id: distance
11:02:31.500 [Test worker] INFO  manager.ListenerWD - After Find Element by --> By.id: distance
11:02:31.574 [Test worker] INFO  manager.ListenerWD - Before Find Elements By -->By.cssSelector: .feature-input
11:02:31.580 [Test worker] INFO  manager.ListenerWD - After Find Element by --> By.cssSelector: .feature-input
11:02:31.658 [Test worker] INFO  manager.ListenerWD - Before Find Elements By -->By.id: about
11:02:31.666 [Test worker] INFO  manager.ListenerWD - After Find Element by --> By.id: about
11:02:31.736 [Test worker] INFO  manager.ListenerWD - Before Find Elements By -->By.id: photos
11:02:31.744 [Test worker] INFO  manager.ListenerWD - After Find Element by --> By.id: photos
11:02:31.778 [Test worker] INFO  manager.ListenerWD - Before Find Elements By -->By.xpath: //button[@type='submit']
11:02:31.800 [Test worker] INFO  manager.ListenerWD - After Find Element by --> By.xpath: //button[@type='submit']
11:02:33.527 [Test worker] INFO  manager.ListenerWD - Before Find Elements By -->By.xpath: //button[@type='submit']
11:02:33.539 [Test worker] INFO  manager.ListenerWD - After Find Element by --> By.xpath: //button[@type='submit']
11:02:33.599 [Test worker] INFO  manager.ListenerWD - Before Find Elements By -->By.cssSelector: div.dialog-container
11:02:34.960 [Test worker] INFO  manager.ListenerWD - After Find Element by --> By.cssSelector: div.dialog-container
11:02:34.969 [Test worker] INFO  manager.ListenerWD - Before Find Elements By -->By.cssSelector: div.dialog-container>h1
11:02:34.975 [Test worker] INFO  manager.ListenerWD - After Find Element by --> By.cssSelector: div.dialog-container>h1
11:02:34.985 [Test worker] INFO  TestBase - In assert checked message 'Car added' in dialog  
11:02:34.986 [Test worker] INFO  manager.ListenerWD - Before Find Elements By -->By.xpath: //button[text()='Search cars']
11:02:34.993 [Test worker] INFO  manager.ListenerWD - After Find Element by --> By.xpath: //button[text()='Search cars']
11:02:35.019 [Test worker] INFO  TestBase - START TEST WITH NAME: addCarSuccessDP
11:02:35.027 [Test worker] INFO  manager.ListenerWD - After FInd Elements By -->By.xpath: //*[text()=' Logout ']
11:02:35.027 [Test worker] INFO  manager.ListenerWD - List size is-->1
11:02:35.028 [Test worker] INFO  TestBase - The test used car model : Car(location=Rehovot, Israel, make=Mercedes, model=AMG, year=2018, engine=5.0, fuel=Petrol, gear=AT, wD=AWD, doors=4, seats=5, carClass=C, fuelConsumption=4.6, carNumber=884-378-76, price=20, distanceIncluded=5, features=500, about=Features)
11:02:37.033 [Test worker] INFO  manager.ListenerWD - Before Find Elements By -->By.cssSelector: [href='/let-car-work']
11:02:37.056 [Test worker] INFO  manager.ListenerWD - After Find Element by --> By.cssSelector: [href='/let-car-work']
11:02:37.131 [Test worker] INFO  manager.ListenerWD - Before Find Elements By -->By.id: pickUpPlace
11:02:37.138 [Test worker] INFO  manager.ListenerWD - After Find Element by --> By.id: pickUpPlace
11:02:37.233 [Test worker] INFO  manager.ListenerWD - Before Find Elements By -->By.cssSelector: div.pac-item
11:02:37.513 [Test worker] INFO  manager.ListenerWD - After Find Element by --> By.cssSelector: div.pac-item
11:02:38.048 [Test worker] INFO  manager.ListenerWD - Before Find Elements By -->By.id: make
11:02:38.068 [Test worker] INFO  manager.ListenerWD - After Find Element by --> By.id: make
11:02:38.180 [Test worker] INFO  manager.ListenerWD - Before Find Elements By -->By.id: model
11:02:38.187 [Test worker] INFO  manager.ListenerWD - After Find Element by --> By.id: model
11:02:38.253 [Test worker] INFO  manager.ListenerWD - Before Find Elements By -->By.id: year
11:02:38.259 [Test worker] INFO  manager.ListenerWD - After Find Element by --> By.id: year
11:02:38.338 [Test worker] INFO  manager.ListenerWD - Before Find Elements By -->By.id: engine
11:02:38.345 [Test worker] INFO  manager.ListenerWD - After Find Element by --> By.id: engine
11:02:38.472 [Test worker] INFO  manager.ListenerWD - Before Find Elements By -->By.id: fuel
11:02:38.479 [Test worker] INFO  manager.ListenerWD - After Find Element by --> By.id: fuel
11:02:38.533 [Test worker] INFO  manager.ListenerWD - Before Find Elements By -->By.id: gear
11:02:38.541 [Test worker] INFO  manager.ListenerWD - After Find Element by --> By.id: gear
11:02:38.580 [Test worker] INFO  manager.ListenerWD - Before Find Elements By -->By.id: wheelsDrive
11:02:38.587 [Test worker] INFO  manager.ListenerWD - After Find Element by --> By.id: wheelsDrive
11:02:38.634 [Test worker] INFO  manager.ListenerWD - Before Find Elements By -->By.id: doors
11:02:38.642 [Test worker] INFO  manager.ListenerWD - After Find Element by --> By.id: doors
11:02:38.730 [Test worker] INFO  manager.ListenerWD - Before Find Elements By -->By.id: seats
11:02:38.737 [Test worker] INFO  manager.ListenerWD - After Find Element by --> By.id: seats
11:02:38.812 [Test worker] INFO  manager.ListenerWD - Before Find Elements By -->By.id: class
11:02:38.819 [Test worker] INFO  manager.ListenerWD - After Find Element by --> By.id: class
11:02:38.909 [Test worker] INFO  manager.ListenerWD - Before Find Elements By -->By.id: fuelConsumption
11:02:38.917 [Test worker] INFO  manager.ListenerWD - After Find Element by --> By.id: fuelConsumption
11:02:39.001 [Test worker] INFO  manager.ListenerWD - Before Find Elements By -->By.id: serialNumber
11:02:39.015 [Test worker] INFO  manager.ListenerWD - After Find Element by --> By.id: serialNumber
11:02:39.105 [Test worker] INFO  manager.ListenerWD - Before Find Elements By -->By.id: price
11:02:39.112 [Test worker] INFO  manager.ListenerWD - After Find Element by --> By.id: price
11:02:39.189 [Test worker] INFO  manager.ListenerWD - Before Find Elements By -->By.id: distance
11:02:39.196 [Test worker] INFO  manager.ListenerWD - After Find Element by --> By.id: distance
11:02:39.277 [Test worker] INFO  manager.ListenerWD - Before Find Elements By -->By.cssSelector: .feature-input
11:02:39.284 [Test worker] INFO  manager.ListenerWD - After Find Element by --> By.cssSelector: .feature-input
11:02:39.360 [Test worker] INFO  manager.ListenerWD - Before Find Elements By -->By.id: about
11:02:39.366 [Test worker] INFO  manager.ListenerWD - After Find Element by --> By.id: about
11:02:39.461 [Test worker] INFO  manager.ListenerWD - Before Find Elements By -->By.id: photos
11:02:39.469 [Test worker] INFO  manager.ListenerWD - After Find Element by --> By.id: photos
11:02:39.495 [Test worker] INFO  manager.ListenerWD - Before Find Elements By -->By.xpath: //button[@type='submit']
11:02:39.502 [Test worker] INFO  manager.ListenerWD - After Find Element by --> By.xpath: //button[@type='submit']
11:02:41.105 [Test worker] INFO  manager.ListenerWD - Before Find Elements By -->By.xpath: //button[@type='submit']
11:02:41.118 [Test worker] INFO  manager.ListenerWD - After Find Element by --> By.xpath: //button[@type='submit']
11:02:41.175 [Test worker] INFO  manager.ListenerWD - Before Find Elements By -->By.cssSelector: div.dialog-container
11:02:42.369 [Test worker] INFO  manager.ListenerWD - After Find Element by --> By.cssSelector: div.dialog-container
11:02:42.395 [Test worker] INFO  manager.ListenerWD - Before Find Elements By -->By.cssSelector: div.dialog-container>h1
11:02:42.402 [Test worker] INFO  manager.ListenerWD - After Find Element by --> By.cssSelector: div.dialog-container>h1
11:02:42.412 [Test worker] INFO  TestBase - In assert checked message 'Car added' in dialog  
11:02:42.412 [Test worker] INFO  manager.ListenerWD - Before Find Elements By -->By.xpath: //button[text()='Search cars']
11:02:42.419 [Test worker] INFO  manager.ListenerWD - After Find Element by --> By.xpath: //button[text()='Search cars']
11:02:42.611 [Test worker] INFO  TestBase - START TEST WITH NAME: addCarSuccessDP
11:02:42.632 [Test worker] INFO  manager.ListenerWD - After FInd Elements By -->By.xpath: //*[text()=' Logout ']
11:02:42.632 [Test worker] INFO  manager.ListenerWD - List size is-->1
11:02:42.632 [Test worker] INFO  TestBase - The test used car model : Car(location=Tel-Aviv, Israel, make=Kia, model=Rio, year=2016, engine=2.5, fuel=Petrol, gear=AT, wD=AWD, doors=4, seats=5, carClass=C, fuelConsumption=6.5, carNumber=758-321-16, price=40, distanceIncluded=5, features=1000, about=Features)
11:02:44.637 [Test worker] INFO  manager.ListenerWD - Before Find Elements By -->By.cssSelector: [href='/let-car-work']
11:02:44.653 [Test worker] INFO  manager.ListenerWD - After Find Element by --> By.cssSelector: [href='/let-car-work']
11:02:44.707 [Test worker] INFO  manager.ListenerWD - Before Find Elements By -->By.id: pickUpPlace
11:02:44.719 [Test worker] INFO  manager.ListenerWD - After Find Element by --> By.id: pickUpPlace
11:02:44.846 [Test worker] INFO  manager.ListenerWD - Before Find Elements By -->By.cssSelector: div.pac-item
11:02:45.134 [Test worker] INFO  manager.ListenerWD - After Find Element by --> By.cssSelector: div.pac-item
11:02:45.708 [Test worker] INFO  manager.ListenerWD - Before Find Elements By -->By.id: make
11:02:45.727 [Test worker] INFO  manager.ListenerWD - After Find Element by --> By.id: make
11:02:45.838 [Test worker] INFO  manager.ListenerWD - Before Find Elements By -->By.id: model
11:02:45.844 [Test worker] INFO  manager.ListenerWD - After Find Element by --> By.id: model
11:02:45.911 [Test worker] INFO  manager.ListenerWD - Before Find Elements By -->By.id: year
11:02:45.916 [Test worker] INFO  manager.ListenerWD - After Find Element by --> By.id: year
11:02:45.995 [Test worker] INFO  manager.ListenerWD - Before Find Elements By -->By.id: engine
11:02:46.005 [Test worker] INFO  manager.ListenerWD - After Find Element by --> By.id: engine
11:02:46.086 [Test worker] INFO  manager.ListenerWD - Before Find Elements By -->By.id: fuel
11:02:46.092 [Test worker] INFO  manager.ListenerWD - After Find Element by --> By.id: fuel
11:02:46.147 [Test worker] INFO  manager.ListenerWD - Before Find Elements By -->By.id: gear
11:02:46.158 [Test worker] INFO  manager.ListenerWD - After Find Element by --> By.id: gear
11:02:46.213 [Test worker] INFO  manager.ListenerWD - Before Find Elements By -->By.id: wheelsDrive
11:02:46.222 [Test worker] INFO  manager.ListenerWD - After Find Element by --> By.id: wheelsDrive
11:02:46.262 [Test worker] INFO  manager.ListenerWD - Before Find Elements By -->By.id: doors
11:02:46.268 [Test worker] INFO  manager.ListenerWD - After Find Element by --> By.id: doors
11:02:46.357 [Test worker] INFO  manager.ListenerWD - Before Find Elements By -->By.id: seats
11:02:46.363 [Test worker] INFO  manager.ListenerWD - After Find Element by --> By.id: seats
11:02:46.439 [Test worker] INFO  manager.ListenerWD - Before Find Elements By -->By.id: class
11:02:46.445 [Test worker] INFO  manager.ListenerWD - After Find Element by --> By.id: class
11:02:46.549 [Test worker] INFO  manager.ListenerWD - Before Find Elements By -->By.id: fuelConsumption
11:02:46.557 [Test worker] INFO  manager.ListenerWD - After Find Element by --> By.id: fuelConsumption
11:02:46.643 [Test worker] INFO  manager.ListenerWD - Before Find Elements By -->By.id: serialNumber
11:02:46.649 [Test worker] INFO  manager.ListenerWD - After Find Element by --> By.id: serialNumber
11:02:46.730 [Test worker] INFO  manager.ListenerWD - Before Find Elements By -->By.id: price
11:02:46.738 [Test worker] INFO  manager.ListenerWD - After Find Element by --> By.id: price
11:02:46.820 [Test worker] INFO  manager.ListenerWD - Before Find Elements By -->By.id: distance
11:02:46.827 [Test worker] INFO  manager.ListenerWD - After Find Element by --> By.id: distance
11:02:46.907 [Test worker] INFO  manager.ListenerWD - Before Find Elements By -->By.cssSelector: .feature-input
11:02:46.913 [Test worker] INFO  manager.ListenerWD - After Find Element by --> By.cssSelector: .feature-input
11:02:46.993 [Test worker] INFO  manager.ListenerWD - Before Find Elements By -->By.id: about
11:02:46.999 [Test worker] INFO  manager.ListenerWD - After Find Element by --> By.id: about
11:02:47.082 [Test worker] INFO  manager.ListenerWD - Before Find Elements By -->By.id: photos
11:02:47.090 [Test worker] INFO  manager.ListenerWD - After Find Element by --> By.id: photos
11:02:47.116 [Test worker] INFO  manager.ListenerWD - Before Find Elements By -->By.xpath: //button[@type='submit']
11:02:47.127 [Test worker] INFO  manager.ListenerWD - After Find Element by --> By.xpath: //button[@type='submit']
11:02:48.210 [Test worker] INFO  manager.ListenerWD - Before Find Elements By -->By.xpath: //button[@type='submit']
11:02:48.221 [Test worker] INFO  manager.ListenerWD - After Find Element by --> By.xpath: //button[@type='submit']
11:02:48.274 [Test worker] INFO  manager.ListenerWD - Before Find Elements By -->By.cssSelector: div.dialog-container
11:02:49.314 [Test worker] INFO  manager.ListenerWD - After Find Element by --> By.cssSelector: div.dialog-container
11:02:49.322 [Test worker] INFO  manager.ListenerWD - Before Find Elements By -->By.cssSelector: div.dialog-container>h1
11:02:49.328 [Test worker] INFO  manager.ListenerWD - After Find Element by --> By.cssSelector: div.dialog-container>h1
11:02:49.365 [Test worker] INFO  TestBase - In assert checked message 'Car added' in dialog  
11:02:49.366 [Test worker] INFO  manager.ListenerWD - Before Find Elements By -->By.xpath: //button[text()='Search cars']
11:02:49.372 [Test worker] INFO  manager.ListenerWD - After Find Element by --> By.xpath: //button[text()='Search cars']
11:02:49.399 [Test worker] INFO  TestBase - START TEST WITH NAME: loginSuccess
11:02:49.416 [Test worker] INFO  manager.ListenerWD - After FInd Elements By -->By.xpath: //*[text()=' Logout ']
11:02:49.416 [Test worker] INFO  manager.ListenerWD - List size is-->1
11:02:49.416 [Test worker] INFO  manager.ListenerWD - Before Find Elements By -->By.xpath: //*[text()=' Logout ']
11:02:49.427 [Test worker] INFO  manager.ListenerWD - After Find Element by --> By.xpath: //*[text()=' Logout ']
11:02:49.620 [Test worker] INFO  TestBase - User logged out
11:02:49.621 [Test worker] INFO  TestBase - Login scenario success was used data emailsonka04@gmail.com && password Sonka04$
11:02:49.622 [Test worker] INFO  manager.ListenerWD - Before Find Elements By -->By.xpath: //*[text()=' Log in ']
11:02:49.629 [Test worker] INFO  manager.ListenerWD - After Find Element by --> By.xpath: //*[text()=' Log in ']
11:02:49.690 [Test worker] INFO  manager.ListenerWD - Before Find Elements By -->By.id: email
11:02:49.697 [Test worker] INFO  manager.ListenerWD - After Find Element by --> By.id: email
11:02:49.812 [Test worker] INFO  manager.ListenerWD - Before Find Elements By -->By.id: password
11:02:49.819 [Test worker] INFO  manager.ListenerWD - After Find Element by --> By.id: password
11:02:49.888 [Test worker] INFO  manager.ListenerWD - Before Find Elements By -->By.xpath: //button[@type='submit']
11:02:49.895 [Test worker] INFO  manager.ListenerWD - After Find Element by --> By.xpath: //button[@type='submit']
11:02:49.906 [Test worker] INFO  manager.ListenerWD - Before Find Elements By -->By.xpath: //button[@type='submit']
11:02:49.913 [Test worker] INFO  manager.ListenerWD - After Find Element by --> By.xpath: //button[@type='submit']
11:02:49.939 [Test worker] INFO  manager.ListenerWD - Before Find Elements By -->By.cssSelector: div.dialog-container
11:02:50.431 [Test worker] INFO  manager.ListenerWD - After Find Element by --> By.cssSelector: div.dialog-container
11:02:50.977 [Test worker] INFO  manager.ListenerWD - Before Find Elements By -->By.cssSelector: h2.message
11:02:50.994 [Test worker] INFO  manager.ListenerWD - After Find Element by --> By.cssSelector: h2.message
11:02:51.010 [Test worker] INFO  TestBase - Assert for successful login passed
11:02:51.019 [Test worker] INFO  manager.ListenerWD - After FInd Elements By -->By.xpath: //button[text()='Ok']
11:02:51.019 [Test worker] INFO  manager.ListenerWD - List size is-->1
11:02:51.019 [Test worker] INFO  manager.ListenerWD - Before Find Elements By -->By.xpath: //button[text()='Ok']
11:02:51.027 [Test worker] INFO  manager.ListenerWD - After Find Element by --> By.xpath: //button[text()='Ok']
11:02:51.058 [Test worker] INFO  TestBase - START TEST WITH NAME: loginSuccess
11:02:51.065 [Test worker] INFO  manager.ListenerWD - After FInd Elements By -->By.xpath: //*[text()=' Logout ']
11:02:51.065 [Test worker] INFO  manager.ListenerWD - List size is-->1
11:02:51.065 [Test worker] INFO  manager.ListenerWD - Before Find Elements By -->By.xpath: //*[text()=' Logout ']
11:02:51.071 [Test worker] INFO  manager.ListenerWD - After Find Element by --> By.xpath: //*[text()=' Logout ']
11:02:51.116 [Test worker] INFO  TestBase - User logged out
11:02:51.116 [Test worker] INFO  TestBase - Login scenario success was used data emailsonka04@gmail.com && password Sonka04$
11:02:51.116 [Test worker] INFO  manager.ListenerWD - Before Find Elements By -->By.xpath: //*[text()=' Log in ']
11:02:51.122 [Test worker] INFO  manager.ListenerWD - After Find Element by --> By.xpath: //*[text()=' Log in ']
11:02:51.174 [Test worker] INFO  manager.ListenerWD - Before Find Elements By -->By.id: email
11:02:51.181 [Test worker] INFO  manager.ListenerWD - After Find Element by --> By.id: email
11:02:51.271 [Test worker] INFO  manager.ListenerWD - Before Find Elements By -->By.id: password
11:02:51.278 [Test worker] INFO  manager.ListenerWD - After Find Element by --> By.id: password
11:02:51.360 [Test worker] INFO  manager.ListenerWD - Before Find Elements By -->By.xpath: //button[@type='submit']
11:02:51.366 [Test worker] INFO  manager.ListenerWD - After Find Element by --> By.xpath: //button[@type='submit']
11:02:51.380 [Test worker] INFO  manager.ListenerWD - Before Find Elements By -->By.xpath: //button[@type='submit']
11:02:51.386 [Test worker] INFO  manager.ListenerWD - After Find Element by --> By.xpath: //button[@type='submit']
11:02:51.412 [Test worker] INFO  manager.ListenerWD - Before Find Elements By -->By.cssSelector: div.dialog-container
11:02:51.930 [Test worker] INFO  manager.ListenerWD - After Find Element by --> By.cssSelector: div.dialog-container
11:02:52.462 [Test worker] INFO  manager.ListenerWD - Before Find Elements By -->By.cssSelector: h2.message
11:02:52.474 [Test worker] INFO  manager.ListenerWD - After Find Element by --> By.cssSelector: h2.message
11:02:52.489 [Test worker] INFO  TestBase - Assert for successful login passed
11:02:52.499 [Test worker] INFO  manager.ListenerWD - After FInd Elements By -->By.xpath: //button[text()='Ok']
11:02:52.499 [Test worker] INFO  manager.ListenerWD - List size is-->1
11:02:52.499 [Test worker] INFO  manager.ListenerWD - Before Find Elements By -->By.xpath: //button[text()='Ok']
11:02:52.507 [Test worker] INFO  manager.ListenerWD - After Find Element by --> By.xpath: //button[text()='Ok']
11:02:52.533 [Test worker] INFO  TestBase - START TEST WITH NAME: loginSuccessModels
11:02:52.540 [Test worker] INFO  manager.ListenerWD - After FInd Elements By -->By.xpath: //*[text()=' Logout ']
11:02:52.540 [Test worker] INFO  manager.ListenerWD - List size is-->1
11:02:52.540 [Test worker] INFO  manager.ListenerWD - Before Find Elements By -->By.xpath: //*[text()=' Logout ']
11:02:52.546 [Test worker] INFO  manager.ListenerWD - After Find Element by --> By.xpath: //*[text()=' Logout ']
11:02:52.603 [Test worker] INFO  TestBase - User logged out
11:02:52.604 [Test worker] INFO  manager.ListenerWD - Before Find Elements By -->By.xpath: //*[text()=' Log in ']
11:02:52.615 [Test worker] INFO  manager.ListenerWD - After Find Element by --> By.xpath: //*[text()=' Log in ']
11:02:52.721 [Test worker] INFO  manager.ListenerWD - Before Find Elements By -->By.id: email
11:02:52.730 [Test worker] INFO  manager.ListenerWD - After Find Element by --> By.id: email
11:02:52.986 [Test worker] INFO  manager.ListenerWD - Before Find Elements By -->By.id: password
11:02:52.994 [Test worker] INFO  manager.ListenerWD - After Find Element by --> By.id: password
11:02:53.067 [Test worker] INFO  manager.ListenerWD - Before Find Elements By -->By.xpath: //button[@type='submit']
11:02:53.072 [Test worker] INFO  manager.ListenerWD - After Find Element by --> By.xpath: //button[@type='submit']
11:02:53.085 [Test worker] INFO  manager.ListenerWD - Before Find Elements By -->By.xpath: //button[@type='submit']
11:02:53.090 [Test worker] INFO  manager.ListenerWD - After Find Element by --> By.xpath: //button[@type='submit']
11:02:53.153 [Test worker] INFO  manager.ListenerWD - Before Find Elements By -->By.cssSelector: div.dialog-container
11:02:53.486 [Test worker] INFO  manager.ListenerWD - After Find Element by --> By.cssSelector: div.dialog-container
11:02:53.495 [Test worker] INFO  manager.ListenerWD - Before Find Elements By -->By.cssSelector: h2.message
11:02:53.502 [Test worker] INFO  manager.ListenerWD - After Find Element by --> By.cssSelector: h2.message
11:02:53.518 [Test worker] INFO  manager.ListenerWD - After FInd Elements By -->By.xpath: //*[text()=' Logout ']
11:02:53.518 [Test worker] INFO  manager.ListenerWD - List size is-->1
11:02:53.518 [Test worker] INFO  TestBase - User logged in successfully with such data: sonka04@gmail.com, Sonka04$
11:02:53.518 [Test worker] INFO  TestBase - Assert for successful login passed
11:02:53.525 [Test worker] INFO  manager.ListenerWD - After FInd Elements By -->By.xpath: //button[text()='Ok']
11:02:53.525 [Test worker] INFO  manager.ListenerWD - List size is-->1
11:02:53.525 [Test worker] INFO  manager.ListenerWD - Before Find Elements By -->By.xpath: //button[text()='Ok']
11:02:53.531 [Test worker] INFO  manager.ListenerWD - After Find Element by --> By.xpath: //button[text()='Ok']
11:02:53.569 [Test worker] INFO  TestBase - START TEST WITH NAME: loginSuccessModelsDP
11:02:53.575 [Test worker] INFO  manager.ListenerWD - After FInd Elements By -->By.xpath: //*[text()=' Logout ']
11:02:53.575 [Test worker] INFO  manager.ListenerWD - List size is-->1
11:02:53.575 [Test worker] INFO  manager.ListenerWD - Before Find Elements By -->By.xpath: //*[text()=' Logout ']
11:02:53.582 [Test worker] INFO  manager.ListenerWD - After Find Element by --> By.xpath: //*[text()=' Logout ']
11:02:53.625 [Test worker] INFO  TestBase - User logged out
11:02:53.629 [Test worker] INFO  manager.ListenerWD - Before Find Elements By -->By.xpath: //*[text()=' Log in ']
11:02:53.638 [Test worker] INFO  manager.ListenerWD - After Find Element by --> By.xpath: //*[text()=' Log in ']
11:02:53.681 [Test worker] INFO  manager.ListenerWD - Before Find Elements By -->By.id: email
11:02:53.688 [Test worker] INFO  manager.ListenerWD - After Find Element by --> By.id: email
11:02:53.783 [Test worker] INFO  manager.ListenerWD - Before Find Elements By -->By.id: password
11:02:53.790 [Test worker] INFO  manager.ListenerWD - After Find Element by --> By.id: password
11:02:53.865 [Test worker] INFO  manager.ListenerWD - Before Find Elements By -->By.xpath: //button[@type='submit']
11:02:53.870 [Test worker] INFO  manager.ListenerWD - After Find Element by --> By.xpath: //button[@type='submit']
11:02:53.883 [Test worker] INFO  manager.ListenerWD - Before Find Elements By -->By.xpath: //button[@type='submit']
11:02:53.889 [Test worker] INFO  manager.ListenerWD - After Find Element by --> By.xpath: //button[@type='submit']
11:02:53.935 [Test worker] INFO  manager.ListenerWD - Before Find Elements By -->By.cssSelector: div.dialog-container
11:02:54.432 [Test worker] INFO  manager.ListenerWD - After Find Element by --> By.cssSelector: div.dialog-container
11:02:54.443 [Test worker] INFO  manager.ListenerWD - Before Find Elements By -->By.cssSelector: h2.message
11:02:54.451 [Test worker] INFO  manager.ListenerWD - After Find Element by --> By.cssSelector: h2.message
11:02:54.469 [Test worker] INFO  manager.ListenerWD - After FInd Elements By -->By.xpath: //*[text()=' Logout ']
11:02:54.469 [Test worker] INFO  manager.ListenerWD - List size is-->1
11:02:54.469 [Test worker] INFO  TestBase - User logged in successfully with such data: sonka04@gmail.com, Sonka04$
11:02:54.476 [Test worker] INFO  manager.ListenerWD - After FInd Elements By -->By.xpath: //button[text()='Ok']
11:02:54.476 [Test worker] INFO  manager.ListenerWD - List size is-->1
11:02:54.476 [Test worker] INFO  manager.ListenerWD - Before Find Elements By -->By.xpath: //button[text()='Ok']
11:02:54.482 [Test worker] INFO  manager.ListenerWD - After Find Element by --> By.xpath: //button[text()='Ok']
11:02:54.505 [Test worker] INFO  TestBase - START TEST WITH NAME: negativeWrongEmail
11:02:54.512 [Test worker] INFO  manager.ListenerWD - After FInd Elements By -->By.xpath: //*[text()=' Logout ']
11:02:54.512 [Test worker] INFO  manager.ListenerWD - List size is-->1
11:02:54.512 [Test worker] INFO  manager.ListenerWD - Before Find Elements By -->By.xpath: //*[text()=' Logout ']
11:02:54.518 [Test worker] INFO  manager.ListenerWD - After Find Element by --> By.xpath: //*[text()=' Logout ']
11:02:54.551 [Test worker] INFO  TestBase - User logged out
11:02:54.552 [Test worker] INFO  manager.ListenerWD - Before Find Elements By -->By.xpath: //*[text()=' Log in ']
11:02:54.558 [Test worker] INFO  manager.ListenerWD - After Find Element by --> By.xpath: //*[text()=' Log in ']
11:02:54.647 [Test worker] INFO  manager.ListenerWD - Before Find Elements By -->By.id: email
11:02:59.689 [Test worker] INFO  manager.ListenerWD - The name of the error methodfindElement
11:02:59.707 [Test worker] INFO  manager.ListenerWD - Error description: org.openqa.selenium.NoSuchElementException: no such element: Unable to locate element: {"method":"css selector","selector":"#email"}
  (Session info: chrome=106.0.5249.119)
For documentation on this error, please visit: https://selenium.dev/exceptions/#no_such_element
Build info: version: '4.4.0', revision: 'e5c75ed026a'
System info: host: 'Gurevichs-MBP.lan', ip: '2a0d:6fc2:4e60:a900:6c9e:3e0c:d52d:ff7d%en0', os.name: 'Mac OS X', os.arch: 'aarch64', os.version: '12.6', java.version: '11.0.16.1'
Driver info: org.openqa.selenium.chrome.ChromeDriver
Command: [f5cf3819be79cf33e587e36e05cdbd27, findElement {using=id, value=email}]
Capabilities {acceptInsecureCerts: false, browserName: chrome, browserVersion: 106.0.5249.119, chrome: {chromedriverVersion: 106.0.5249.61 (511755355844..., userDataDir: /var/folders/1t/ycm_f_n138g...}, goog:chromeOptions: {debuggerAddress: localhost:65096}, networkConnectionEnabled: false, pageLoadStrategy: normal, platformName: MAC, proxy: Proxy(), se:cdp: ws://localhost:65096/devtoo..., se:cdpVersion: 106.0.5249.119, setWindowRect: true, strictFileInteractability: false, timeouts: {implicit: 0, pageLoad: 300000, script: 30000}, unhandledPromptBehavior: dismiss and notify, webauthn:extension:credBlob: true, webauthn:extension:largeBlob: true, webauthn:virtualAuthenticators: true}
Session ID: f5cf3819be79cf33e587e36e05cdbd27
11:02:59.707 [Test worker] INFO  manager.ListenerWD - ******************************
11:02:59.707 [Test worker] INFO  manager.ListenerWD - ChromeDriver: chrome on MAC (f5cf3819be79cf33e587e36e05cdbd27)
11:02:59.709 [Test worker] INFO  manager.ListenerWD - Screen with error is 1266src/test/Screenshots/screen1266.png
11:03:05.528 [Test worker] INFO  manager.ListenerWD - After FInd Elements By -->By.xpath: //button[text()='Ok']
11:03:05.528 [Test worker] INFO  manager.ListenerWD - List size is-->0
11:03:05.529 [Test worker] INFO  TestBase - START TEST WITH NAME: negativeWrongPassword
11:03:10.552 [Test worker] INFO  manager.ListenerWD - After FInd Elements By -->By.xpath: //*[text()=' Logout ']
11:03:10.553 [Test worker] INFO  manager.ListenerWD - List size is-->0
11:03:10.553 [Test worker] INFO  TestBase - User logged out
11:03:10.553 [Test worker] INFO  manager.ListenerWD - Before Find Elements By -->By.xpath: //*[text()=' Log in ']
11:03:10.560 [Test worker] INFO  manager.ListenerWD - After Find Element by --> By.xpath: //*[text()=' Log in ']
11:03:10.598 [Test worker] INFO  manager.ListenerWD - Before Find Elements By -->By.id: email
11:03:10.604 [Test worker] INFO  manager.ListenerWD - After Find Element by --> By.id: email
11:03:10.696 [Test worker] INFO  manager.ListenerWD - Before Find Elements By -->By.id: password
11:03:10.702 [Test worker] INFO  manager.ListenerWD - After Find Element by --> By.id: password
11:03:10.772 [Test worker] INFO  manager.ListenerWD - Before Find Elements By -->By.xpath: //button[@type='submit']
11:03:10.780 [Test worker] INFO  manager.ListenerWD - After Find Element by --> By.xpath: //button[@type='submit']
11:03:10.794 [Test worker] INFO  manager.ListenerWD - Before Find Elements By -->By.xpath: //button[@type='submit']
11:03:10.799 [Test worker] INFO  manager.ListenerWD - After Find Element by --> By.xpath: //button[@type='submit']
11:03:10.828 [Test worker] INFO  manager.ListenerWD - Before Find Elements By -->By.cssSelector: div.cdk-overlay-pane
11:03:11.272 [Test worker] INFO  manager.ListenerWD - After Find Element by --> By.cssSelector: div.cdk-overlay-pane
11:03:11.280 [Test worker] INFO  manager.ListenerWD - Before Find Elements By -->By.cssSelector: h1.title
11:03:11.289 [Test worker] INFO  manager.ListenerWD - After Find Element by --> By.cssSelector: h1.title
11:03:11.310 [Test worker] INFO  manager.ListenerWD - After FInd Elements By -->By.xpath: //button[text()='Ok']
11:03:11.310 [Test worker] INFO  manager.ListenerWD - List size is-->1
11:03:11.310 [Test worker] INFO  manager.ListenerWD - Before Find Elements By -->By.xpath: //button[text()='Ok']
11:03:11.316 [Test worker] INFO  manager.ListenerWD - After Find Element by --> By.xpath: //button[text()='Ok']
11:03:11.346 [Test worker] INFO  TestBase - START TEST WITH NAME: registrationWrongPassword
11:03:16.380 [Test worker] INFO  manager.ListenerWD - After FInd Elements By -->By.xpath: //*[text()=' Logout ']
11:03:16.380 [Test worker] INFO  manager.ListenerWD - List size is-->0
11:03:16.381 [Test worker] INFO  manager.ListenerWD - Before Find Elements By -->By.xpath: //a[text()=' Sign up ']
11:03:16.391 [Test worker] INFO  manager.ListenerWD - After Find Element by --> By.xpath: //a[text()=' Sign up ']
11:03:16.528 [Test worker] INFO  manager.ListenerWD - Before Find Elements By -->By.cssSelector: #name
11:03:16.538 [Test worker] INFO  manager.ListenerWD - After Find Element by --> By.cssSelector: #name
11:03:16.632 [Test worker] INFO  manager.ListenerWD - Before Find Elements By -->By.cssSelector: #lastName
11:03:16.641 [Test worker] INFO  manager.ListenerWD - After Find Element by --> By.cssSelector: #lastName
11:03:16.707 [Test worker] INFO  manager.ListenerWD - Before Find Elements By -->By.id: email
11:03:16.713 [Test worker] INFO  manager.ListenerWD - After Find Element by --> By.id: email
11:03:16.864 [Test worker] INFO  manager.ListenerWD - Before Find Elements By -->By.id: password
11:03:16.872 [Test worker] INFO  manager.ListenerWD - After Find Element by --> By.id: password
11:03:16.950 [Test worker] INFO  manager.ListenerWD - Before Find Elements By -->By.cssSelector: label[for='terms-of-use']
11:03:16.960 [Test worker] INFO  manager.ListenerWD - After Find Element by --> By.cssSelector: label[for='terms-of-use']
11:03:16.988 [Test worker] INFO  manager.ListenerWD - Before Find Elements By -->By.xpath: //button[@type='submit']
11:03:16.995 [Test worker] INFO  manager.ListenerWD - After Find Element by --> By.xpath: //button[@type='submit']
11:03:27.350 [Test worker] INFO  manager.ListenerWD - After FInd Elements By -->By.xpath: //button[text()='Ok']
11:03:27.351 [Test worker] INFO  manager.ListenerWD - List size is-->0
11:03:27.353 [Test worker] INFO  TestBase - START TEST WITH NAME: searchCurrentMonthSuccessFromMainPage
11:03:27.353 [Test worker] INFO  manager.ListenerWD - Before Find Elements By -->By.cssSelector: #city
11:03:32.383 [Test worker] INFO  manager.ListenerWD - The name of the error methodfindElement
11:03:32.384 [Test worker] INFO  manager.ListenerWD - Error description: org.openqa.selenium.NoSuchElementException: no such element: Unable to locate element: {"method":"css selector","selector":"#city"}
  (Session info: chrome=106.0.5249.119)
For documentation on this error, please visit: https://selenium.dev/exceptions/#no_such_element
Build info: version: '4.4.0', revision: 'e5c75ed026a'
System info: host: 'Gurevichs-MBP.lan', ip: '2a0d:6fc2:4e60:a900:6c9e:3e0c:d52d:ff7d%en0', os.name: 'Mac OS X', os.arch: 'aarch64', os.version: '12.6', java.version: '11.0.16.1'
Driver info: org.openqa.selenium.chrome.ChromeDriver
Command: [f5cf3819be79cf33e587e36e05cdbd27, findElement {using=css selector, value=#city}]
Capabilities {acceptInsecureCerts: false, browserName: chrome, browserVersion: 106.0.5249.119, chrome: {chromedriverVersion: 106.0.5249.61 (511755355844..., userDataDir: /var/folders/1t/ycm_f_n138g...}, goog:chromeOptions: {debuggerAddress: localhost:65096}, networkConnectionEnabled: false, pageLoadStrategy: normal, platformName: MAC, proxy: Proxy(), se:cdp: ws://localhost:65096/devtoo..., se:cdpVersion: 106.0.5249.119, setWindowRect: true, strictFileInteractability: false, timeouts: {implicit: 0, pageLoad: 300000, script: 30000}, unhandledPromptBehavior: dismiss and notify, webauthn:extension:credBlob: true, webauthn:extension:largeBlob: true, webauthn:virtualAuthenticators: true}
Session ID: f5cf3819be79cf33e587e36e05cdbd27
11:03:32.384 [Test worker] INFO  manager.ListenerWD - ******************************
11:03:32.384 [Test worker] INFO  manager.ListenerWD - ChromeDriver: chrome on MAC (f5cf3819be79cf33e587e36e05cdbd27)
11:03:32.384 [Test worker] INFO  manager.ListenerWD - Screen with error is 1036src/test/Screenshots/screen1036.png
11:03:33.294 [Test worker] INFO  TestBase - START TEST WITH NAME: searchNextMonthSuccess
11:03:33.294 [Test worker] INFO  manager.ListenerWD - Before Find Elements By -->By.cssSelector: #city
11:03:38.309 [Test worker] INFO  manager.ListenerWD - The name of the error methodfindElement
11:03:38.309 [Test worker] INFO  manager.ListenerWD - Error description: org.openqa.selenium.NoSuchElementException: no such element: Unable to locate element: {"method":"css selector","selector":"#city"}
  (Session info: chrome=106.0.5249.119)
For documentation on this error, please visit: https://selenium.dev/exceptions/#no_such_element
Build info: version: '4.4.0', revision: 'e5c75ed026a'
System info: host: 'Gurevichs-MBP.lan', ip: '2a0d:6fc2:4e60:a900:6c9e:3e0c:d52d:ff7d%en0', os.name: 'Mac OS X', os.arch: 'aarch64', os.version: '12.6', java.version: '11.0.16.1'
Driver info: org.openqa.selenium.chrome.ChromeDriver
Command: [f5cf3819be79cf33e587e36e05cdbd27, findElement {using=css selector, value=#city}]
Capabilities {acceptInsecureCerts: false, browserName: chrome, browserVersion: 106.0.5249.119, chrome: {chromedriverVersion: 106.0.5249.61 (511755355844..., userDataDir: /var/folders/1t/ycm_f_n138g...}, goog:chromeOptions: {debuggerAddress: localhost:65096}, networkConnectionEnabled: false, pageLoadStrategy: normal, platformName: MAC, proxy: Proxy(), se:cdp: ws://localhost:65096/devtoo..., se:cdpVersion: 106.0.5249.119, setWindowRect: true, strictFileInteractability: false, timeouts: {implicit: 0, pageLoad: 300000, script: 30000}, unhandledPromptBehavior: dismiss and notify, webauthn:extension:credBlob: true, webauthn:extension:largeBlob: true, webauthn:virtualAuthenticators: true}
Session ID: f5cf3819be79cf33e587e36e05cdbd27
11:03:38.309 [Test worker] INFO  manager.ListenerWD - ******************************
11:03:38.309 [Test worker] INFO  manager.ListenerWD - ChromeDriver: chrome on MAC (f5cf3819be79cf33e587e36e05cdbd27)
11:03:38.309 [Test worker] INFO  manager.ListenerWD - Screen with error is 1808src/test/Screenshots/screen1808.png
11:03:39.181 [Test worker] INFO  TestBase - START TEST WITH NAME: searchNextMonthSuccessFromHeader
11:03:39.183 [Test worker] INFO  manager.ListenerWD - Before Find Elements By -->By.cssSelector: [href='/search']
11:03:39.191 [Test worker] INFO  manager.ListenerWD - After Find Element by --> By.cssSelector: [href='/search']
11:03:39.234 [Test worker] INFO  manager.ListenerWD - Before Find Elements By -->By.cssSelector: #city
11:03:39.241 [Test worker] INFO  manager.ListenerWD - After Find Element by --> By.cssSelector: #city
11:03:39.341 [Test worker] INFO  manager.ListenerWD - Before Find Elements By -->By.cssSelector: div.pac-item
11:03:39.692 [Test worker] INFO  manager.ListenerWD - After Find Element by --> By.cssSelector: div.pac-item
11:03:40.225 [Test worker] INFO  manager.ListenerWD - Before Find Elements By -->By.cssSelector: #dates
11:03:40.234 [Test worker] INFO  manager.ListenerWD - After Find Element by --> By.cssSelector: #dates
11:03:40.774 [Test worker] INFO  manager.ListenerWD - After FInd Elements By -->By.xpath: //*[text()=' OCT 2022 ']
11:03:40.775 [Test worker] INFO  manager.ListenerWD - List size is-->1
11:03:40.775 [Test worker] INFO  manager.ListenerWD - Before Find Elements By -->By.xpath: //div[text()=' 25 ']
11:03:40.784 [Test worker] INFO  manager.ListenerWD - After Find Element by --> By.xpath: //div[text()=' 25 ']
11:03:40.926 [Test worker] INFO  manager.ListenerWD - Before Find Elements By -->By.xpath: //div[text()=' 30 ']
11:03:40.935 [Test worker] INFO  manager.ListenerWD - After Find Element by --> By.xpath: //div[text()=' 30 ']
11:03:40.992 [Test worker] INFO  manager.ListenerWD - Before Find Elements By -->By.xpath: //button[@type='submit']
11:03:40.998 [Test worker] INFO  manager.ListenerWD - After Find Element by --> By.xpath: //button[@type='submit']
11:03:41.013 [Test worker] INFO  manager.ListenerWD - Before Find Elements By -->By.xpath: //button[@type='submit']
11:03:41.018 [Test worker] INFO  manager.ListenerWD - After Find Element by --> By.xpath: //button[@type='submit']
11:03:42.421 [Test worker] INFO  manager.ListenerWD - After FInd Elements By -->By.cssSelector: .car-img-container
11:03:42.421 [Test worker] INFO  manager.ListenerWD - List size is-->10
