10:55:03.932 [Test worker] INFO  manager.ApplicationManager - Chrome Driver was opened
10:55:08.084 [Test worker] INFO  manager.ApplicationManager - Current URL --> https://ilcarro-1578153671498.web.app/search
10:55:08.106 [Test worker] INFO  TestBase - START TEST WITH NAME: searchNextMonthSuccessFromHeader
10:55:08.107 [Test worker] INFO  manager.ListenerWD - Before Find Elements By -->By.cssSelector: [href='/search']
10:55:08.143 [Test worker] INFO  manager.ListenerWD - After Find Element by --> By.cssSelector: [href='/search']
10:55:08.329 [Test worker] INFO  manager.ListenerWD - Before Find Elements By -->By.cssSelector: #city
10:55:08.345 [Test worker] INFO  manager.ListenerWD - After Find Element by --> By.cssSelector: #city
10:55:08.975 [Test worker] INFO  manager.ListenerWD - Before Find Elements By -->By.cssSelector: div.pac-item
10:55:11.641 [Test worker] INFO  manager.ListenerWD - After Find Element by --> By.cssSelector: div.pac-item
10:55:13.471 [Test worker] INFO  manager.ListenerWD - Before Find Elements By -->By.cssSelector: #dates
10:55:13.491 [Test worker] INFO  manager.ListenerWD - After Find Element by --> By.cssSelector: #dates
10:55:14.200 [Test worker] INFO  manager.ListenerWD - After FInd Elements By -->By.xpath: //*[text()=' OCT 2022 ']
10:55:14.201 [Test worker] INFO  manager.ListenerWD - List size is-->2
10:55:14.201 [Test worker] INFO  manager.ListenerWD - Before Find Elements By -->By.xpath: //div[text()=' 25 ']
10:55:14.217 [Test worker] INFO  manager.ListenerWD - After Find Element by --> By.xpath: //div[text()=' 25 ']
10:55:14.364 [Test worker] INFO  manager.ListenerWD - Before Find Elements By -->By.xpath: //div[text()=' 30 ']
10:55:14.377 [Test worker] INFO  manager.ListenerWD - After Find Element by --> By.xpath: //div[text()=' 30 ']
10:55:15.155 [Test worker] INFO  manager.ListenerWD - Before Find Elements By -->By.xpath: //button[@type='submit']
10:55:15.172 [Test worker] INFO  manager.ListenerWD - After Find Element by --> By.xpath: //button[@type='submit']
10:55:15.208 [Test worker] INFO  manager.ListenerWD - Before Find Elements By -->By.xpath: //button[@type='submit']
10:55:15.217 [Test worker] INFO  manager.ListenerWD - After Find Element by --> By.xpath: //button[@type='submit']
10:55:17.482 [Test worker] INFO  manager.ListenerWD - After FInd Elements By -->By.cssSelector: .car-img-container
10:55:17.482 [Test worker] INFO  manager.ListenerWD - List size is-->10
