17:22:56.480 [Test worker] INFO  manager.ApplicationManager - Chrome Driver was opened
17:23:00.131 [Test worker] INFO  manager.ApplicationManager - Current URL --> https://ilcarro-1578153671498.web.app/search
17:23:00.154 [Test worker] INFO  TestBase - START TEST WITH NAME: searchInPast
17:23:00.155 [Test worker] INFO  manager.ListenerWD - Before Find Elements By -->By.cssSelector: #city
17:23:00.243 [Test worker] INFO  manager.ListenerWD - After Find Element by --> By.cssSelector: #city
17:23:00.833 [Test worker] INFO  manager.ListenerWD - Before Find Elements By -->By.cssSelector: div.pac-item
17:23:01.740 [Test worker] INFO  manager.ListenerWD - After Find Element by --> By.cssSelector: div.pac-item
17:23:03.015 [Test worker] INFO  manager.ListenerWD - Before Find Elements By -->By.id: dates
17:23:03.111 [Test worker] INFO  manager.ListenerWD - After Find Element by --> By.id: dates
17:23:06.885 [Test worker] INFO  manager.ListenerWD - Before Find Elements By -->By.xpath: //button[@type='submit']
17:23:07.029 [Test worker] INFO  manager.ListenerWD - After Find Element by --> By.xpath: //button[@type='submit']
17:23:07.064 [Test worker] INFO  manager.ListenerWD - Before Find Elements By -->By.xpath: //button[@type='submit']
17:23:07.073 [Test worker] INFO  manager.ListenerWD - After Find Element by --> By.xpath: //button[@type='submit']
17:23:08.147 [Test worker] INFO  manager.ListenerWD - The name of the error methodclick
17:23:08.170 [Test worker] INFO  manager.ListenerWD - Error description: org.openqa.selenium.ElementClickInterceptedException: element click intercepted: Element <button _ngcontent-pgr-c72="" type="submit" disabled="">...</button> is not clickable at point (207, 398). Other element would receive the click: <div class="cdk-overlay-backdrop mat-overlay-transparent-backdrop cdk-overlay-backdrop-showing"></div>
  (Session info: chrome=106.0.5249.119)
Build info: version: '4.4.0', revision: 'e5c75ed026a'
System info: host: 'Gurevichs-MBP.lan', ip: '2a0d:6fc2:4e60:a900:6c9e:3e0c:d52d:ff7d%en0', os.name: 'Mac OS X', os.arch: 'aarch64', os.version: '12.6', java.version: '11.0.16.1'
Driver info: org.openqa.selenium.chrome.ChromeDriver
Command: [21c550309e5902e5dfac352afe56585e, clickElement {id=ca9be745-1e68-4e2a-a84b-62c2850d551a}]
Capabilities {acceptInsecureCerts: false, browserName: chrome, browserVersion: 106.0.5249.119, chrome: {chromedriverVersion: 106.0.5249.61 (511755355844..., userDataDir: /var/folders/1t/ycm_f_n138g...}, goog:chromeOptions: {debuggerAddress: localhost:62249}, networkConnectionEnabled: false, pageLoadStrategy: normal, platformName: MAC, proxy: Proxy(), se:cdp: ws://localhost:62249/devtoo..., se:cdpVersion: 106.0.5249.119, setWindowRect: true, strictFileInteractability: false, timeouts: {implicit: 0, pageLoad: 300000, script: 30000}, unhandledPromptBehavior: dismiss and notify, webauthn:extension:credBlob: true, webauthn:extension:largeBlob: true, webauthn:virtualAuthenticators: true}
Element: [[ChromeDriver: chrome on MAC (21c550309e5902e5dfac352afe56585e)] -> xpath: //button[@type='submit']]
Session ID: 21c550309e5902e5dfac352afe56585e
17:23:08.171 [Test worker] INFO  manager.ListenerWD - ******************************
17:23:08.171 [Test worker] INFO  manager.ListenerWD - [[ChromeDriver: chrome on MAC (21c550309e5902e5dfac352afe56585e)] -> xpath: //button[@type='submit']]
17:23:08.173 [Test worker] INFO  manager.ListenerWD - Screen with error is 1435src/test/Screenshots/screen1435.png
