18:23:26.969 [Test worker] INFO  manager.ApplicationManager - FireFox was opened
18:23:29.517 [Test worker] INFO  manager.ApplicationManager - Current URL --> https://ilcarro-1578153671498.web.app/search
18:23:29.538 [Test worker] INFO  TestBase - START TEST WITH NAME: addCarSuccess
18:23:34.562 [Test worker] INFO  manager.ListenerWD - After FInd Elements By -->By.xpath: //*[text()=' Logout ']
18:23:34.563 [Test worker] INFO  manager.ListenerWD - List size is-->0
18:23:34.564 [Test worker] INFO  manager.ListenerWD - Before Find Elements By -->By.xpath: //*[text()=' Log in ']
18:23:34.586 [Test worker] INFO  manager.ListenerWD - After Find Element by --> By.xpath: //*[text()=' Log in ']
18:23:34.876 [Test worker] INFO  manager.ListenerWD - Before Find Elements By -->By.id: email
18:23:34.890 [Test worker] INFO  manager.ListenerWD - After Find Element by --> By.id: email
18:23:35.154 [Test worker] INFO  manager.ListenerWD - Before Find Elements By -->By.id: password
18:23:35.164 [Test worker] INFO  manager.ListenerWD - After Find Element by --> By.id: password
18:23:35.401 [Test worker] INFO  manager.ListenerWD - Before Find Elements By -->By.cssSelector: button[type='submit']
18:23:35.410 [Test worker] INFO  manager.ListenerWD - After Find Element by --> By.cssSelector: button[type='submit']
18:23:35.436 [Test worker] INFO  manager.ListenerWD - Before Find Elements By -->By.cssSelector: button[type='submit']
18:23:35.445 [Test worker] INFO  manager.ListenerWD - After Find Element by --> By.cssSelector: button[type='submit']
18:23:35.977 [Test worker] INFO  manager.ListenerWD - After FInd Elements By -->By.xpath: //button[text()='Ok']
18:23:35.987 [Test worker] INFO  manager.ListenerWD - List size is-->1
18:23:35.987 [Test worker] INFO  manager.ListenerWD - Before Find Elements By -->By.xpath: //button[text()='Ok']
18:23:35.996 [Test worker] INFO  manager.ListenerWD - After Find Element by --> By.xpath: //button[text()='Ok']
18:23:36.222 [Test worker] INFO  TestBase - The test used car model : Car(location=Haifa, Israel, make=BMW, model=M5, year=2020, engine=2.5, fuel=Petrol, gear=AT, wD=AWD, doors=5, seats=4, carClass=C, fuelConsumption=6.5, carNumber=11-000-357, price=65, distanceIncluded=800, features=Type of features, about=very nice car)
18:23:38.228 [Test worker] INFO  manager.ListenerWD - Before Find Elements By -->By.cssSelector: [href='/let-car-work']
18:23:38.246 [Test worker] INFO  manager.ListenerWD - After Find Element by --> By.cssSelector: [href='/let-car-work']
18:23:38.536 [Test worker] INFO  manager.ListenerWD - Before Find Elements By -->By.id: pickUpPlace
18:23:38.547 [Test worker] INFO  manager.ListenerWD - After Find Element by --> By.id: pickUpPlace
18:23:38.837 [Test worker] INFO  manager.ListenerWD - Before Find Elements By -->By.cssSelector: div.pac-item
18:23:39.149 [Test worker] INFO  manager.ListenerWD - After Find Element by --> By.cssSelector: div.pac-item
18:23:40.369 [Test worker] INFO  manager.ListenerWD - Before Find Elements By -->By.id: make
18:23:40.394 [Test worker] INFO  manager.ListenerWD - After Find Element by --> By.id: make
18:23:40.651 [Test worker] INFO  manager.ListenerWD - Before Find Elements By -->By.id: model
18:23:40.663 [Test worker] INFO  manager.ListenerWD - After Find Element by --> By.id: model
18:23:40.903 [Test worker] INFO  manager.ListenerWD - Before Find Elements By -->By.id: year
18:23:40.913 [Test worker] INFO  manager.ListenerWD - After Find Element by --> By.id: year
18:23:41.162 [Test worker] INFO  manager.ListenerWD - Before Find Elements By -->By.id: engine
18:23:41.172 [Test worker] INFO  manager.ListenerWD - After Find Element by --> By.id: engine
18:23:41.418 [Test worker] INFO  manager.ListenerWD - Before Find Elements By -->By.id: fuel
18:23:41.429 [Test worker] INFO  manager.ListenerWD - After Find Element by --> By.id: fuel
18:23:41.656 [Test worker] INFO  manager.ListenerWD - Before Find Elements By -->By.id: gear
18:23:41.667 [Test worker] INFO  manager.ListenerWD - After Find Element by --> By.id: gear
18:23:41.895 [Test worker] INFO  manager.ListenerWD - Before Find Elements By -->By.id: wheelsDrive
18:23:41.907 [Test worker] INFO  manager.ListenerWD - After Find Element by --> By.id: wheelsDrive
18:23:42.139 [Test worker] INFO  manager.ListenerWD - Before Find Elements By -->By.id: doors
18:23:42.150 [Test worker] INFO  manager.ListenerWD - After Find Element by --> By.id: doors
18:23:42.385 [Test worker] INFO  manager.ListenerWD - Before Find Elements By -->By.id: seats
18:23:42.395 [Test worker] INFO  manager.ListenerWD - After Find Element by --> By.id: seats
18:23:42.633 [Test worker] INFO  manager.ListenerWD - Before Find Elements By -->By.id: class
18:23:42.639 [Test worker] INFO  manager.ListenerWD - After Find Element by --> By.id: class
18:23:42.884 [Test worker] INFO  manager.ListenerWD - Before Find Elements By -->By.id: fuelConsumption
18:23:42.895 [Test worker] INFO  manager.ListenerWD - After Find Element by --> By.id: fuelConsumption
18:23:43.140 [Test worker] INFO  manager.ListenerWD - Before Find Elements By -->By.id: serialNumber
18:23:43.149 [Test worker] INFO  manager.ListenerWD - After Find Element by --> By.id: serialNumber
18:23:43.406 [Test worker] INFO  manager.ListenerWD - Before Find Elements By -->By.id: price
18:23:43.412 [Test worker] INFO  manager.ListenerWD - After Find Element by --> By.id: price
18:23:43.646 [Test worker] INFO  manager.ListenerWD - Before Find Elements By -->By.id: distance
18:23:43.655 [Test worker] INFO  manager.ListenerWD - After Find Element by --> By.id: distance
18:23:43.904 [Test worker] INFO  manager.ListenerWD - Before Find Elements By -->By.cssSelector: .feature-input
18:23:43.912 [Test worker] INFO  manager.ListenerWD - After Find Element by --> By.cssSelector: .feature-input
18:23:44.153 [Test worker] INFO  manager.ListenerWD - Before Find Elements By -->By.id: about
18:23:44.162 [Test worker] INFO  manager.ListenerWD - After Find Element by --> By.id: about
18:23:44.415 [Test worker] INFO  manager.ListenerWD - Before Find Elements By -->By.id: photos
18:23:44.421 [Test worker] INFO  manager.ListenerWD - After Find Element by --> By.id: photos
18:23:44.442 [Test worker] INFO  manager.ListenerWD - Before Find Elements By -->By.cssSelector: button[type='submit']
18:23:44.448 [Test worker] INFO  manager.ListenerWD - After Find Element by --> By.cssSelector: button[type='submit']
18:23:46.049 [Test worker] INFO  manager.ListenerWD - Before Find Elements By -->By.cssSelector: button[type='submit']
18:23:46.058 [Test worker] INFO  manager.ListenerWD - After Find Element by --> By.cssSelector: button[type='submit']
18:23:46.285 [Test worker] INFO  manager.ListenerWD - Before Find Elements By -->By.cssSelector: div.dialog-container
18:23:47.261 [Test worker] INFO  manager.ListenerWD - After Find Element by --> By.cssSelector: div.dialog-container
18:23:47.781 [Test worker] INFO  manager.ListenerWD - Before Find Elements By -->By.cssSelector: div.dialog-container>h1
18:23:47.787 [Test worker] INFO  manager.ListenerWD - After Find Element by --> By.cssSelector: div.dialog-container>h1
18:23:47.797 [Test worker] INFO  TestBase - In assert checked message 'Car added' in dialog  
18:23:47.799 [Test worker] INFO  manager.ListenerWD - Before Find Elements By -->By.xpath: //button[text()='Search cars']
18:23:47.804 [Test worker] INFO  manager.ListenerWD - After Find Element by --> By.xpath: //button[text()='Search cars']
18:23:48.015 [Test worker] INFO  manager.HelperBase - We returned to Home Page
18:23:48.021 [Test worker] INFO  TestBase - START TEST WITH NAME: addCarSuccessDP
18:23:48.028 [Test worker] INFO  manager.ListenerWD - After FInd Elements By -->By.xpath: //*[text()=' Logout ']
18:23:48.028 [Test worker] INFO  manager.ListenerWD - List size is-->1
18:23:48.029 [Test worker] INFO  TestBase - The test used car model : Car(location=Saratov, Russia, make=Mitsubishi, model=Outlander, year=2020, engine=2.5, fuel=Petrol, gear=AT, wD=AWD, doors=2, seats=5, carClass=C, fuelConsumption=6.5, carNumber=A123BA, price=80, distanceIncluded=5, features=200, about=4x4)
18:23:50.033 [Test worker] INFO  manager.ListenerWD - Before Find Elements By -->By.cssSelector: [href='/let-car-work']
18:23:50.047 [Test worker] INFO  manager.ListenerWD - After Find Element by --> By.cssSelector: [href='/let-car-work']
18:23:50.309 [Test worker] INFO  manager.ListenerWD - Before Find Elements By -->By.id: pickUpPlace
18:23:50.319 [Test worker] INFO  manager.ListenerWD - After Find Element by --> By.id: pickUpPlace
18:23:50.617 [Test worker] INFO  manager.ListenerWD - Before Find Elements By -->By.cssSelector: div.pac-item
18:23:50.844 [Test worker] INFO  manager.ListenerWD - After Find Element by --> By.cssSelector: div.pac-item
18:23:52.065 [Test worker] INFO  manager.ListenerWD - Before Find Elements By -->By.id: make
18:23:52.088 [Test worker] INFO  manager.ListenerWD - After Find Element by --> By.id: make
18:23:52.332 [Test worker] INFO  manager.ListenerWD - Before Find Elements By -->By.id: model
18:23:52.340 [Test worker] INFO  manager.ListenerWD - After Find Element by --> By.id: model
18:23:52.588 [Test worker] INFO  manager.ListenerWD - Before Find Elements By -->By.id: year
18:23:52.595 [Test worker] INFO  manager.ListenerWD - After Find Element by --> By.id: year
18:23:52.830 [Test worker] INFO  manager.ListenerWD - Before Find Elements By -->By.id: engine
18:23:52.838 [Test worker] INFO  manager.ListenerWD - After Find Element by --> By.id: engine
18:23:53.072 [Test worker] INFO  manager.ListenerWD - Before Find Elements By -->By.id: fuel
18:23:53.079 [Test worker] INFO  manager.ListenerWD - After Find Element by --> By.id: fuel
18:23:53.313 [Test worker] INFO  manager.ListenerWD - Before Find Elements By -->By.id: gear
18:23:53.322 [Test worker] INFO  manager.ListenerWD - After Find Element by --> By.id: gear
18:23:53.547 [Test worker] INFO  manager.ListenerWD - Before Find Elements By -->By.id: wheelsDrive
18:23:53.558 [Test worker] INFO  manager.ListenerWD - After Find Element by --> By.id: wheelsDrive
18:23:53.795 [Test worker] INFO  manager.ListenerWD - Before Find Elements By -->By.id: doors
18:23:53.804 [Test worker] INFO  manager.ListenerWD - After Find Element by --> By.id: doors
18:23:54.040 [Test worker] INFO  manager.ListenerWD - Before Find Elements By -->By.id: seats
18:23:54.047 [Test worker] INFO  manager.ListenerWD - After Find Element by --> By.id: seats
18:23:54.282 [Test worker] INFO  manager.ListenerWD - Before Find Elements By -->By.id: class
18:23:54.291 [Test worker] INFO  manager.ListenerWD - After Find Element by --> By.id: class
18:23:54.531 [Test worker] INFO  manager.ListenerWD - Before Find Elements By -->By.id: fuelConsumption
18:23:54.540 [Test worker] INFO  manager.ListenerWD - After Find Element by --> By.id: fuelConsumption
18:23:54.777 [Test worker] INFO  manager.ListenerWD - Before Find Elements By -->By.id: serialNumber
18:23:54.783 [Test worker] INFO  manager.ListenerWD - After Find Element by --> By.id: serialNumber
18:23:55.025 [Test worker] INFO  manager.ListenerWD - Before Find Elements By -->By.id: price
18:23:55.031 [Test worker] INFO  manager.ListenerWD - After Find Element by --> By.id: price
18:23:55.263 [Test worker] INFO  manager.ListenerWD - Before Find Elements By -->By.id: distance
18:23:55.272 [Test worker] INFO  manager.ListenerWD - After Find Element by --> By.id: distance
18:23:55.508 [Test worker] INFO  manager.ListenerWD - Before Find Elements By -->By.cssSelector: .feature-input
18:23:55.515 [Test worker] INFO  manager.ListenerWD - After Find Element by --> By.cssSelector: .feature-input
18:23:55.749 [Test worker] INFO  manager.ListenerWD - Before Find Elements By -->By.id: about
18:23:55.758 [Test worker] INFO  manager.ListenerWD - After Find Element by --> By.id: about
18:23:55.997 [Test worker] INFO  manager.ListenerWD - Before Find Elements By -->By.id: photos
18:23:56.005 [Test worker] INFO  manager.ListenerWD - After Find Element by --> By.id: photos
18:23:56.019 [Test worker] INFO  manager.ListenerWD - Before Find Elements By -->By.cssSelector: button[type='submit']
18:23:56.025 [Test worker] INFO  manager.ListenerWD - After Find Element by --> By.cssSelector: button[type='submit']
18:23:57.616 [Test worker] INFO  manager.ListenerWD - Before Find Elements By -->By.cssSelector: button[type='submit']
18:23:57.623 [Test worker] INFO  manager.ListenerWD - After Find Element by --> By.cssSelector: button[type='submit']
18:23:57.841 [Test worker] INFO  manager.ListenerWD - Before Find Elements By -->By.cssSelector: div.dialog-container
18:23:58.126 [Test worker] INFO  manager.ListenerWD - After Find Element by --> By.cssSelector: div.dialog-container
18:23:58.650 [Test worker] INFO  manager.ListenerWD - Before Find Elements By -->By.cssSelector: div.dialog-container>h1
18:23:58.655 [Test worker] INFO  manager.ListenerWD - After Find Element by --> By.cssSelector: div.dialog-container>h1
18:23:58.666 [Test worker] INFO  manager.ListenerWD - Before Find Elements By -->By.xpath: //button[text()='Search cars']
18:24:03.678 [Test worker] INFO  manager.ListenerWD - The name of the error methodfindElement
18:24:03.690 [Test worker] INFO  manager.ListenerWD - Error description: org.openqa.selenium.NoSuchElementException: Unable to locate element: //button[text()='Search cars']
For documentation on this error, please visit: https://selenium.dev/exceptions/#no_such_element
Build info: version: '4.4.0', revision: 'e5c75ed026a'
System info: host: 'Gurevichs-MBP.lan', ip: '2a0d:6fc2:4e60:a900:35ea:43a0:fb74:17d2%en0', os.name: 'Mac OS X', os.arch: 'aarch64', os.version: '12.6', java.version: '11.0.16.1'
Driver info: org.openqa.selenium.firefox.FirefoxDriver
Command: [674639a2-7718-48ca-9af5-f9e0543a49d9, findElement {using=xpath, value=//button[text()='Search cars']}]
Capabilities {acceptInsecureCerts: true, browserName: firefox, browserVersion: 106.0.1, moz:accessibilityChecks: false, moz:buildID: 20221019185550, moz:debuggerAddress: 127.0.0.1:50181, moz:geckodriverVersion: 0.32.0, moz:headless: false, moz:platformVersion: 21.6.0, moz:processID: 18917, moz:profile: /var/folders/1t/ycm_f_n138g..., moz:shutdownTimeout: 60000, moz:useNonSpecCompliantPointerOrigin: false, moz:webdriverClick: true, moz:windowless: false, pageLoadStrategy: normal, platformName: MAC, proxy: Proxy(), se:cdp: ws://127.0.0.1:50181/devtoo..., se:cdpVersion: 85.0, setWindowRect: true, strictFileInteractability: false, timeouts: {implicit: 0, pageLoad: 300000, script: 30000}, unhandledPromptBehavior: dismiss and notify}
Session ID: 674639a2-7718-48ca-9af5-f9e0543a49d9
18:24:03.690 [Test worker] INFO  manager.ListenerWD - ******************************
18:24:03.690 [Test worker] INFO  manager.ListenerWD - FirefoxDriver: firefox on MAC (674639a2-7718-48ca-9af5-f9e0543a49d9)
18:24:03.691 [Test worker] INFO  manager.ListenerWD - Screen with error is 1427src/test/Screenshots/screen1427.png
