17:36:18.581 [Test worker] INFO  manager.ApplicationManager - Chrome Driver was opened
17:36:22.544 [Test worker] INFO  manager.ApplicationManager - Current URL --> https://ilcarro-1578153671498.web.app/search
17:36:22.568 [Test worker] INFO  TestBase - START TEST WITH NAME: searchInPast
17:36:22.570 [Test worker] INFO  manager.ListenerWD - Before Find Elements By -->By.cssSelector: #city
17:36:22.655 [Test worker] INFO  manager.ListenerWD - After Find Element by --> By.cssSelector: #city
17:36:23.263 [Test worker] INFO  manager.ListenerWD - Before Find Elements By -->By.cssSelector: div.pac-item
17:36:23.901 [Test worker] INFO  manager.ListenerWD - After Find Element by --> By.cssSelector: div.pac-item
17:36:25.991 [Test worker] INFO  manager.ListenerWD - Before Find Elements By -->By.id: dates
17:36:26.150 [Test worker] INFO  manager.ListenerWD - After Find Element by --> By.id: dates
17:36:28.857 [Test worker] INFO  manager.ListenerWD - Before Find Elements By -->By.xpath: //button[@type='submit']
17:36:29.204 [Test worker] INFO  manager.ListenerWD - After Find Element by --> By.xpath: //button[@type='submit']
17:36:29.248 [Test worker] INFO  manager.ListenerWD - Before Find Elements By -->By.xpath: //button[@type='submit']
17:36:29.257 [Test worker] INFO  manager.ListenerWD - After Find Element by --> By.xpath: //button[@type='submit']
17:36:29.287 [Test worker] INFO  manager.ListenerWD - After FInd Elements By -->By.cssSelector: button[disabled]
17:36:29.287 [Test worker] INFO  manager.ListenerWD - List size is-->2
17:36:29.287 [Test worker] INFO  manager.ListenerWD - Before Find Elements By -->By.cssSelector: [type='submit']
17:36:29.313 [Test worker] INFO  manager.ListenerWD - After Find Element by --> By.cssSelector: [type='submit']
17:36:29.334 [Test worker] INFO  manager.ListenerWD - After FInd Elements By -->By.cssSelector: button[disabled]
17:36:29.334 [Test worker] INFO  manager.ListenerWD - List size is-->2
17:36:29.334 [Test worker] INFO  manager.ListenerWD - Before Find Elements By -->By.cssSelector: [type='submit']
17:36:29.343 [Test worker] INFO  manager.ListenerWD - After Find Element by --> By.cssSelector: [type='submit']
17:36:29.360 [Test worker] INFO  manager.ListenerWD - After FInd Elements By -->By.cssSelector: div.error>div
17:36:29.360 [Test worker] INFO  manager.ListenerWD - List size is-->1
