17:53:34.472 [Test worker] INFO  manager.ApplicationManager - FireFox was opened
17:53:37.911 [Test worker] INFO  manager.ApplicationManager - Current URL --> https://ilcarro-1578153671498.web.app/search
17:53:37.930 [Test worker] INFO  TestBase - START TEST WITH NAME: addCarSuccess
17:53:42.957 [Test worker] INFO  manager.ListenerWD - After FInd Elements By -->By.xpath: //*[text()=' Logout ']
17:53:42.958 [Test worker] INFO  manager.ListenerWD - List size is-->0
17:53:42.959 [Test worker] INFO  manager.ListenerWD - Before Find Elements By -->By.xpath: //*[text()=' Log in ']
17:53:42.985 [Test worker] INFO  manager.ListenerWD - After Find Element by --> By.xpath: //*[text()=' Log in ']
17:53:43.268 [Test worker] INFO  manager.ListenerWD - Before Find Elements By -->By.id: email
17:53:43.281 [Test worker] INFO  manager.ListenerWD - After Find Element by --> By.id: email
17:53:43.554 [Test worker] INFO  manager.ListenerWD - Before Find Elements By -->By.id: password
17:53:43.563 [Test worker] INFO  manager.ListenerWD - After Find Element by --> By.id: password
17:53:43.809 [Test worker] INFO  manager.ListenerWD - Before Find Elements By -->By.xpath: //button[@type='submit']
17:53:43.818 [Test worker] INFO  manager.ListenerWD - After Find Element by --> By.xpath: //button[@type='submit']
17:53:43.837 [Test worker] INFO  manager.ListenerWD - Before Find Elements By -->By.xpath: //button[@type='submit']
17:53:43.844 [Test worker] INFO  manager.ListenerWD - After Find Element by --> By.xpath: //button[@type='submit']
17:53:43.851 [Test worker] INFO  manager.ListenerWD - Before Find Elements By -->By.xpath: //button[@type='submit']
17:53:43.859 [Test worker] INFO  manager.ListenerWD - After Find Element by --> By.xpath: //button[@type='submit']
17:53:44.315 [Test worker] INFO  manager.ListenerWD - After FInd Elements By -->By.xpath: //button[text()='Ok']
17:53:44.315 [Test worker] INFO  manager.ListenerWD - List size is-->1
17:53:44.315 [Test worker] INFO  manager.ListenerWD - Before Find Elements By -->By.xpath: //button[text()='Ok']
17:53:44.322 [Test worker] INFO  manager.ListenerWD - After Find Element by --> By.xpath: //button[text()='Ok']
17:53:46.543 [Test worker] INFO  manager.ListenerWD - Before Find Elements By -->By.cssSelector: [href='/let-car-work']
17:53:46.571 [Test worker] INFO  manager.ListenerWD - After Find Element by --> By.cssSelector: [href='/let-car-work']
17:53:46.892 [Test worker] INFO  manager.ListenerWD - Before Find Elements By -->By.id: pickUpPlace
17:53:46.903 [Test worker] INFO  manager.ListenerWD - After Find Element by --> By.id: pickUpPlace
17:53:47.207 [Test worker] INFO  manager.ListenerWD - Before Find Elements By -->By.cssSelector: div.pac-item
17:53:47.632 [Test worker] INFO  manager.ListenerWD - After Find Element by --> By.cssSelector: div.pac-item
17:53:48.854 [Test worker] INFO  manager.ListenerWD - Before Find Elements By -->By.id: make
17:53:48.867 [Test worker] INFO  manager.ListenerWD - After Find Element by --> By.id: make
17:53:49.104 [Test worker] INFO  manager.ListenerWD - Before Find Elements By -->By.id: model
17:53:49.114 [Test worker] INFO  manager.ListenerWD - After Find Element by --> By.id: model
17:53:49.356 [Test worker] INFO  manager.ListenerWD - Before Find Elements By -->By.id: year
17:53:49.367 [Test worker] INFO  manager.ListenerWD - After Find Element by --> By.id: year
17:53:49.619 [Test worker] INFO  manager.ListenerWD - Before Find Elements By -->By.id: engine
17:53:49.629 [Test worker] INFO  manager.ListenerWD - After Find Element by --> By.id: engine
17:53:49.873 [Test worker] INFO  manager.ListenerWD - Before Find Elements By -->By.id: fuel
17:53:49.883 [Test worker] INFO  manager.ListenerWD - After Find Element by --> By.id: fuel
17:53:50.118 [Test worker] INFO  manager.ListenerWD - Before Find Elements By -->By.id: gear
17:53:50.129 [Test worker] INFO  manager.ListenerWD - After Find Element by --> By.id: gear
17:53:50.369 [Test worker] INFO  manager.ListenerWD - Before Find Elements By -->By.id: wheelsDrive
17:53:50.375 [Test worker] INFO  manager.ListenerWD - After Find Element by --> By.id: wheelsDrive
17:53:50.606 [Test worker] INFO  manager.ListenerWD - Before Find Elements By -->By.id: doors
17:53:50.613 [Test worker] INFO  manager.ListenerWD - After Find Element by --> By.id: doors
17:53:50.839 [Test worker] INFO  manager.ListenerWD - Before Find Elements By -->By.id: seats
17:53:50.846 [Test worker] INFO  manager.ListenerWD - After Find Element by --> By.id: seats
17:53:51.075 [Test worker] INFO  manager.ListenerWD - Before Find Elements By -->By.id: class
17:53:51.083 [Test worker] INFO  manager.ListenerWD - After Find Element by --> By.id: class
17:53:51.317 [Test worker] INFO  manager.ListenerWD - Before Find Elements By -->By.id: fuelConsumption
17:53:51.326 [Test worker] INFO  manager.ListenerWD - After Find Element by --> By.id: fuelConsumption
17:53:51.566 [Test worker] INFO  manager.ListenerWD - Before Find Elements By -->By.id: serialNumber
17:53:51.574 [Test worker] INFO  manager.ListenerWD - After Find Element by --> By.id: serialNumber
17:53:51.829 [Test worker] INFO  manager.ListenerWD - Before Find Elements By -->By.id: price
17:53:51.835 [Test worker] INFO  manager.ListenerWD - After Find Element by --> By.id: price
17:53:52.068 [Test worker] INFO  manager.ListenerWD - Before Find Elements By -->By.id: distance
17:53:52.075 [Test worker] INFO  manager.ListenerWD - After Find Element by --> By.id: distance
17:53:52.324 [Test worker] INFO  manager.ListenerWD - Before Find Elements By -->By.cssSelector: .feature-input
17:53:52.332 [Test worker] INFO  manager.ListenerWD - After Find Element by --> By.cssSelector: .feature-input
17:53:52.573 [Test worker] INFO  manager.ListenerWD - Before Find Elements By -->By.id: about
17:53:52.589 [Test worker] INFO  manager.ListenerWD - After Find Element by --> By.id: about
17:53:52.884 [Test worker] INFO  manager.ListenerWD - Before Find Elements By -->By.id: photos
17:53:52.891 [Test worker] INFO  manager.ListenerWD - After Find Element by --> By.id: photos
17:53:52.913 [Test worker] INFO  manager.ListenerWD - Before Find Elements By -->By.xpath: //button[@type='submit']
17:53:52.920 [Test worker] INFO  manager.ListenerWD - After Find Element by --> By.xpath: //button[@type='submit']
17:53:52.930 [Test worker] INFO  manager.ListenerWD - Before Find Elements By -->By.xpath: //button[@type='submit']
17:53:52.936 [Test worker] INFO  manager.ListenerWD - After Find Element by --> By.xpath: //button[@type='submit']
17:53:52.940 [Test worker] INFO  manager.ListenerWD - Before Find Elements By -->By.cssSelector: div.dialog-container
17:53:57.961 [Test worker] INFO  manager.ListenerWD - The name of the error methodfindElement
17:53:57.987 [Test worker] INFO  manager.ListenerWD - Error description: org.openqa.selenium.NoSuchElementException: Unable to locate element: div.dialog-container
For documentation on this error, please visit: https://selenium.dev/exceptions/#no_such_element
Build info: version: '4.4.0', revision: 'e5c75ed026a'
System info: host: 'Gurevichs-MBP.lan', ip: '2a0d:6fc2:4e60:a900:35ea:43a0:fb74:17d2%en0', os.name: 'Mac OS X', os.arch: 'aarch64', os.version: '12.6', java.version: '11.0.16.1'
Driver info: org.openqa.selenium.firefox.FirefoxDriver
Command: [355adcc4-8463-4b95-a3dd-c4b7e1b8d34b, findElement {using=css selector, value=div.dialog-container}]
Capabilities {acceptInsecureCerts: true, browserName: firefox, browserVersion: 106.0.1, moz:accessibilityChecks: false, moz:buildID: 20221019185550, moz:debuggerAddress: 127.0.0.1:50343, moz:geckodriverVersion: 0.32.0, moz:headless: false, moz:platformVersion: 21.6.0, moz:processID: 18484, moz:profile: /var/folders/1t/ycm_f_n138g..., moz:shutdownTimeout: 60000, moz:useNonSpecCompliantPointerOrigin: false, moz:webdriverClick: true, moz:windowless: false, pageLoadStrategy: normal, platformName: MAC, proxy: Proxy(), se:cdp: ws://127.0.0.1:50343/devtoo..., se:cdpVersion: 85.0, setWindowRect: true, strictFileInteractability: false, timeouts: {implicit: 0, pageLoad: 300000, script: 30000}, unhandledPromptBehavior: dismiss and notify}
Session ID: 355adcc4-8463-4b95-a3dd-c4b7e1b8d34b
17:53:57.988 [Test worker] INFO  manager.ListenerWD - ******************************
17:53:57.988 [Test worker] INFO  manager.ListenerWD - FirefoxDriver: firefox on MAC (355adcc4-8463-4b95-a3dd-c4b7e1b8d34b)
17:53:57.990 [Test worker] INFO  manager.ListenerWD - Screen with error is 1540src/test/Screenshots/screen1540.png
17:53:57.995 [Test worker] INFO  manager.ListenerWD - Before Find Elements By -->By.xpath: //button[text()='Search cars']
17:54:03.007 [Test worker] INFO  manager.ListenerWD - The name of the error methodfindElement
17:54:03.008 [Test worker] INFO  manager.ListenerWD - Error description: org.openqa.selenium.NoSuchElementException: Unable to locate element: //button[text()='Search cars']
For documentation on this error, please visit: https://selenium.dev/exceptions/#no_such_element
Build info: version: '4.4.0', revision: 'e5c75ed026a'
System info: host: 'Gurevichs-MBP.lan', ip: '2a0d:6fc2:4e60:a900:35ea:43a0:fb74:17d2%en0', os.name: 'Mac OS X', os.arch: 'aarch64', os.version: '12.6', java.version: '11.0.16.1'
Driver info: org.openqa.selenium.firefox.FirefoxDriver
Command: [355adcc4-8463-4b95-a3dd-c4b7e1b8d34b, findElement {using=xpath, value=//button[text()='Search cars']}]
Capabilities {acceptInsecureCerts: true, browserName: firefox, browserVersion: 106.0.1, moz:accessibilityChecks: false, moz:buildID: 20221019185550, moz:debuggerAddress: 127.0.0.1:50343, moz:geckodriverVersion: 0.32.0, moz:headless: false, moz:platformVersion: 21.6.0, moz:processID: 18484, moz:profile: /var/folders/1t/ycm_f_n138g..., moz:shutdownTimeout: 60000, moz:useNonSpecCompliantPointerOrigin: false, moz:webdriverClick: true, moz:windowless: false, pageLoadStrategy: normal, platformName: MAC, proxy: Proxy(), se:cdp: ws://127.0.0.1:50343/devtoo..., se:cdpVersion: 85.0, setWindowRect: true, strictFileInteractability: false, timeouts: {implicit: 0, pageLoad: 300000, script: 30000}, unhandledPromptBehavior: dismiss and notify}
Session ID: 355adcc4-8463-4b95-a3dd-c4b7e1b8d34b
17:54:03.009 [Test worker] INFO  manager.ListenerWD - ******************************
17:54:03.009 [Test worker] INFO  manager.ListenerWD - FirefoxDriver: firefox on MAC (355adcc4-8463-4b95-a3dd-c4b7e1b8d34b)
17:54:03.009 [Test worker] INFO  manager.ListenerWD - Screen with error is 1488src/test/Screenshots/screen1488.png
