17:17:07.721 [Test worker] INFO  manager.ApplicationManager - Chrome Driver was opened
17:17:11.131 [Test worker] INFO  manager.ApplicationManager - Current URL --> https://ilcarro-1578153671498.web.app/search
17:17:11.157 [Test worker] INFO  TestBase - START TEST WITH NAME: searchCurrentMonthSuccessFromMainPage
17:17:11.176 [Test worker] INFO  manager.ListenerWD - Before Find Elements By -->By.cssSelector: #city
17:17:11.241 [Test worker] INFO  manager.ListenerWD - After Find Element by --> By.cssSelector: #city
17:17:11.844 [Test worker] INFO  manager.ListenerWD - Before Find Elements By -->By.cssSelector: div.pac-item
17:17:12.626 [Test worker] INFO  manager.ListenerWD - After Find Element by --> By.cssSelector: div.pac-item
17:17:13.641 [Test worker] INFO  manager.ListenerWD - Before Find Elements By -->By.cssSelector: #dates
17:17:13.737 [Test worker] INFO  manager.ListenerWD - After Find Element by --> By.cssSelector: #dates
17:17:16.137 [Test worker] INFO  manager.ListenerWD - Before Find Elements By -->By.xpath: //div[text()=' 25 ']
17:17:16.341 [Test worker] INFO  manager.ListenerWD - After Find Element by --> By.xpath: //div[text()=' 25 ']
17:17:16.565 [Test worker] INFO  manager.ListenerWD - Before Find Elements By -->By.xpath: //div[text()=' 30 ']
17:17:16.629 [Test worker] INFO  manager.ListenerWD - After Find Element by --> By.xpath: //div[text()=' 30 ']
17:17:16.913 [Test worker] INFO  manager.ListenerWD - Before Find Elements By -->By.xpath: //button[@type='submit']
17:17:16.932 [Test worker] INFO  manager.ListenerWD - After Find Element by --> By.xpath: //button[@type='submit']
17:17:16.967 [Test worker] INFO  manager.ListenerWD - Before Find Elements By -->By.xpath: //button[@type='submit']
17:17:16.977 [Test worker] INFO  manager.ListenerWD - After Find Element by --> By.xpath: //button[@type='submit']
17:17:19.314 [Test worker] INFO  manager.ListenerWD - After FInd Elements By -->By.cssSelector: .car-img-container
17:17:19.315 [Test worker] INFO  manager.ListenerWD - List size is-->10
17:17:19.319 [Test worker] INFO  TestBase - START TEST WITH NAME: searchNextMonthSuccess
17:17:19.319 [Test worker] INFO  manager.ListenerWD - Before Find Elements By -->By.cssSelector: #city
17:17:19.777 [Test worker] INFO  manager.ListenerWD - After Find Element by --> By.cssSelector: #city
17:17:24.737 [Test worker] INFO  manager.ListenerWD - Before Find Elements By -->By.cssSelector: div.pac-item
17:17:24.744 [Test worker] INFO  manager.ListenerWD - After Find Element by --> By.cssSelector: div.pac-item
17:17:25.329 [Test worker] INFO  manager.ListenerWD - Before Find Elements By -->By.cssSelector: [formcontrolname='dates']
17:17:25.357 [Test worker] INFO  manager.ListenerWD - After Find Element by --> By.cssSelector: [formcontrolname='dates']
17:17:25.674 [Test worker] INFO  manager.ListenerWD - After FInd Elements By -->By.cssSelector: [aria-label='Previous month']
17:17:25.674 [Test worker] INFO  manager.ListenerWD - List size is-->1
17:17:25.674 [Test worker] INFO  manager.ListenerWD - Before Find Elements By -->By.cssSelector: [aria-label='Previous month']
17:17:25.684 [Test worker] INFO  manager.ListenerWD - After Find Element by --> By.cssSelector: [aria-label='Previous month']
17:17:25.690 [Test worker] INFO  manager.ListenerWD - Before Find Elements By -->By.cssSelector: .mat-calendar-next-button
17:17:25.700 [Test worker] INFO  manager.ListenerWD - After Find Element by --> By.cssSelector: .mat-calendar-next-button
17:17:25.807 [Test worker] INFO  manager.ListenerWD - Before Find Elements By -->By.xpath: //div[text()=' 25 ']
17:17:25.818 [Test worker] INFO  manager.ListenerWD - After Find Element by --> By.xpath: //div[text()=' 25 ']
17:17:25.942 [Test worker] INFO  manager.ListenerWD - Before Find Elements By -->By.xpath: //div[text()=' 30 ']
17:17:25.950 [Test worker] INFO  manager.ListenerWD - After Find Element by --> By.xpath: //div[text()=' 30 ']
17:17:26.011 [Test worker] INFO  manager.ListenerWD - Before Find Elements By -->By.xpath: //button[@type='submit']
17:17:26.044 [Test worker] INFO  manager.ListenerWD - After Find Element by --> By.xpath: //button[@type='submit']
17:17:26.060 [Test worker] INFO  manager.ListenerWD - Before Find Elements By -->By.xpath: //button[@type='submit']
17:17:26.068 [Test worker] INFO  manager.ListenerWD - After Find Element by --> By.xpath: //button[@type='submit']
17:17:27.070 [Test worker] INFO  manager.ListenerWD - After FInd Elements By -->By.cssSelector: .car-img-container
17:17:27.070 [Test worker] INFO  manager.ListenerWD - List size is-->10
17:17:27.071 [Test worker] INFO  TestBase - START TEST WITH NAME: searchNextMonthSuccessFromHeader
17:17:27.071 [Test worker] INFO  manager.ListenerWD - Before Find Elements By -->By.cssSelector: [href='/search']
17:17:27.107 [Test worker] INFO  manager.ListenerWD - After Find Element by --> By.cssSelector: [href='/search']
17:17:27.173 [Test worker] INFO  manager.ListenerWD - Before Find Elements By -->By.cssSelector: #city
17:17:27.183 [Test worker] INFO  manager.ListenerWD - After Find Element by --> By.cssSelector: #city
17:17:27.671 [Test worker] INFO  manager.ListenerWD - Before Find Elements By -->By.cssSelector: div.pac-item
17:17:27.764 [Test worker] INFO  manager.ListenerWD - After Find Element by --> By.cssSelector: div.pac-item
17:17:32.810 [Test worker] INFO  manager.ListenerWD - The name of the error methodclick
17:17:32.834 [Test worker] INFO  manager.ListenerWD - Error description: org.openqa.selenium.ElementNotInteractableException: element not interactable
  (Session info: chrome=106.0.5249.119)
Build info: version: '4.4.0', revision: 'e5c75ed026a'
System info: host: 'Gurevichs-MBP.lan', ip: '2a0d:6fc2:4e60:a900:6c9e:3e0c:d52d:ff7d%en0', os.name: 'Mac OS X', os.arch: 'aarch64', os.version: '12.6', java.version: '11.0.16.1'
Driver info: org.openqa.selenium.chrome.ChromeDriver
Command: [33edec82ff1293f6a9d7eb331edff698, clickElement {id=3a9987d1-a1b3-45c9-ab18-a1d52efeeffa}]
Capabilities {acceptInsecureCerts: false, browserName: chrome, browserVersion: 106.0.5249.119, chrome: {chromedriverVersion: 106.0.5249.61 (511755355844..., userDataDir: /var/folders/1t/ycm_f_n138g...}, goog:chromeOptions: {debuggerAddress: localhost:62997}, networkConnectionEnabled: false, pageLoadStrategy: normal, platformName: MAC, proxy: Proxy(), se:cdp: ws://localhost:62997/devtoo..., se:cdpVersion: 106.0.5249.119, setWindowRect: true, strictFileInteractability: false, timeouts: {implicit: 0, pageLoad: 300000, script: 30000}, unhandledPromptBehavior: dismiss and notify, webauthn:extension:credBlob: true, webauthn:extension:largeBlob: true, webauthn:virtualAuthenticators: true}
Element: [[ChromeDriver: chrome on MAC (33edec82ff1293f6a9d7eb331edff698)] -> css selector: div.pac-item]
Session ID: 33edec82ff1293f6a9d7eb331edff698
17:17:32.834 [Test worker] INFO  manager.ListenerWD - ******************************
17:17:32.834 [Test worker] INFO  manager.ListenerWD - [[ChromeDriver: chrome on MAC (33edec82ff1293f6a9d7eb331edff698)] -> css selector: div.pac-item]
17:17:32.836 [Test worker] INFO  manager.ListenerWD - Screen with error is 1124src/test/Screenshots/screen1124.png
