17:58:51.818 [Test worker] INFO  manager.ApplicationManager - FireFox was opened
17:58:53.600 [Test worker] INFO  manager.ApplicationManager - Current URL --> https://ilcarro-1578153671498.web.app/search
17:58:53.618 [Test worker] INFO  TestBase - START TEST WITH NAME: addCarSuccess
17:58:58.635 [Test worker] INFO  manager.ListenerWD - After FInd Elements By -->By.xpath: //*[text()=' Logout ']
17:58:58.635 [Test worker] INFO  manager.ListenerWD - List size is-->0
17:58:58.636 [Test worker] INFO  manager.ListenerWD - Before Find Elements By -->By.xpath: //*[text()=' Log in ']
17:58:58.685 [Test worker] INFO  manager.ListenerWD - After Find Element by --> By.xpath: //*[text()=' Log in ']
17:58:58.969 [Test worker] INFO  manager.ListenerWD - Before Find Elements By -->By.id: email
17:58:58.986 [Test worker] INFO  manager.ListenerWD - After Find Element by --> By.id: email
17:58:59.242 [Test worker] INFO  manager.ListenerWD - Before Find Elements By -->By.id: password
17:58:59.255 [Test worker] INFO  manager.ListenerWD - After Find Element by --> By.id: password
17:58:59.517 [Test worker] INFO  manager.ListenerWD - Before Find Elements By -->By.xpath: //button[@type='submit']
17:58:59.525 [Test worker] INFO  manager.ListenerWD - After Find Element by --> By.xpath: //button[@type='submit']
17:58:59.543 [Test worker] INFO  manager.ListenerWD - Before Find Elements By -->By.xpath: //button[@type='submit']
17:58:59.551 [Test worker] INFO  manager.ListenerWD - After Find Element by --> By.xpath: //button[@type='submit']
17:58:59.559 [Test worker] INFO  manager.ListenerWD - Before Find Elements By -->By.xpath: //button[@type='submit']
17:58:59.567 [Test worker] INFO  manager.ListenerWD - After Find Element by --> By.xpath: //button[@type='submit']
17:59:00.022 [Test worker] INFO  manager.ListenerWD - After FInd Elements By -->By.xpath: //button[text()='Ok']
17:59:00.022 [Test worker] INFO  manager.ListenerWD - List size is-->1
17:59:00.022 [Test worker] INFO  manager.ListenerWD - Before Find Elements By -->By.xpath: //button[text()='Ok']
17:59:00.029 [Test worker] INFO  manager.ListenerWD - After Find Element by --> By.xpath: //button[text()='Ok']
17:59:02.249 [Test worker] INFO  manager.ListenerWD - Before Find Elements By -->By.cssSelector: [href='/let-car-work']
17:59:02.271 [Test worker] INFO  manager.ListenerWD - After Find Element by --> By.cssSelector: [href='/let-car-work']
17:59:02.565 [Test worker] INFO  manager.ListenerWD - Before Find Elements By -->By.id: pickUpPlace
17:59:02.576 [Test worker] INFO  manager.ListenerWD - After Find Element by --> By.id: pickUpPlace
17:59:02.871 [Test worker] INFO  manager.ListenerWD - Before Find Elements By -->By.cssSelector: div.pac-item
17:59:03.216 [Test worker] INFO  manager.ListenerWD - After Find Element by --> By.cssSelector: div.pac-item
17:59:04.442 [Test worker] INFO  manager.ListenerWD - Before Find Elements By -->By.id: make
17:59:04.463 [Test worker] INFO  manager.ListenerWD - After Find Element by --> By.id: make
17:59:04.722 [Test worker] INFO  manager.ListenerWD - Before Find Elements By -->By.id: model
17:59:04.730 [Test worker] INFO  manager.ListenerWD - After Find Element by --> By.id: model
17:59:04.975 [Test worker] INFO  manager.ListenerWD - Before Find Elements By -->By.id: year
17:59:04.985 [Test worker] INFO  manager.ListenerWD - After Find Element by --> By.id: year
17:59:05.239 [Test worker] INFO  manager.ListenerWD - Before Find Elements By -->By.id: engine
17:59:05.248 [Test worker] INFO  manager.ListenerWD - After Find Element by --> By.id: engine
17:59:05.491 [Test worker] INFO  manager.ListenerWD - Before Find Elements By -->By.id: fuel
17:59:05.500 [Test worker] INFO  manager.ListenerWD - After Find Element by --> By.id: fuel
17:59:05.736 [Test worker] INFO  manager.ListenerWD - Before Find Elements By -->By.id: gear
17:59:05.746 [Test worker] INFO  manager.ListenerWD - After Find Element by --> By.id: gear
17:59:05.974 [Test worker] INFO  manager.ListenerWD - Before Find Elements By -->By.id: wheelsDrive
17:59:05.986 [Test worker] INFO  manager.ListenerWD - After Find Element by --> By.id: wheelsDrive
17:59:06.226 [Test worker] INFO  manager.ListenerWD - Before Find Elements By -->By.id: doors
17:59:06.237 [Test worker] INFO  manager.ListenerWD - After Find Element by --> By.id: doors
17:59:06.469 [Test worker] INFO  manager.ListenerWD - Before Find Elements By -->By.id: seats
17:59:06.479 [Test worker] INFO  manager.ListenerWD - After Find Element by --> By.id: seats
17:59:06.711 [Test worker] INFO  manager.ListenerWD - Before Find Elements By -->By.id: class
17:59:06.719 [Test worker] INFO  manager.ListenerWD - After Find Element by --> By.id: class
17:59:06.954 [Test worker] INFO  manager.ListenerWD - Before Find Elements By -->By.id: fuelConsumption
17:59:06.965 [Test worker] INFO  manager.ListenerWD - After Find Element by --> By.id: fuelConsumption
17:59:07.204 [Test worker] INFO  manager.ListenerWD - Before Find Elements By -->By.id: serialNumber
17:59:07.211 [Test worker] INFO  manager.ListenerWD - After Find Element by --> By.id: serialNumber
17:59:07.453 [Test worker] INFO  manager.ListenerWD - Before Find Elements By -->By.id: price
17:59:07.459 [Test worker] INFO  manager.ListenerWD - After Find Element by --> By.id: price
17:59:07.703 [Test worker] INFO  manager.ListenerWD - Before Find Elements By -->By.id: distance
17:59:07.709 [Test worker] INFO  manager.ListenerWD - After Find Element by --> By.id: distance
17:59:07.960 [Test worker] INFO  manager.ListenerWD - Before Find Elements By -->By.cssSelector: .feature-input
17:59:07.967 [Test worker] INFO  manager.ListenerWD - After Find Element by --> By.cssSelector: .feature-input
17:59:08.205 [Test worker] INFO  manager.ListenerWD - Before Find Elements By -->By.id: about
17:59:08.212 [Test worker] INFO  manager.ListenerWD - After Find Element by --> By.id: about
17:59:08.508 [Test worker] INFO  manager.ListenerWD - Before Find Elements By -->By.id: photos
17:59:08.514 [Test worker] INFO  manager.ListenerWD - After Find Element by --> By.id: photos
17:59:08.536 [Test worker] INFO  manager.ListenerWD - Before Find Elements By -->By.xpath: //button[@type='submit']
17:59:08.542 [Test worker] INFO  manager.ListenerWD - After Find Element by --> By.xpath: //button[@type='submit']
17:59:08.553 [Test worker] INFO  manager.ListenerWD - Before Find Elements By -->By.xpath: //button[@type='submit']
17:59:08.559 [Test worker] INFO  manager.ListenerWD - After Find Element by --> By.xpath: //button[@type='submit']
17:59:08.562 [Test worker] INFO  manager.ListenerWD - Before Find Elements By -->By.cssSelector: .dialog-container h1
17:59:13.578 [Test worker] INFO  manager.ListenerWD - The name of the error methodfindElement
17:59:13.600 [Test worker] INFO  manager.ListenerWD - Error description: org.openqa.selenium.NoSuchElementException: Unable to locate element: .dialog-container h1
For documentation on this error, please visit: https://selenium.dev/exceptions/#no_such_element
Build info: version: '4.4.0', revision: 'e5c75ed026a'
System info: host: 'Gurevichs-MBP.lan', ip: '2a0d:6fc2:4e60:a900:35ea:43a0:fb74:17d2%en0', os.name: 'Mac OS X', os.arch: 'aarch64', os.version: '12.6', java.version: '11.0.16.1'
Driver info: org.openqa.selenium.firefox.FirefoxDriver
Command: [1c221699-a753-4656-a971-142c2a26547e, findElement {using=css selector, value=.dialog-container h1}]
Capabilities {acceptInsecureCerts: true, browserName: firefox, browserVersion: 106.0.1, moz:accessibilityChecks: false, moz:buildID: 20221019185550, moz:debuggerAddress: 127.0.0.1:64663, moz:geckodriverVersion: 0.32.0, moz:headless: false, moz:platformVersion: 21.6.0, moz:processID: 18545, moz:profile: /var/folders/1t/ycm_f_n138g..., moz:shutdownTimeout: 60000, moz:useNonSpecCompliantPointerOrigin: false, moz:webdriverClick: true, moz:windowless: false, pageLoadStrategy: normal, platformName: MAC, proxy: Proxy(), se:cdp: ws://127.0.0.1:64663/devtoo..., se:cdpVersion: 85.0, setWindowRect: true, strictFileInteractability: false, timeouts: {implicit: 0, pageLoad: 300000, script: 30000}, unhandledPromptBehavior: dismiss and notify}
Session ID: 1c221699-a753-4656-a971-142c2a26547e
17:59:13.600 [Test worker] INFO  manager.ListenerWD - ******************************
17:59:13.600 [Test worker] INFO  manager.ListenerWD - FirefoxDriver: firefox on MAC (1c221699-a753-4656-a971-142c2a26547e)
17:59:13.603 [Test worker] INFO  manager.ListenerWD - Screen with error is 1044src/test/Screenshots/screen1044.png
17:59:13.608 [Test worker] INFO  manager.ListenerWD - Before Find Elements By -->By.xpath: //button[text()='Search cars']
17:59:18.623 [Test worker] INFO  manager.ListenerWD - The name of the error methodfindElement
17:59:18.624 [Test worker] INFO  manager.ListenerWD - Error description: org.openqa.selenium.NoSuchElementException: Unable to locate element: //button[text()='Search cars']
For documentation on this error, please visit: https://selenium.dev/exceptions/#no_such_element
Build info: version: '4.4.0', revision: 'e5c75ed026a'
System info: host: 'Gurevichs-MBP.lan', ip: '2a0d:6fc2:4e60:a900:35ea:43a0:fb74:17d2%en0', os.name: 'Mac OS X', os.arch: 'aarch64', os.version: '12.6', java.version: '11.0.16.1'
Driver info: org.openqa.selenium.firefox.FirefoxDriver
Command: [1c221699-a753-4656-a971-142c2a26547e, findElement {using=xpath, value=//button[text()='Search cars']}]
Capabilities {acceptInsecureCerts: true, browserName: firefox, browserVersion: 106.0.1, moz:accessibilityChecks: false, moz:buildID: 20221019185550, moz:debuggerAddress: 127.0.0.1:64663, moz:geckodriverVersion: 0.32.0, moz:headless: false, moz:platformVersion: 21.6.0, moz:processID: 18545, moz:profile: /var/folders/1t/ycm_f_n138g..., moz:shutdownTimeout: 60000, moz:useNonSpecCompliantPointerOrigin: false, moz:webdriverClick: true, moz:windowless: false, pageLoadStrategy: normal, platformName: MAC, proxy: Proxy(), se:cdp: ws://127.0.0.1:64663/devtoo..., se:cdpVersion: 85.0, setWindowRect: true, strictFileInteractability: false, timeouts: {implicit: 0, pageLoad: 300000, script: 30000}, unhandledPromptBehavior: dismiss and notify}
Session ID: 1c221699-a753-4656-a971-142c2a26547e
17:59:18.624 [Test worker] INFO  manager.ListenerWD - ******************************
17:59:18.624 [Test worker] INFO  manager.ListenerWD - FirefoxDriver: firefox on MAC (1c221699-a753-4656-a971-142c2a26547e)
17:59:18.624 [Test worker] INFO  manager.ListenerWD - Screen with error is 1186src/test/Screenshots/screen1186.png
